#
# There is insufficient memory for the Java Runtime Environment to continue.
# Native memory allocation (malloc) failed to allocate 966976 bytes for Chunk::new
# Possible reasons:
#   The system is out of physical RAM or swap space
#   The process is running with CompressedOops enabled, and the Java Heap may be blocking the growth of the native heap
# Possible solutions:
#   Reduce memory load on the system
#   Increase physical memory or swap space
#   Check if swap backing store is full
#   Decrease Java heap size (-Xmx/-Xms)
#   Decrease number of Java threads
#   Decrease Java thread stack sizes (-Xss)
#   Set larger code cache with -XX:ReservedCodeCacheSize=
#   JVM is running with Unscaled Compressed Oops mode in which the Java heap is
#     placed in the first 4GB address space. The Java Heap base address is the
#     maximum limit for the native heap growth. Please use -XX:HeapBaseMinAddress
#     to set the Java Heap base and to place the Java Heap above 4GB virtual address.
# This output file may be truncated or incomplete.
#
#  Out of Memory Error (arena.cpp:189), pid=33500, tid=33404
#
# JRE version: OpenJDK Runtime Environment Temurin-17.0.3+7 (17.0.3+7) (build 17.0.3+7)
# Java VM: OpenJDK 64-Bit Server VM Temurin-17.0.3+7 (17.0.3+7, mixed mode, tiered, compressed oops, compressed class ptrs, g1 gc, windows-amd64)
# No core dump will be written. Minidumps are not enabled by default on client versions of Windows
#

---------------  S U M M A R Y ------------

Command Line: -ea -Dfile.encoding=UTF-8 -XX:+ShowCodeDetailsInExceptionMessages org.testng.remote.RemoteTestNG -serport 60322 -protocol json -d C:\ADL Automation Git\adle2eautomation\test-output C:\Users\DIVYAS~1.TEL\AppData\Local\Temp\testng-eclipse-2103052061\testng-customsuite.xml

Host: Intel(R) Xeon(R) CPU E5-2643 0 @ 3.30GHz, 2 cores, 7G,  Windows 10 , 64 bit Build 17763 (10.0.17763.2028)
Time: Tue Aug  2 03:36:55 2022 Pacific Daylight Time elapsed time: 10.631585 seconds (0d 0h 0m 10s)

---------------  T H R E A D  ---------------

Current thread (0x0000024fd446a010):  JavaThread "C2 CompilerThread0" daemon [_thread_in_native, id=33404, stack(0x000000c168b00000,0x000000c168c00000)]


Current CompileTask:
C2:  10631 2407   !   4       jdk.internal.loader.URLClassPath$JarLoader::getResource (354 bytes)

Stack: [0x000000c168b00000,0x000000c168c00000]
Native frames: (J=compiled Java code, j=interpreted, Vv=VM code, C=native code)
V  [jvm.dll+0x675efa]
V  [jvm.dll+0x830a24]
V  [jvm.dll+0x8321ce]
V  [jvm.dll+0x832833]
V  [jvm.dll+0x2454b5]
V  [jvm.dll+0xabd7b]
V  [jvm.dll+0xac30c]
V  [jvm.dll+0x2ac5bf]
V  [jvm.dll+0x57cd09]
V  [jvm.dll+0x22056d]
V  [jvm.dll+0x22094f]
V  [jvm.dll+0x21a1b5]
V  [jvm.dll+0x21767b]
V  [jvm.dll+0x1a3ccd]
V  [jvm.dll+0x227178]
V  [jvm.dll+0x2252bc]
V  [jvm.dll+0x7e673b]
V  [jvm.dll+0x7e0cfa]
V  [jvm.dll+0x674d85]
C  [ucrtbase.dll+0x2268a]
C  [KERNEL32.DLL+0x17974]
C  [ntdll.dll+0x5a2f1]


---------------  P R O C E S S  ---------------

Threads class SMR info:
_java_thread_list=0x0000024fd4e796c0, length=24, elements={
0x0000024fb858a2d0, 0x0000024fd4409b20, 0x0000024fd440c140, 0x0000024fd442d970,
0x0000024fd442e520, 0x0000024fd4454020, 0x0000024fd44548e0, 0x0000024fd446a010,
0x0000024fd446fae0, 0x0000024fd44cdb40, 0x0000024fd45d90e0, 0x0000024fd45fb1a0,
0x0000024fd4d74460, 0x0000024fd55487b0, 0x0000024fd5b13010, 0x0000024fd551c090,
0x0000024fd5af22c0, 0x0000024fd5af2790, 0x0000024fd59d8500, 0x0000024fd59d6cf0,
0x0000024fd59d9840, 0x0000024fd59d9370, 0x0000024fd59d71c0, 0x0000024fd59d7b60
}

Java Threads: ( => current thread )
  0x0000024fb858a2d0 JavaThread "Forwarding maximizeCurrentWindow on session 4242c4a9a858a374d3da208b63bec625 to remote" [_thread_blocked, id=23312, stack(0x000000c167e00000,0x000000c167f00000)]
  0x0000024fd4409b20 JavaThread "Reference Handler" daemon [_thread_blocked, id=25820, stack(0x000000c168500000,0x000000c168600000)]
  0x0000024fd440c140 JavaThread "Finalizer" daemon [_thread_blocked, id=24380, stack(0x000000c168600000,0x000000c168700000)]
  0x0000024fd442d970 JavaThread "Signal Dispatcher" daemon [_thread_blocked, id=30792, stack(0x000000c168700000,0x000000c168800000)]
  0x0000024fd442e520 JavaThread "Attach Listener" daemon [_thread_blocked, id=22688, stack(0x000000c168800000,0x000000c168900000)]
  0x0000024fd4454020 JavaThread "Service Thread" daemon [_thread_blocked, id=21168, stack(0x000000c168900000,0x000000c168a00000)]
  0x0000024fd44548e0 JavaThread "Monitor Deflation Thread" daemon [_thread_blocked, id=32888, stack(0x000000c168a00000,0x000000c168b00000)]
=>0x0000024fd446a010 JavaThread "C2 CompilerThread0" daemon [_thread_in_native, id=33404, stack(0x000000c168b00000,0x000000c168c00000)]
  0x0000024fd446fae0 JavaThread "C1 CompilerThread0" daemon [_thread_blocked, id=33048, stack(0x000000c168c00000,0x000000c168d00000)]
  0x0000024fd44cdb40 JavaThread "Sweeper thread" daemon [_thread_blocked, id=32972, stack(0x000000c168d00000,0x000000c168e00000)]
  0x0000024fd45d90e0 JavaThread "Notification Thread" daemon [_thread_blocked, id=33660, stack(0x000000c168e00000,0x000000c168f00000)]
  0x0000024fd45fb1a0 JavaThread "Common-Cleaner" daemon [_thread_blocked, id=30944, stack(0x000000c169000000,0x000000c169100000)]
  0x0000024fd4d74460 JavaThread "ReaderThread" [_thread_in_native, id=33504, stack(0x000000c169300000,0x000000c169400000)]
  0x0000024fd55487b0 JavaThread "ForkJoinPool.commonPool-worker-1" daemon [_thread_blocked, id=22064, stack(0x000000c169500000,0x000000c169600000)]
  0x0000024fd5b13010 JavaThread "AsyncHttpClient-1-1" daemon [_thread_blocked, id=10820, stack(0x000000c169600000,0x000000c169700000)]
  0x0000024fd551c090 JavaThread "Exec Default Executor" daemon [_thread_in_native, id=6104, stack(0x000000c169700000,0x000000c169800000)]
  0x0000024fd5af22c0 JavaThread "Driver Service Executor" daemon [_thread_blocked, id=14468, stack(0x000000c169800000,0x000000c169900000)]
  0x0000024fd5af2790 JavaThread "Driver Service Executor" daemon [_thread_blocked, id=33540, stack(0x000000c169900000,0x000000c169a00000)]
  0x0000024fd59d8500 JavaThread "UrlChecker-2" daemon [_thread_blocked, id=33548, stack(0x000000c169a00000,0x000000c169b00000)]
  0x0000024fd59d6cf0 JavaThread "Exec Stream Pumper" daemon [_thread_in_native, id=9716, stack(0x000000c169b00000,0x000000c169c00000)]
  0x0000024fd59d9840 JavaThread "Exec Stream Pumper" daemon [_thread_in_native, id=21708, stack(0x000000c169c00000,0x000000c169d00000)]
  0x0000024fd59d9370 JavaThread "AsyncHttpClient-1-2" daemon [_thread_in_native, id=27740, stack(0x000000c169d00000,0x000000c169e00000)]
  0x0000024fd59d71c0 JavaThread "AsyncHttpClient-1-3" daemon [_thread_in_native, id=33432, stack(0x000000c169400000,0x000000c169500000)]
  0x0000024fd59d7b60 JavaThread "AsyncHttpClient-1-4" daemon [_thread_in_native, id=33036, stack(0x000000c169e00000,0x000000c169f00000)]

Other Threads:
  0x0000024fd4405690 VMThread "VM Thread" [stack: 0x000000c168400000,0x000000c168500000] [id=32704]
  0x0000024fd457a020 WatcherThread [stack: 0x000000c168f00000,0x000000c169000000] [id=33024]
  0x0000024fb85e6060 GCTaskThread "GC Thread#0" [stack: 0x000000c167f00000,0x000000c168000000] [id=18440]
  0x0000024fd47fec90 GCTaskThread "GC Thread#1" [stack: 0x000000c169100000,0x000000c169200000] [id=16148]
  0x0000024fb85f7bd0 ConcurrentGCThread "G1 Main Marker" [stack: 0x000000c168000000,0x000000c168100000] [id=12148]
  0x0000024fb85fd5a0 ConcurrentGCThread "G1 Conc#0" [stack: 0x000000c168100000,0x000000c168200000] [id=12032]
  0x0000024fd35f7f50 ConcurrentGCThread "G1 Refine#0" [stack: 0x000000c168200000,0x000000c168300000] [id=24752]
  0x0000024fd35f8970 ConcurrentGCThread "G1 Service" [stack: 0x000000c168300000,0x000000c168400000] [id=12764]

Threads with active compile tasks:
C2 CompilerThread0    10824 2407   !   4       jdk.internal.loader.URLClassPath$JarLoader::getResource (354 bytes)

VM state: not at safepoint (normal execution)

VM Mutex/Monitor currently owned by a thread: None

Heap address: 0x0000000080000000, size: 2048 MB, Compressed Oops mode: 32-bit

CDS archive(s) not mapped
Compressed class space mapped at: 0x0000000100000000-0x0000000140000000, reserved size: 1073741824
Narrow klass base: 0x0000000000000000, Narrow klass shift: 3, Narrow klass range: 0x140000000

GC Precious Log:
 CPUs: 2 total, 2 available
 Memory: 8189M
 Large Page Support: Disabled
 NUMA Support: Disabled
 Compressed Oops: Enabled (32-bit)
 Heap Region Size: 1M
 Heap Min Capacity: 8M
 Heap Initial Capacity: 128M
 Heap Max Capacity: 2G
 Pre-touch: Disabled
 Parallel Workers: 2
 Concurrent Workers: 1
 Concurrent Refinement Workers: 2
 Periodic GC: Disabled

Heap:
 garbage-first heap   total 56320K, used 31288K [0x0000000080000000, 0x0000000100000000)
  region size 1024K, 2 young (2048K), 1 survivors (1024K)
 Metaspace       used 32066K, committed 32256K, reserved 1081344K
  class space    used 3625K, committed 3712K, reserved 1048576K

Heap Regions: E=young(eden), S=young(survivor), O=old, HS=humongous(starts), HC=humongous(continues), CS=collection set, F=free, OA=open archive, CA=closed archive, TAMS=top-at-mark-start (previous, next)
|   0|0x0000000080000000, 0x0000000080100000, 0x0000000080100000|100%| O|  |TAMS 0x0000000080100000, 0x0000000080000000| Untracked 
|   1|0x0000000080100000, 0x0000000080200000, 0x0000000080200000|100%| O|  |TAMS 0x0000000080200000, 0x0000000080100000| Untracked 
|   2|0x0000000080200000, 0x0000000080300000, 0x0000000080300000|100%| O|  |TAMS 0x0000000080300000, 0x0000000080200000| Untracked 
|   3|0x0000000080300000, 0x0000000080400000, 0x0000000080400000|100%|HS|  |TAMS 0x0000000080400000, 0x0000000080300000| Complete 
|   4|0x0000000080400000, 0x0000000080500000, 0x0000000080500000|100%| O|  |TAMS 0x0000000080500000, 0x0000000080400000| Untracked 
|   5|0x0000000080500000, 0x0000000080600000, 0x0000000080600000|100%| O|  |TAMS 0x0000000080600000, 0x0000000080500000| Untracked 
|   6|0x0000000080600000, 0x0000000080700000, 0x0000000080700000|100%| O|  |TAMS 0x0000000080700000, 0x0000000080600000| Untracked 
|   7|0x0000000080700000, 0x000000008075b800, 0x0000000080800000| 35%| O|  |TAMS 0x000000008075b800, 0x0000000080700000| Untracked 
|   8|0x0000000080800000, 0x0000000080900000, 0x0000000080900000|100%| O|  |TAMS 0x0000000080900000, 0x0000000080800000| Untracked 
|   9|0x0000000080900000, 0x0000000080a00000, 0x0000000080a00000|100%| O|  |TAMS 0x0000000080a00000, 0x0000000080900000| Untracked 
|  10|0x0000000080a00000, 0x0000000080b00000, 0x0000000080b00000|100%| O|  |TAMS 0x0000000080b00000, 0x0000000080a00000| Untracked 
|  11|0x0000000080b00000, 0x0000000080c00000, 0x0000000080c00000|100%|HS|  |TAMS 0x0000000080c00000, 0x0000000080b00000| Complete 
|  12|0x0000000080c00000, 0x0000000080d00000, 0x0000000080d00000|100%|HC|  |TAMS 0x0000000080d00000, 0x0000000080c00000| Complete 
|  13|0x0000000080d00000, 0x0000000080e00000, 0x0000000080e00000|100%|HC|  |TAMS 0x0000000080e00000, 0x0000000080d00000| Complete 
|  14|0x0000000080e00000, 0x0000000080f00000, 0x0000000080f00000|100%|HC|  |TAMS 0x0000000080f00000, 0x0000000080e00000| Complete 
|  15|0x0000000080f00000, 0x0000000081000000, 0x0000000081000000|100%|HC|  |TAMS 0x0000000081000000, 0x0000000080f00000| Complete 
|  16|0x0000000081000000, 0x0000000081100000, 0x0000000081100000|100%|HC|  |TAMS 0x0000000081100000, 0x0000000081000000| Complete 
|  17|0x0000000081100000, 0x0000000081200000, 0x0000000081200000|100%|HC|  |TAMS 0x0000000081200000, 0x0000000081100000| Complete 
|  18|0x0000000081200000, 0x0000000081300000, 0x0000000081300000|100%|HC|  |TAMS 0x0000000081300000, 0x0000000081200000| Complete 
|  19|0x0000000081300000, 0x0000000081400000, 0x0000000081400000|100%|HC|  |TAMS 0x0000000081400000, 0x0000000081300000| Complete 
|  20|0x0000000081400000, 0x0000000081500000, 0x0000000081500000|100%|HC|  |TAMS 0x0000000081500000, 0x0000000081400000| Complete 
|  21|0x0000000081500000, 0x0000000081600000, 0x0000000081600000|100%|HC|  |TAMS 0x0000000081600000, 0x0000000081500000| Complete 
|  22|0x0000000081600000, 0x0000000081700000, 0x0000000081700000|100%|HC|  |TAMS 0x0000000081700000, 0x0000000081600000| Complete 
|  23|0x0000000081700000, 0x0000000081800000, 0x0000000081800000|100%|HC|  |TAMS 0x0000000081800000, 0x0000000081700000| Complete 
|  24|0x0000000081800000, 0x0000000081900000, 0x0000000081900000|100%|HC|  |TAMS 0x0000000081900000, 0x0000000081800000| Complete 
|  25|0x0000000081900000, 0x0000000081a00000, 0x0000000081a00000|100%|HC|  |TAMS 0x0000000081a00000, 0x0000000081900000| Complete 
|  26|0x0000000081a00000, 0x0000000081b00000, 0x0000000081b00000|100%|HC|  |TAMS 0x0000000081b00000, 0x0000000081a00000| Complete 
|  27|0x0000000081b00000, 0x0000000081c00000, 0x0000000081c00000|100%|HC|  |TAMS 0x0000000081c00000, 0x0000000081b00000| Complete 
|  28|0x0000000081c00000, 0x0000000081d00000, 0x0000000081d00000|100%| O|  |TAMS 0x0000000081d00000, 0x0000000081c00000| Untracked 
|  29|0x0000000081d00000, 0x0000000081e00000, 0x0000000081e00000|100%| O|  |TAMS 0x0000000081d40400, 0x0000000081d00000| Untracked 
|  30|0x0000000081e00000, 0x0000000081e00000, 0x0000000081f00000|  0%| F|  |TAMS 0x0000000081e00000, 0x0000000081e00000| Untracked 
|  31|0x0000000081f00000, 0x0000000081fdec00, 0x0000000082000000| 87%| O|  |TAMS 0x0000000081f00000, 0x0000000081f00000| Untracked 
|  32|0x0000000082000000, 0x0000000082000000, 0x0000000082100000|  0%| F|  |TAMS 0x0000000082000000, 0x0000000082000000| Untracked 
|  33|0x0000000082100000, 0x0000000082100000, 0x0000000082200000|  0%| F|  |TAMS 0x0000000082100000, 0x0000000082100000| Untracked 
|  34|0x0000000082200000, 0x0000000082200000, 0x0000000082300000|  0%| F|  |TAMS 0x0000000082200000, 0x0000000082200000| Untracked 
|  35|0x0000000082300000, 0x0000000082300000, 0x0000000082400000|  0%| F|  |TAMS 0x0000000082300000, 0x0000000082300000| Untracked 
|  36|0x0000000082400000, 0x0000000082400000, 0x0000000082500000|  0%| F|  |TAMS 0x0000000082400000, 0x0000000082400000| Untracked 
|  37|0x0000000082500000, 0x0000000082500000, 0x0000000082600000|  0%| F|  |TAMS 0x0000000082500000, 0x0000000082500000| Untracked 
|  38|0x0000000082600000, 0x0000000082600000, 0x0000000082700000|  0%| F|  |TAMS 0x0000000082600000, 0x0000000082600000| Untracked 
|  39|0x0000000082700000, 0x0000000082700000, 0x0000000082800000|  0%| F|  |TAMS 0x0000000082700000, 0x0000000082700000| Untracked 
|  40|0x0000000082800000, 0x0000000082800000, 0x0000000082900000|  0%| F|  |TAMS 0x0000000082800000, 0x0000000082800000| Untracked 
|  41|0x0000000082900000, 0x0000000082900000, 0x0000000082a00000|  0%| F|  |TAMS 0x0000000082900000, 0x0000000082900000| Untracked 
|  42|0x0000000082a00000, 0x0000000082a00000, 0x0000000082b00000|  0%| F|  |TAMS 0x0000000082a00000, 0x0000000082a00000| Untracked 
|  43|0x0000000082b00000, 0x0000000082b00000, 0x0000000082c00000|  0%| F|  |TAMS 0x0000000082b00000, 0x0000000082b00000| Untracked 
|  44|0x0000000082c00000, 0x0000000082c00000, 0x0000000082d00000|  0%| F|  |TAMS 0x0000000082c00000, 0x0000000082c00000| Untracked 
|  45|0x0000000082d00000, 0x0000000082d00000, 0x0000000082e00000|  0%| F|  |TAMS 0x0000000082d00000, 0x0000000082d00000| Untracked 
|  46|0x0000000082e00000, 0x0000000082e00000, 0x0000000082f00000|  0%| F|  |TAMS 0x0000000082e00000, 0x0000000082e00000| Untracked 
|  47|0x0000000082f00000, 0x0000000082f00000, 0x0000000083000000|  0%| F|  |TAMS 0x0000000082f00000, 0x0000000082f00000| Untracked 
|  48|0x0000000083000000, 0x0000000083000000, 0x0000000083100000|  0%| F|  |TAMS 0x0000000083000000, 0x0000000083000000| Untracked 
|  49|0x0000000083100000, 0x0000000083100000, 0x0000000083200000|  0%| F|  |TAMS 0x0000000083100000, 0x0000000083100000| Untracked 
|  50|0x0000000083200000, 0x0000000083200000, 0x0000000083300000|  0%| F|  |TAMS 0x0000000083200000, 0x0000000083200000| Untracked 
| 102|0x0000000086600000, 0x0000000086600000, 0x0000000086700000|  0%| F|  |TAMS 0x0000000086600000, 0x0000000086600000| Untracked 
| 103|0x0000000086700000, 0x0000000086753d90, 0x0000000086800000| 32%| S|CS|TAMS 0x0000000086700000, 0x0000000086700000| Complete 
| 104|0x0000000086800000, 0x0000000086800000, 0x0000000086900000|  0%| F|  |TAMS 0x0000000086800000, 0x0000000086800000| Untracked 
| 127|0x0000000087f00000, 0x0000000087febba0, 0x0000000088000000| 92%| E|  |TAMS 0x0000000087f00000, 0x0000000087f00000| Complete 

Card table byte_map: [0x0000024fccc30000,0x0000024fcd030000] _byte_map_base: 0x0000024fcc830000

Marking Bits (Prev, Next): (CMBitMap*) 0x0000024fb85e6670, (CMBitMap*) 0x0000024fb85e66b0
 Prev Bits: [0x0000024fcd430000, 0x0000024fcf430000)
 Next Bits: [0x0000024fcf430000, 0x0000024fd1430000)

Polling page: 0x0000024fb8350000

Metaspace:

Usage:
  Non-class:     27.77 MB used.
      Class:      3.54 MB used.
       Both:     31.31 MB used.

Virtual space:
  Non-class space:       32.00 MB reserved,      27.88 MB ( 87%) committed,  4 nodes.
      Class space:        1.00 GB reserved,       3.63 MB ( <1%) committed,  1 nodes.
             Both:        1.03 GB reserved,      31.50 MB (  3%) committed. 

Chunk freelists:
   Non-Class:  16.00 KB
       Class:  416.00 KB
        Both:  432.00 KB

MaxMetaspaceSize: unlimited
CompressedClassSpaceSize: 1.00 GB
Initial GC threshold: 21.00 MB
Current GC threshold: 52.31 MB
CDS: off
MetaspaceReclaimPolicy: balanced
 - commit_granule_bytes: 65536.
 - commit_granule_words: 8192.
 - virtual_space_node_default_size: 1048576.
 - enlarge_chunks_in_place: 1.
 - new_chunks_are_fully_committed: 0.
 - uncommit_free_chunks: 1.
 - use_allocation_guard: 0.
 - handle_deallocations: 1.


Internal statistics:

num_allocs_failed_limit: 3.
num_arena_births: 178.
num_arena_deaths: 0.
num_vsnodes_births: 5.
num_vsnodes_deaths: 0.
num_space_committed: 504.
num_space_uncommitted: 0.
num_chunks_returned_to_freelist: 3.
num_chunks_taken_from_freelist: 739.
num_chunk_merges: 0.
num_chunk_splits: 491.
num_chunks_enlarged: 384.
num_purges: 0.
num_inconsistent_stats: 0.

CodeHeap 'non-profiled nmethods': size=120064Kb used=1048Kb max_used=1048Kb free=119015Kb
 bounds [0x0000024fc4ee0000, 0x0000024fc5150000, 0x0000024fcc420000]
CodeHeap 'profiled nmethods': size=120000Kb used=4883Kb max_used=4883Kb free=115116Kb
 bounds [0x0000024fbd9b0000, 0x0000024fbde80000, 0x0000024fc4ee0000]
CodeHeap 'non-nmethods': size=5696Kb used=1287Kb max_used=1303Kb free=4408Kb
 bounds [0x0000024fbd420000, 0x0000024fbd690000, 0x0000024fbd9b0000]
 total_blobs=3080 nmethods=2483 adapters=510
 compilation: enabled
              stopped_count=0, restarted_count=0
 full_count=0

Compilation events (20 events):
Event: 10.565 Thread 0x0000024fd446fae0 nmethod 2475 0x0000024fbde71990 code [0x0000024fbde71b40, 0x0000024fbde71d48]
Event: 10.565 Thread 0x0000024fd446fae0 2476       3       java.util.Arrays::binarySearch (9 bytes)
Event: 10.565 Thread 0x0000024fd446fae0 nmethod 2476 0x0000024fbde71e90 code [0x0000024fbde72020, 0x0000024fbde72148]
Event: 10.565 Thread 0x0000024fd446fae0 2477       3       java.util.Arrays::binarySearch0 (72 bytes)
Event: 10.566 Thread 0x0000024fd446fae0 nmethod 2477 0x0000024fbde72210 code [0x0000024fbde723c0, 0x0000024fbde72658]
Event: 10.566 Thread 0x0000024fd446fae0 2478       3       com.google.common.base.CharMatcher$JavaIsoControl::matches (25 bytes)
Event: 10.566 Thread 0x0000024fd446fae0 nmethod 2478 0x0000024fbde72790 code [0x0000024fbde72920, 0x0000024fbde72af8]
Event: 10.566 Thread 0x0000024fd446fae0 2479       3       com.google.common.base.CharMatcher$IsNot::matches (14 bytes)
Event: 10.567 Thread 0x0000024fd446fae0 nmethod 2479 0x0000024fbde72b90 code [0x0000024fbde72d20, 0x0000024fbde72e98]
Event: 10.567 Thread 0x0000024fd446fae0 2480       1       com.google.common.collect.ImmutableMultimap::asMap (5 bytes)
Event: 10.567 Thread 0x0000024fd446fae0 nmethod 2480 0x0000024fc4fe5610 code [0x0000024fc4fe57a0, 0x0000024fc4fe5878]
Event: 10.569 Thread 0x0000024fd446fae0 2481       1       java.util.stream.ReduceOps$Box::get (5 bytes)
Event: 10.570 Thread 0x0000024fd446fae0 nmethod 2481 0x0000024fc4fe5910 code [0x0000024fc4fe5aa0, 0x0000024fc4fe5b78]
Event: 10.570 Thread 0x0000024fd446fae0 2482       3       io.netty.util.internal.shaded.org.jctools.queues.LinkedArrayQueueUtil::modifiedCalcCircularRefElementOffset (14 bytes)
Event: 10.571 Thread 0x0000024fd446fae0 nmethod 2482 0x0000024fbde72f10 code [0x0000024fbde730a0, 0x0000024fbde73198]
Event: 10.571 Thread 0x0000024fd446fae0 2483       3       io.netty.util.internal.PlatformDependent::putByte (7 bytes)
Event: 10.571 Thread 0x0000024fd446fae0 nmethod 2483 0x0000024fbde73210 code [0x0000024fbde733a0, 0x0000024fbde734a8]
Event: 10.571 Thread 0x0000024fd446fae0 2484       3       io.netty.buffer.PoolThreadCache::log2 (8 bytes)
Event: 10.571 Thread 0x0000024fd446fae0 nmethod 2484 0x0000024fbde73590 code [0x0000024fbde73720, 0x0000024fbde73848]
Event: 10.571 Thread 0x0000024fd446fae0 2485       3       io.netty.util.internal.InternalThreadLocalMap::get (23 bytes)

GC Heap History (18 events):
Event: 0.914 GC heap before
{Heap before GC invocations=0 (full 0):
 garbage-first heap   total 131072K, used 5120K [0x0000000080000000, 0x0000000100000000)
  region size 1024K, 6 young (6144K), 0 survivors (0K)
 Metaspace       used 5067K, committed 5184K, reserved 1056768K
  class space    used 416K, committed 512K, reserved 1048576K
}
Event: 0.920 GC heap after
{Heap after GC invocations=1 (full 0):
 garbage-first heap   total 131072K, used 3521K [0x0000000080000000, 0x0000000100000000)
  region size 1024K, 1 young (1024K), 1 survivors (1024K)
 Metaspace       used 5067K, committed 5184K, reserved 1056768K
  class space    used 416K, committed 512K, reserved 1048576K
}
Event: 1.454 GC heap before
{Heap before GC invocations=1 (full 0):
 garbage-first heap   total 131072K, used 8641K [0x0000000080000000, 0x0000000100000000)
  region size 1024K, 6 young (6144K), 1 survivors (1024K)
 Metaspace       used 8638K, committed 8832K, reserved 1056768K
  class space    used 756K, committed 896K, reserved 1048576K
}
Event: 1.458 GC heap after
{Heap after GC invocations=2 (full 0):
 garbage-first heap   total 131072K, used 6750K [0x0000000080000000, 0x0000000100000000)
  region size 1024K, 1 young (1024K), 1 survivors (1024K)
 Metaspace       used 8638K, committed 8832K, reserved 1056768K
  class space    used 756K, committed 896K, reserved 1048576K
}
Event: 1.957 GC heap before
{Heap before GC invocations=2 (full 0):
 garbage-first heap   total 131072K, used 13918K [0x0000000080000000, 0x0000000100000000)
  region size 1024K, 8 young (8192K), 1 survivors (1024K)
 Metaspace       used 13261K, committed 13440K, reserved 1064960K
  class space    used 1256K, committed 1344K, reserved 1048576K
}
Event: 1.962 GC heap after
{Heap after GC invocations=3 (full 0):
 garbage-first heap   total 131072K, used 8558K [0x0000000080000000, 0x0000000100000000)
  region size 1024K, 1 young (1024K), 1 survivors (1024K)
 Metaspace       used 13261K, committed 13440K, reserved 1064960K
  class space    used 1256K, committed 1344K, reserved 1048576K
}
Event: 2.903 GC heap before
{Heap before GC invocations=3 (full 0):
 garbage-first heap   total 131072K, used 29038K [0x0000000080000000, 0x0000000100000000)
  region size 1024K, 23 young (23552K), 1 survivors (1024K)
 Metaspace       used 21401K, committed 21504K, reserved 1073152K
  class space    used 2181K, committed 2240K, reserved 1048576K
}
Event: 2.910 GC heap after
{Heap after GC invocations=4 (full 0):
 garbage-first heap   total 131072K, used 10525K [0x0000000080000000, 0x0000000100000000)
  region size 1024K, 3 young (3072K), 3 survivors (3072K)
 Metaspace       used 21401K, committed 21504K, reserved 1073152K
  class space    used 2181K, committed 2240K, reserved 1048576K
}
Event: 4.105 GC heap before
{Heap before GC invocations=5 (full 0):
 garbage-first heap   total 40960K, used 31005K [0x0000000080000000, 0x0000000100000000)
  region size 1024K, 24 young (24576K), 3 survivors (3072K)
 Metaspace       used 27746K, committed 28032K, reserved 1081344K
  class space    used 3056K, committed 3200K, reserved 1048576K
}
Event: 4.122 GC heap after
{Heap after GC invocations=6 (full 0):
 garbage-first heap   total 40960K, used 12213K [0x0000000080000000, 0x0000000100000000)
  region size 1024K, 2 young (2048K), 2 survivors (2048K)
 Metaspace       used 27746K, committed 28032K, reserved 1081344K
  class space    used 3056K, committed 3200K, reserved 1048576K
}
Event: 4.531 GC heap before
{Heap before GC invocations=6 (full 0):
 garbage-first heap   total 40960K, used 18357K [0x0000000080000000, 0x0000000100000000)
  region size 1024K, 9 young (9216K), 2 survivors (2048K)
 Metaspace       used 29553K, committed 29760K, reserved 1081344K
  class space    used 3305K, committed 3392K, reserved 1048576K
}
Event: 4.537 GC heap after
{Heap after GC invocations=7 (full 0):
 garbage-first heap   total 40960K, used 12487K [0x0000000080000000, 0x0000000100000000)
  region size 1024K, 2 young (2048K), 2 survivors (2048K)
 Metaspace       used 29553K, committed 29760K, reserved 1081344K
  class space    used 3305K, committed 3392K, reserved 1048576K
}
Event: 10.033 GC heap before
{Heap before GC invocations=7 (full 0):
 garbage-first heap   total 40960K, used 35015K [0x0000000080000000, 0x0000000100000000)
  region size 1024K, 8 young (8192K), 2 survivors (2048K)
 Metaspace       used 31622K, committed 31872K, reserved 1081344K
  class space    used 3563K, committed 3648K, reserved 1048576K
}
Event: 10.054 GC heap after
{Heap after GC invocations=8 (full 0):
 garbage-first heap   total 40960K, used 30838K [0x0000000080000000, 0x0000000100000000)
  region size 1024K, 2 young (2048K), 2 survivors (2048K)
 Metaspace       used 31622K, committed 31872K, reserved 1081344K
  class space    used 3563K, committed 3648K, reserved 1048576K
}
Event: 10.287 GC heap before
{Heap before GC invocations=8 (full 0):
 garbage-first heap   total 40960K, used 31862K [0x0000000080000000, 0x0000000100000000)
  region size 1024K, 3 young (3072K), 2 survivors (2048K)
 Metaspace       used 31827K, committed 32000K, reserved 1081344K
  class space    used 3590K, committed 3648K, reserved 1048576K
}
Event: 10.295 GC heap after
{Heap after GC invocations=9 (full 0):
 garbage-first heap   total 40960K, used 31265K [0x0000000080000000, 0x0000000100000000)
  region size 1024K, 1 young (1024K), 1 survivors (1024K)
 Metaspace       used 31827K, committed 32000K, reserved 1081344K
  class space    used 3590K, committed 3648K, reserved 1048576K
}
Event: 10.418 GC heap before
{Heap before GC invocations=10 (full 0):
 garbage-first heap   total 56320K, used 31265K [0x0000000080000000, 0x0000000100000000)
  region size 1024K, 2 young (2048K), 1 survivors (1024K)
 Metaspace       used 31964K, committed 32192K, reserved 1081344K
  class space    used 3609K, committed 3712K, reserved 1048576K
}
Event: 10.420 GC heap after
{Heap after GC invocations=11 (full 0):
 garbage-first heap   total 56320K, used 31288K [0x0000000080000000, 0x0000000100000000)
  region size 1024K, 1 young (1024K), 1 survivors (1024K)
 Metaspace       used 31964K, committed 32192K, reserved 1081344K
  class space    used 3609K, committed 3712K, reserved 1048576K
}

Deoptimization events (20 events):
Event: 3.048 Thread 0x0000024fb858a2d0 DEOPT PACKING pc=0x0000024fc4f546d4 sp=0x000000c167efbe70
Event: 3.048 Thread 0x0000024fb858a2d0 DEOPT UNPACKING pc=0x0000024fbd47239d sp=0x000000c167efbe00 mode 2
Event: 3.363 Thread 0x0000024fb858a2d0 Uncommon trap: trap_request=0xffffffde fr.pc=0x0000024fc4f546d4 relative=0x00000000000002f4
Event: 3.363 Thread 0x0000024fb858a2d0 Uncommon trap: reason=class_check action=maybe_recompile pc=0x0000024fc4f546d4 method=java.util.regex.Matcher.search(I)Z @ 121 c2
Event: 3.363 Thread 0x0000024fb858a2d0 DEOPT PACKING pc=0x0000024fc4f546d4 sp=0x000000c167efbe30
Event: 3.363 Thread 0x0000024fb858a2d0 DEOPT UNPACKING pc=0x0000024fbd47239d sp=0x000000c167efbdc0 mode 2
Event: 3.408 Thread 0x0000024fb858a2d0 Uncommon trap: trap_request=0xffffff45 fr.pc=0x0000024fc4f871a4 relative=0x0000000000000584
Event: 3.408 Thread 0x0000024fb858a2d0 Uncommon trap: reason=unstable_if action=reinterpret pc=0x0000024fc4f871a4 method=java.lang.String.replace(CC)Ljava/lang/String; @ 2 c2
Event: 3.408 Thread 0x0000024fb858a2d0 DEOPT PACKING pc=0x0000024fc4f871a4 sp=0x000000c167efd470
Event: 3.408 Thread 0x0000024fb858a2d0 DEOPT UNPACKING pc=0x0000024fbd47239d sp=0x000000c167efd420 mode 2
Event: 3.791 Thread 0x0000024fb858a2d0 Uncommon trap: trap_request=0xffffff45 fr.pc=0x0000024fc4fa8114 relative=0x00000000000016b4
Event: 3.791 Thread 0x0000024fb858a2d0 Uncommon trap: reason=unstable_if action=reinterpret pc=0x0000024fc4fa8114 method=jdk.internal.org.objectweb.asm.Type.getArgumentsAndReturnSizes(Ljava/lang/String;)I @ 123 c2
Event: 3.791 Thread 0x0000024fb858a2d0 DEOPT PACKING pc=0x0000024fc4fa8114 sp=0x000000c167efbb00
Event: 3.791 Thread 0x0000024fb858a2d0 DEOPT UNPACKING pc=0x0000024fbd47239d sp=0x000000c167efb9b8 mode 2
Event: 3.822 Thread 0x0000024fb858a2d0 DEOPT PACKING pc=0x0000024fbdd6340a sp=0x000000c167efc700
Event: 3.823 Thread 0x0000024fb858a2d0 DEOPT UNPACKING pc=0x0000024fbd472b24 sp=0x000000c167efbc10 mode 0
Event: 9.566 Thread 0x0000024fb858a2d0 Uncommon trap: trap_request=0xffffff45 fr.pc=0x0000024fc4f86020 relative=0x0000000000000100
Event: 9.566 Thread 0x0000024fb858a2d0 Uncommon trap: reason=unstable_if action=reinterpret pc=0x0000024fc4f86020 method=java.lang.StringLatin1.lastIndexOf([BI[BII)I @ 86 c2
Event: 9.566 Thread 0x0000024fb858a2d0 DEOPT PACKING pc=0x0000024fc4f86020 sp=0x000000c167efc670
Event: 9.566 Thread 0x0000024fb858a2d0 DEOPT UNPACKING pc=0x0000024fbd47239d sp=0x000000c167efc5c8 mode 2

Classes unloaded (0 events):
No events

Classes redefined (0 events):
No events

Internal exceptions (20 events):
Event: 3.443 Thread 0x0000024fd59d8500 Exception <a 'java/net/SocketException'{0x00000000815cb778}: Socket is not connected: shutdown> (0x00000000815cb778) 
thrown [e:\jenkins\tmp\workspace\build\src\src\hotspot\share\prims\jni.cpp, line 535]
Event: 3.466 Thread 0x0000024fd59d8500 Exception <a 'java/net/ConnectException'{0x00000000815cc7c0}: Connection refused: no further information> (0x00000000815cc7c0) 
thrown [e:\jenkins\tmp\workspace\build\src\src\hotspot\share\prims\jni.cpp, line 535]
Event: 3.466 Thread 0x0000024fd59d8500 Exception <a 'java/net/SocketException'{0x00000000815ccaf8}: Socket is not connected: shutdown> (0x00000000815ccaf8) 
thrown [e:\jenkins\tmp\workspace\build\src\src\hotspot\share\prims\jni.cpp, line 535]
Event: 3.512 Thread 0x0000024fd59d8500 Exception <a 'java/net/ConnectException'{0x00000000815cdb40}: Connection refused: no further information> (0x00000000815cdb40) 
thrown [e:\jenkins\tmp\workspace\build\src\src\hotspot\share\prims\jni.cpp, line 535]
Event: 3.512 Thread 0x0000024fd59d8500 Exception <a 'java/net/SocketException'{0x00000000815cde78}: Socket is not connected: shutdown> (0x00000000815cde78) 
thrown [e:\jenkins\tmp\workspace\build\src\src\hotspot\share\prims\jni.cpp, line 535]
Event: 3.595 Thread 0x0000024fd59d8500 Exception <a 'java/net/ConnectException'{0x00000000815ceec0}: Connection refused: no further information> (0x00000000815ceec0) 
thrown [e:\jenkins\tmp\workspace\build\src\src\hotspot\share\prims\jni.cpp, line 535]
Event: 3.595 Thread 0x0000024fd59d8500 Exception <a 'java/net/SocketException'{0x00000000815cf1f8}: Socket is not connected: shutdown> (0x00000000815cf1f8) 
thrown [e:\jenkins\tmp\workspace\build\src\src\hotspot\share\prims\jni.cpp, line 535]
Event: 3.788 Thread 0x0000024fb858a2d0 Exception <a 'java/lang/NoSuchMethodError'{0x000000008157d5f8}: 'int java.lang.invoke.DirectMethodHandle$Holder.invokeVirtual(java.lang.Object, java.lang.Object)'> (0x000000008157d5f8) 
thrown [e:\jenkins\tmp\workspace\build\src\src\hotspot\share\interpreter\linkResolver.cpp, line 766]
Event: 3.791 Thread 0x0000024fb858a2d0 Exception <a 'java/lang/NoSuchMethodError'{0x00000000814278a8}: 'double java.lang.invoke.DirectMethodHandle$Holder.invokeVirtual(java.lang.Object, java.lang.Object)'> (0x00000000814278a8) 
thrown [e:\jenkins\tmp\workspace\build\src\src\hotspot\share\interpreter\linkResolver.cpp, line 766]
Event: 3.793 Thread 0x0000024fb858a2d0 Exception <a 'java/lang/NoSuchMethodError'{0x000000008142e050}: 'float java.lang.invoke.DirectMethodHandle$Holder.invokeVirtual(java.lang.Object, java.lang.Object)'> (0x000000008142e050) 
thrown [e:\jenkins\tmp\workspace\build\src\src\hotspot\share\interpreter\linkResolver.cpp, line 766]
Event: 3.795 Thread 0x0000024fb858a2d0 Exception <a 'java/lang/NoSuchMethodError'{0x0000000081437068}: 'long java.lang.invoke.DirectMethodHandle$Holder.invokeVirtual(java.lang.Object, java.lang.Object)'> (0x0000000081437068) 
thrown [e:\jenkins\tmp\workspace\build\src\src\hotspot\share\interpreter\linkResolver.cpp, line 766]
Event: 3.897 Thread 0x0000024fb858a2d0 Exception <a 'java/lang/NoSuchMethodError'{0x0000000081389358}: 'void java.lang.invoke.DirectMethodHandle$Holder.invokeSpecial(java.lang.Object, java.lang.Object, java.lang.Object, java.lang.Object, java.lang.Object)'> (0x0000000081389358) 
thrown [e:\jenkins\tmp\workspace\build\src\src\hotspot\share\interpreter\linkResolver.cpp, line 766]
Event: 3.900 Thread 0x0000024fb858a2d0 Exception <a 'java/lang/NoSuchMethodError'{0x0000000081390338}: 'void java.lang.invoke.DirectMethodHandle$Holder.invokeStatic(java.lang.Object, java.lang.Object, int)'> (0x0000000081390338) 
thrown [e:\jenkins\tmp\workspace\build\src\src\hotspot\share\interpreter\linkResolver.cpp, line 766]
Event: 3.945 Thread 0x0000024fb858a2d0 Exception <a 'java/lang/NoSuchMethodError'{0x00000000812507b8}: 'java.lang.Object java.lang.invoke.DirectMethodHandle$Holder.newInvokeSpecial(java.lang.Object, java.lang.Object, java.lang.Object, java.lang.Object, java.lang.Object)'> (0x00000000812507b8) 
thrown [e:\jenkins\tmp\workspace\build\src\src\hotspot\share\interpreter\linkResolver.cpp, line 766]
Event: 3.994 Thread 0x0000024fb858a2d0 Exception <a 'java/lang/NoSuchMethodError'{0x000000008112a990}: 'int java.lang.invoke.DirectMethodHandle$Holder.invokeSpecialIFC(java.lang.Object, java.lang.Object, java.lang.Object)'> (0x000000008112a990) 
thrown [e:\jenkins\tmp\workspace\build\src\src\hotspot\share\interpreter\linkResolver.cpp, line 766]
Event: 4.068 Thread 0x0000024fb858a2d0 Exception <a 'java/lang/NoSuchMethodError'{0x00000000810252f8}: 'void java.lang.invoke.DirectMethodHandle$Holder.invokeStatic(java.lang.Object, java.lang.Object, java.lang.Object, java.lang.Object)'> (0x00000000810252f8) 
thrown [e:\jenkins\tmp\workspace\build\src\src\hotspot\share\interpreter\linkResolver.cpp, line 766]
Event: 4.198 Thread 0x0000024fb858a2d0 Exception <a 'java/lang/NoSuchMethodError'{0x000000008683d6a8}: 'void java.lang.invoke.DirectMethodHandle$Holder.invokeSpecial(java.lang.Object, java.lang.Object, java.lang.Object, java.lang.Object, java.lang.Object, java.lang.Object)'> (0x000000008683d6a8) 
thrown [e:\jenkins\tmp\workspace\build\src\src\hotspot\share\interpreter\linkResolver.cpp, line 766]
Event: 9.051 Thread 0x0000024fb858a2d0 Exception <a 'java/lang/NoSuchMethodError'{0x00000000867c3090}: 'java.lang.Object java.lang.invoke.DirectMethodHandle$Holder.invokeSpecialIFC(java.lang.Object, java.lang.Object, java.lang.Object)'> (0x00000000867c3090) 
thrown [e:\jenkins\tmp\workspace\build\src\src\hotspot\share\interpreter\linkResolver.cpp, line 766]
Event: 9.366 Thread 0x0000024fb858a2d0 Exception <a 'java/lang/NoSuchMethodError'{0x0000000086691530}: 'java.lang.Object java.lang.invoke.DirectMethodHandle$Holder.invokeStatic(java.lang.Object, int, java.lang.Object)'> (0x0000000086691530) 
thrown [e:\jenkins\tmp\workspace\build\src\src\hotspot\share\interpreter\linkResolver.cpp, line 766]
Event: 9.418 Thread 0x0000024fb858a2d0 Exception <a 'java/lang/ClassNotFoundException'{0x00000000866c2fd8}: sun/util/logging/resources/spi/loggingProvider> (0x00000000866c2fd8) 
thrown [e:\jenkins\tmp\workspace\build\src\src\hotspot\share\classfile\systemDictionary.cpp, line 256]

VM Operations (20 events):
Event: 4.530 Executing VM operation: G1TryInitiateConcMark
Event: 4.537 Executing VM operation: G1TryInitiateConcMark done
Event: 6.536 Executing VM operation: Cleanup
Event: 6.536 Executing VM operation: Cleanup done
Event: 7.536 Executing VM operation: Cleanup
Event: 7.536 Executing VM operation: Cleanup done
Event: 8.537 Executing VM operation: Cleanup
Event: 8.537 Executing VM operation: Cleanup done
Event: 9.246 Executing VM operation: HandshakeAllThreads
Event: 9.246 Executing VM operation: HandshakeAllThreads done
Event: 10.033 Executing VM operation: G1CollectForAllocation
Event: 10.054 Executing VM operation: G1CollectForAllocation done
Event: 10.287 Executing VM operation: G1CollectForAllocation
Event: 10.295 Executing VM operation: G1CollectForAllocation done
Event: 10.340 Executing VM operation: G1Concurrent
Event: 10.348 Executing VM operation: G1Concurrent done
Event: 10.366 Executing VM operation: G1Concurrent
Event: 10.366 Executing VM operation: G1Concurrent done
Event: 10.418 Executing VM operation: G1CollectForAllocation
Event: 10.420 Executing VM operation: G1CollectForAllocation done

Events (20 events):
Event: 9.983 loading class java/util/concurrent/locks/ReentrantReadWriteLock$FairSync done
Event: 9.983 loading class java/util/concurrent/locks/ReentrantReadWriteLock$Sync$ThreadLocalHoldCounter
Event: 9.983 loading class java/util/concurrent/locks/ReentrantReadWriteLock$Sync$ThreadLocalHoldCounter done
Event: 9.984 loading class java/util/concurrent/locks/ReentrantReadWriteLock$ReadLock
Event: 9.984 loading class java/util/concurrent/locks/ReentrantReadWriteLock$ReadLock done
Event: 9.984 loading class java/util/concurrent/locks/ReentrantReadWriteLock$WriteLock
Event: 9.984 loading class java/util/concurrent/locks/ReentrantReadWriteLock$WriteLock done
Event: 10.069 loading class java/util/Base64
Event: 10.088 loading class java/util/Base64 done
Event: 10.088 loading class java/util/Base64$Encoder
Event: 10.089 loading class java/util/Base64$Encoder done
Event: 10.096 Thread 0x0000024fd59d7b60 Thread added: 0x0000024fd59d7b60
Event: 10.126 loading class java/util/concurrent/CompletableFuture$UniExceptionally
Event: 10.134 loading class java/util/concurrent/CompletableFuture$UniCompletion
Event: 10.134 loading class java/util/concurrent/CompletableFuture$UniCompletion done
Event: 10.134 loading class java/util/concurrent/CompletableFuture$UniExceptionally done
Event: 10.431 loading class java/util/stream/SortedOps$SizedRefSortingSink
Event: 10.432 loading class java/util/stream/SortedOps$AbstractRefSortingSink
Event: 10.436 loading class java/util/stream/SortedOps$AbstractRefSortingSink done
Event: 10.436 loading class java/util/stream/SortedOps$SizedRefSortingSink done


Dynamic libraries:
0x00007ff6853a0000 - 0x00007ff6853ae000 	C:\Users\divyasree.telaprolu\.p2\pool\plugins\org.eclipse.justj.openjdk.hotspot.jre.full.win32.x86_64_17.0.3.v20220515-1416\jre\bin\javaw.exe
0x00007ffbace20000 - 0x00007ffbad00d000 	C:\windows\SYSTEM32\ntdll.dll
0x00007ffbac6a0000 - 0x00007ffbac753000 	C:\windows\System32\KERNEL32.DLL
0x00007ffba9cd0000 - 0x00007ffba9f65000 	C:\windows\System32\KERNELBASE.dll
0x00007ffba9930000 - 0x00007ffba9a2a000 	C:\windows\System32\ucrtbase.dll
0x00007ffb96530000 - 0x00007ffb96549000 	C:\Users\divyasree.telaprolu\.p2\pool\plugins\org.eclipse.justj.openjdk.hotspot.jre.full.win32.x86_64_17.0.3.v20220515-1416\jre\bin\VCRUNTIME140.dll
0x00007ffb94bb0000 - 0x00007ffb94bc8000 	C:\Users\divyasree.telaprolu\.p2\pool\plugins\org.eclipse.justj.openjdk.hotspot.jre.full.win32.x86_64_17.0.3.v20220515-1416\jre\bin\jli.dll
0x00007ffbabda0000 - 0x00007ffbabf38000 	C:\windows\System32\USER32.dll
0x00007ffba9cb0000 - 0x00007ffba9cd0000 	C:\windows\System32\win32u.dll
0x00007ffb95380000 - 0x00007ffb955f9000 	C:\windows\WinSxS\amd64_microsoft.windows.common-controls_6595b64144ccf1df_6.0.17763.2061_none_de73cf545348ec45\COMCTL32.dll
0x00007ffbac770000 - 0x00007ffbac799000 	C:\windows\System32\GDI32.dll
0x00007ffba9b10000 - 0x00007ffba9cac000 	C:\windows\System32\gdi32full.dll
0x00007ffbab690000 - 0x00007ffbab72e000 	C:\windows\System32\msvcrt.dll
0x00007ffba9890000 - 0x00007ffba9930000 	C:\windows\System32\msvcp_win.dll
0x00007ffbacac0000 - 0x00007ffbacded000 	C:\windows\System32\combase.dll
0x00007ffbac7a0000 - 0x00007ffbac8bf000 	C:\windows\System32\RPCRT4.dll
0x00007ffba9a80000 - 0x00007ffba9b02000 	C:\windows\System32\bcryptPrimitives.dll
0x00007ffbabc40000 - 0x00007ffbabc6e000 	C:\windows\System32\IMM32.DLL
0x00007ffb9e0d0000 - 0x00007ffb9e0dc000 	C:\Users\divyasree.telaprolu\.p2\pool\plugins\org.eclipse.justj.openjdk.hotspot.jre.full.win32.x86_64_17.0.3.v20220515-1416\jre\bin\vcruntime140_1.dll
0x00007ffb71cd0000 - 0x00007ffb71d61000 	C:\Users\divyasree.telaprolu\.p2\pool\plugins\org.eclipse.justj.openjdk.hotspot.jre.full.win32.x86_64_17.0.3.v20220515-1416\jre\bin\msvcp140.dll
0x00007ffb5f8e0000 - 0x00007ffb60528000 	C:\Users\divyasree.telaprolu\.p2\pool\plugins\org.eclipse.justj.openjdk.hotspot.jre.full.win32.x86_64_17.0.3.v20220515-1416\jre\bin\server\jvm.dll
0x00007ffbabf40000 - 0x00007ffbabfe4000 	C:\windows\System32\ADVAPI32.dll
0x00007ffbac8c0000 - 0x00007ffbac95e000 	C:\windows\System32\sechost.dll
0x00007ffbab680000 - 0x00007ffbab688000 	C:\windows\System32\PSAPI.DLL
0x00007ffb957e0000 - 0x00007ffb957e9000 	C:\windows\SYSTEM32\WSOCK32.dll
0x00007ffba7040000 - 0x00007ffba7064000 	C:\windows\SYSTEM32\WINMM.dll
0x00007ffbab610000 - 0x00007ffbab67d000 	C:\windows\System32\WS2_32.dll
0x00007ffb9fc20000 - 0x00007ffb9fc2a000 	C:\windows\SYSTEM32\VERSION.dll
0x00007ffba7010000 - 0x00007ffba703d000 	C:\windows\SYSTEM32\WINMMBASE.dll
0x00007ffba9a30000 - 0x00007ffba9a7a000 	C:\windows\System32\cfgmgr32.dll
0x00007ffba8e00000 - 0x00007ffba8e11000 	C:\windows\System32\kernel.appcore.dll
0x00007ffb962d0000 - 0x00007ffb962da000 	C:\Users\divyasree.telaprolu\.p2\pool\plugins\org.eclipse.justj.openjdk.hotspot.jre.full.win32.x86_64_17.0.3.v20220515-1416\jre\bin\jimage.dll
0x00007ffb9fa30000 - 0x00007ffb9fc1d000 	C:\windows\SYSTEM32\DBGHELP.DLL
0x00007ffb9bde0000 - 0x00007ffb9be0a000 	C:\windows\SYSTEM32\dbgcore.DLL
0x00007ffb95260000 - 0x00007ffb95285000 	C:\Users\divyasree.telaprolu\.p2\pool\plugins\org.eclipse.justj.openjdk.hotspot.jre.full.win32.x86_64_17.0.3.v20220515-1416\jre\bin\java.dll
0x00007ffb952d0000 - 0x00007ffb952e8000 	C:\Users\divyasree.telaprolu\.p2\pool\plugins\org.eclipse.justj.openjdk.hotspot.jre.full.win32.x86_64_17.0.3.v20220515-1416\jre\bin\zip.dll
0x00007ffbaa0b0000 - 0x00007ffbab5a9000 	C:\windows\System32\SHELL32.dll
0x00007ffbab730000 - 0x00007ffbab7d8000 	C:\windows\System32\shcore.dll
0x00007ffba90e0000 - 0x00007ffba982b000 	C:\windows\System32\windows.storage.dll
0x00007ffba8e40000 - 0x00007ffba8e64000 	C:\windows\System32\profapi.dll
0x00007ffba8e70000 - 0x00007ffba8ecd000 	C:\windows\System32\powrprof.dll
0x00007ffbac640000 - 0x00007ffbac692000 	C:\windows\System32\shlwapi.dll
0x00007ffba90c0000 - 0x00007ffba90d7000 	C:\windows\System32\cryptsp.dll
0x00007ffb95150000 - 0x00007ffb95169000 	C:\Users\divyasree.telaprolu\.p2\pool\plugins\org.eclipse.justj.openjdk.hotspot.jre.full.win32.x86_64_17.0.3.v20220515-1416\jre\bin\net.dll
0x00007ffba4bf0000 - 0x00007ffba4ce1000 	C:\windows\SYSTEM32\WINHTTP.dll
0x00007ffba85d0000 - 0x00007ffba8637000 	C:\windows\system32\mswsock.dll
0x00007ffb95050000 - 0x00007ffb95065000 	C:\Users\divyasree.telaprolu\.p2\pool\plugins\org.eclipse.justj.openjdk.hotspot.jre.full.win32.x86_64_17.0.3.v20220515-1416\jre\bin\nio.dll
0x00007ffb952b0000 - 0x00007ffb952c0000 	C:\Users\divyasree.telaprolu\.p2\pool\plugins\org.eclipse.justj.openjdk.hotspot.jre.full.win32.x86_64_17.0.3.v20220515-1416\jre\bin\verify.dll
0x00007ffba8330000 - 0x00007ffba83f6000 	C:\windows\SYSTEM32\DNSAPI.dll
0x00007ffbac760000 - 0x00007ffbac768000 	C:\windows\System32\NSI.dll
0x00007ffba82f0000 - 0x00007ffba832d000 	C:\windows\SYSTEM32\IPHLPAPI.DLL
0x00007ffba2ce0000 - 0x00007ffba2cea000 	C:\Windows\System32\rasadhlp.dll
0x00007ffba5220000 - 0x00007ffba5299000 	C:\windows\System32\fwpuclnt.dll
0x00007ffba9f70000 - 0x00007ffba9f96000 	C:\windows\System32\bcrypt.dll
0x00007ffb94d70000 - 0x00007ffb94d7e000 	C:\Users\divyasree.telaprolu\.p2\pool\plugins\org.eclipse.justj.openjdk.hotspot.jre.full.win32.x86_64_17.0.3.v20220515-1416\jre\bin\sunmscapi.dll
0x00007ffba8ed0000 - 0x00007ffba90b3000 	C:\windows\System32\CRYPT32.dll
0x00007ffba8e20000 - 0x00007ffba8e32000 	C:\windows\System32\MSASN1.dll
0x00007ffba88c0000 - 0x00007ffba88e6000 	C:\windows\SYSTEM32\ncrypt.dll
0x00007ffba8880000 - 0x00007ffba88bc000 	C:\windows\SYSTEM32\NTASN1.dll
0x00007ffba8160000 - 0x00007ffba8193000 	C:\windows\system32\rsaenh.dll
0x00007ffba8d00000 - 0x00007ffba8d29000 	C:\windows\SYSTEM32\USERENV.dll
0x00007ffba87a0000 - 0x00007ffba87ac000 	C:\windows\SYSTEM32\CRYPTBASE.dll
0x00007ffba50b0000 - 0x00007ffba50c6000 	C:\windows\SYSTEM32\dhcpcsvc6.DLL
0x00007ffba5090000 - 0x00007ffba50ac000 	C:\windows\SYSTEM32\dhcpcsvc.DLL
0x00007ffb94b40000 - 0x00007ffb94b49000 	C:\Users\divyasree.telaprolu\.p2\pool\plugins\org.eclipse.justj.openjdk.hotspot.jre.full.win32.x86_64_17.0.3.v20220515-1416\jre\bin\management.dll
0x00007ffb93d00000 - 0x00007ffb93d0b000 	C:\Users\divyasree.telaprolu\.p2\pool\plugins\org.eclipse.justj.openjdk.hotspot.jre.full.win32.x86_64_17.0.3.v20220515-1416\jre\bin\management_ext.dll
0x00007ffb96350000 - 0x00007ffb96357000 	C:\windows\system32\wshunix.dll
0x00007ffba0260000 - 0x00007ffba0276000 	C:\windows\system32\napinsp.dll
0x00007ffba0280000 - 0x00007ffba029a000 	C:\windows\system32\pnrpnsp.dll
0x00007ffba03a0000 - 0x00007ffba03ae000 	C:\windows\System32\winrnr.dll
0x00007ffba5720000 - 0x00007ffba573b000 	C:\windows\system32\NLAapi.dll
0x00007ffba03d0000 - 0x00007ffba03e5000 	C:\windows\system32\wshbth.dll

dbghelp: loaded successfully - version: 4.0.5 - missing functions: none
symbol engine: initialized successfully - sym options: 0x614 - pdb path: .;C:\Users\divyasree.telaprolu\.p2\pool\plugins\org.eclipse.justj.openjdk.hotspot.jre.full.win32.x86_64_17.0.3.v20220515-1416\jre\bin;C:\windows\SYSTEM32;C:\windows\WinSxS\amd64_microsoft.windows.common-controls_6595b64144ccf1df_6.0.17763.2061_none_de73cf545348ec45;C:\Users\divyasree.telaprolu\.p2\pool\plugins\org.eclipse.justj.openjdk.hotspot.jre.full.win32.x86_64_17.0.3.v20220515-1416\jre\bin\server

VM Arguments:
jvm_args: -ea -Dfile.encoding=UTF-8 -XX:+ShowCodeDetailsInExceptionMessages 
java_command: org.testng.remote.RemoteTestNG -serport 60322 -protocol json -d C:\ADL Automation Git\adle2eautomation\test-output C:\Users\DIVYAS~1.TEL\AppData\Local\Temp\testng-eclipse-2103052061\testng-customsuite.xml
java_class_path (initial): C:\Users\divyasree.telaprolu\eclipse\java-2022-06\eclipse\configuration\org.eclipse.osgi\431\0\.cp\lib\testng-remote.jar;C:\ADL Automation Git\adle2eautomation\target\test-classes;C:\ADL Automation Git\adle2eautomation\target\classes;C:\Users\divyasree.telaprolu\.m2\repository\org\seleniumhq\selenium\selenium-java\4.0.0\selenium-java-4.0.0.jar;C:\Users\divyasree.telaprolu\.m2\repository\org\seleniumhq\selenium\selenium-api\4.0.0\selenium-api-4.0.0.jar;C:\Users\divyasree.telaprolu\.m2\repository\org\seleniumhq\selenium\selenium-chrome-driver\4.0.0\selenium-chrome-driver-4.0.0.jar;C:\Users\divyasree.telaprolu\.m2\repository\com\google\auto\service\auto-service-annotations\1.0\auto-service-annotations-1.0.jar;C:\Users\divyasree.telaprolu\.m2\repository\com\google\auto\service\auto-service\1.0\auto-service-1.0.jar;C:\Users\divyasree.telaprolu\.m2\repository\com\google\auto\auto-common\1.0\auto-common-1.0.jar;C:\Users\divyasree.telaprolu\.m2\repository\com\google\guava\guava\31.0.1-jre\guava-31.0.1-jre.jar;C:\Users\divyasree.telaprolu\.m2\repository\com\google\guava\failureaccess\1.0.1\failureaccess-1.0.1.jar;C:\Users\divyasree.telaprolu\.m2\repository\com\google\guava\listenablefuture\9999.0-empty-to-avoid-conflict-with-guava\listenablefuture-9999.0-empty-to-avoid-conflict-with-guava.jar;C:\Users\divyasree.telaprolu\.m2\repository\com\google\code\findbugs\jsr305\3.0.2\jsr305-3.0.2.jar;C:\Users\divyasree.telaprolu\.m2\repository\org\checkerframework\checker-qual\3.12.0\checker-qual-3.12.0.jar;C:\Users\divyasree.telaprolu\.m2\repository\com\google\errorprone\error_prone_annotations\2.7.1\error_prone_annotations-2.7.1.jar;C:\Users\divyasree.telaprolu\.m2\repository\com\google\j2objc\j2objc-annotations\1.3\j2objc-annotations-1.3.jar;C:\Users\divyasree.telaprolu\.m2\repository\org\seleniumhq\selenium\selenium-chromium-driver\4.0.0\selenium-chromium-driver-4.0.0.jar;C:\Users\divyasree.telaprolu\.m2\repository\org\seleniumhq\selenium\selenium-json\
Launcher Type: SUN_STANDARD

[Global flags]
     intx CICompilerCount                          = 2                                         {product} {ergonomic}
     uint ConcGCThreads                            = 1                                         {product} {ergonomic}
     uint G1ConcRefinementThreads                  = 2                                         {product} {ergonomic}
   size_t G1HeapRegionSize                         = 1048576                                   {product} {ergonomic}
    uintx GCDrainStackTargetSize                   = 64                                        {product} {ergonomic}
   size_t InitialHeapSize                          = 134217728                                 {product} {ergonomic}
   size_t MarkStackSize                            = 4194304                                   {product} {ergonomic}
   size_t MaxHeapSize                              = 2147483648                                {product} {ergonomic}
   size_t MaxNewSize                               = 1287651328                                {product} {ergonomic}
   size_t MinHeapDeltaBytes                        = 1048576                                   {product} {ergonomic}
   size_t MinHeapSize                              = 8388608                                   {product} {ergonomic}
    uintx NonNMethodCodeHeapSize                   = 5826188                                {pd product} {ergonomic}
    uintx NonProfiledCodeHeapSize                  = 122916026                              {pd product} {ergonomic}
    uintx ProfiledCodeHeapSize                     = 122916026                              {pd product} {ergonomic}
    uintx ReservedCodeCacheSize                    = 251658240                              {pd product} {ergonomic}
     bool SegmentedCodeCache                       = true                                      {product} {ergonomic}
     bool ShowCodeDetailsInExceptionMessages       = true                                   {manageable} {command line}
   size_t SoftMaxHeapSize                          = 2147483648                             {manageable} {ergonomic}
     bool UseCompressedClassPointers               = true                           {product lp64_product} {ergonomic}
     bool UseCompressedOops                        = true                           {product lp64_product} {ergonomic}
     bool UseG1GC                                  = true                                      {product} {ergonomic}
     bool UseLargePagesIndividualAllocation        = false                                  {pd product} {ergonomic}

Logging:
Log output configuration:
 #0: stdout all=warning uptime,level,tags
 #1: stderr all=off uptime,level,tags

Environment Variables:
PATH=C:/Users/divyasree.telaprolu/.p2/pool/plugins/org.eclipse.justj.openjdk.hotspot.jre.full.win32.x86_64_17.0.3.v20220515-1416/jre/bin/server;C:/Users/divyasree.telaprolu/.p2/pool/plugins/org.eclipse.justj.openjdk.hotspot.jre.full.win32.x86_64_17.0.3.v20220515-1416/jre/bin;C:\Program Files (x86)\Common Files\Oracle\Java\javapath;C:\windows\system32;C:\windows;C:\windows\System32\Wbem;C:\windows\System32\WindowsPowerShell\v1.0\;C:\windows\System32\OpenSSH\;C:\Program Files (x86)\Microsoft SQL Server\Client SDK\ODBC\130\Tools\Binn\;C:\Program Files (x86)\Microsoft SQL Server\130\Tools\Binn\;C:\Program Files (x86)\Microsoft SQL Server\130\DTS\Binn\;C:\Program Files (x86)\Microsoft SQL Server\130\Tools\Binn\ManagementStudio\;C:\AUL\apache-maven-3.6.3-bin\apache-maven-3.6.3\bin;C:\Program Files\Git\cmd;C:\Program Files\Microsoft SQL Server\130\Tools\Binn\;C:\Program Files\Microsoft SQL Server\Client SDK\ODBC\170\Tools\Binn\;C:\Program Files\dotnet\;C:\Program Files\Microsoft VS Code\bin;C:\Users\divyasree.telaprolu\AppData\Local\Microsoft\WindowsApps;;C:\Users\divyasree.telaprolu\Desktop;
USERNAME=divyasree.telaprolu
OS=Windows_NT
PROCESSOR_IDENTIFIER=Intel64 Family 6 Model 45 Stepping 7, GenuineIntel



---------------  S Y S T E M  ---------------

OS:
 Windows 10 , 64 bit Build 17763 (10.0.17763.2028)
OS uptime: 40 days 2:43 hours
Hyper-V virtualization detected

CPU: total 2 (initial active 2) (2 cores per cpu, 1 threads per core) family 6 model 45 stepping 7 microcode 0xffffffff, cx8, cmov, fxsr, mmx, sse, sse2, sse3, tsc, clflush, hv

Memory: 4k page, system-wide physical 8189M (475M free)
TotalPageFile size 12285M (AvailPageFile size 13M)
current process WorkingSet (physical memory assigned to process): 185M, peak: 185M
current process commit charge ("private bytes"): 221M, peak: 228M

vm_info: OpenJDK 64-Bit Server VM (17.0.3+7) for windows-amd64 JRE (17.0.3+7), built on Apr 19 2022 16:55:35 by "" with MS VC++ 16.7 (VS2019)

END.
