#
# There is insufficient memory for the Java Runtime Environment to continue.
# Native memory allocation (mmap) failed to map 65536 bytes for Failed to commit metaspace.
# Possible reasons:
#   The system is out of physical RAM or swap space
#   The process is running with CompressedOops enabled, and the Java Heap may be blocking the growth of the native heap
# Possible solutions:
#   Reduce memory load on the system
#   Increase physical memory or swap space
#   Check if swap backing store is full
#   Decrease Java heap size (-Xmx/-Xms)
#   Decrease number of Java threads
#   Decrease Java thread stack sizes (-Xss)
#   Set larger code cache with -XX:ReservedCodeCacheSize=
#   JVM is running with Unscaled Compressed Oops mode in which the Java heap is
#     placed in the first 4GB address space. The Java Heap base address is the
#     maximum limit for the native heap growth. Please use -XX:HeapBaseMinAddress
#     to set the Java Heap base and to place the Java Heap above 4GB virtual address.
# This output file may be truncated or incomplete.
#
#  Out of Memory Error (virtualSpaceNode.cpp:110), pid=13320, tid=12652
#
# JRE version: OpenJDK Runtime Environment Temurin-17.0.3+7 (17.0.3+7) (build 17.0.3+7)
# Java VM: OpenJDK 64-Bit Server VM Temurin-17.0.3+7 (17.0.3+7, mixed mode, tiered, compressed oops, compressed class ptrs, g1 gc, windows-amd64)
# No core dump will be written. Minidumps are not enabled by default on client versions of Windows
#

---------------  S U M M A R Y ------------

Command Line: -ea -Dfile.encoding=UTF-8 -XX:+ShowCodeDetailsInExceptionMessages org.testng.remote.RemoteTestNG -serport 60643 -protocol json -d C:\ADL Automation Git\adle2eautomation\test-output C:\Users\DIVYAS~1.TEL\AppData\Local\Temp\testng-eclipse-2076257856\testng-customsuite.xml

Host: Intel(R) Xeon(R) CPU E5-2643 0 @ 3.30GHz, 2 cores, 7G,  Windows 10 , 64 bit Build 17763 (10.0.17763.2028)
Time: Wed Aug  3 03:26:35 2022 Pacific Daylight Time elapsed time: 2.264732 seconds (0d 0h 0m 2s)

---------------  T H R E A D  ---------------

Current thread (0x000002e2d356c490):  JavaThread "main" [_thread_in_vm, id=12652, stack(0x000000ee1bd00000,0x000000ee1be00000)]

Stack: [0x000000ee1bd00000,0x000000ee1be00000]
Native frames: (J=compiled Java code, j=interpreted, Vv=VM code, C=native code)
V  [jvm.dll+0x675efa]
V  [jvm.dll+0x830a24]
V  [jvm.dll+0x8321ce]
V  [jvm.dll+0x832833]
V  [jvm.dll+0x2454b5]
V  [jvm.dll+0x82c9cb]
V  [jvm.dll+0x61ab26]
V  [jvm.dll+0x61ab8a]
V  [jvm.dll+0x61d3aa]
V  [jvm.dll+0x61b4c6]
V  [jvm.dll+0x625317]
V  [jvm.dll+0x1ea19b]
V  [jvm.dll+0x1ea6d5]
V  [jvm.dll+0x1eb10f]
V  [jvm.dll+0x1e05b1]
V  [jvm.dll+0x53bb80]
V  [jvm.dll+0x1f0da7]
V  [jvm.dll+0x7aae5b]
V  [jvm.dll+0x7ac202]
V  [jvm.dll+0x7ac999]
V  [jvm.dll+0x1eb3c4]
V  [jvm.dll+0x1e05ca]
V  [jvm.dll+0x53bb80]
V  [jvm.dll+0x1f0da7]
V  [jvm.dll+0x7aae5b]
V  [jvm.dll+0x7ac202]
V  [jvm.dll+0x7ac538]
V  [jvm.dll+0x23d79e]
V  [jvm.dll+0x37ed5e]
C  0x000002e2d8c2b0e1

Java frames: (J=compiled Java code, j=interpreted, Vv=VM code)
j  com.sun.org.apache.xerces.internal.parsers.XML11Configuration.<init>(Lcom/sun/org/apache/xerces/internal/util/SymbolTable;Lcom/sun/org/apache/xerces/internal/xni/grammars/XMLGrammarPool;Lcom/sun/org/apache/xerces/internal/xni/parser/XMLComponentManager;)V+993 java.xml@17.0.3
j  com.sun.org.apache.xerces.internal.parsers.XIncludeAwareParserConfiguration.<init>(Lcom/sun/org/apache/xerces/internal/util/SymbolTable;Lcom/sun/org/apache/xerces/internal/xni/grammars/XMLGrammarPool;Lcom/sun/org/apache/xerces/internal/xni/parser/XMLComponentManager;)V+4 java.xml@17.0.3
j  com.sun.org.apache.xerces.internal.parsers.XIncludeAwareParserConfiguration.<init>()V+4 java.xml@17.0.3
j  com.sun.org.apache.xerces.internal.parsers.SAXParser.<init>(Lcom/sun/org/apache/xerces/internal/util/SymbolTable;Lcom/sun/org/apache/xerces/internal/xni/grammars/XMLGrammarPool;)V+5 java.xml@17.0.3
j  com.sun.org.apache.xerces.internal.parsers.SAXParser.<init>()V+3 java.xml@17.0.3
j  com.sun.org.apache.xerces.internal.jaxp.SAXParserImpl$JAXPSAXParser.<init>(Lcom/sun/org/apache/xerces/internal/jaxp/SAXParserImpl;Lcom/sun/org/apache/xerces/internal/utils/XMLSecurityPropertyManager;Lcom/sun/org/apache/xerces/internal/utils/XMLSecurityManager;)V+1 java.xml@17.0.3
j  com.sun.org.apache.xerces.internal.jaxp.SAXParserImpl.<init>(Lcom/sun/org/apache/xerces/internal/jaxp/SAXParserFactoryImpl;Ljava/util/Map;Z)V+46 java.xml@17.0.3
j  com.sun.org.apache.xerces.internal.jaxp.SAXParserImpl.<init>(Lcom/sun/org/apache/xerces/internal/jaxp/SAXParserFactoryImpl;Ljava/util/Map;)V+4 java.xml@17.0.3
j  com.sun.org.apache.xerces.internal.jaxp.SAXParserFactoryImpl.newSAXParserImpl()Lcom/sun/org/apache/xerces/internal/jaxp/SAXParserImpl;+9 java.xml@17.0.3
j  com.sun.org.apache.xerces.internal.jaxp.SAXParserFactoryImpl.getFeature(Ljava/lang/String;)Z+27 java.xml@17.0.3
j  org.testng.xml.XMLParser.supportsValidation(Ljavax/xml/parsers/SAXParserFactory;)Z+3
j  org.testng.xml.XMLParser.<clinit>()V+5
v  ~StubRoutines::call_stub
j  org.testng.xml.Parser.<clinit>()V+0
v  ~StubRoutines::call_stub
j  org.testng.TestNG.getParser(Ljava/lang/String;)Lorg/testng/xml/Parser;+0
j  org.testng.TestNG.initializeSuitesAndJarFile()V+277
j  org.testng.remote.AbstractRemoteTestNG.initialize()V+1
j  org.testng.remote.AbstractRemoteTestNG.run()V+27
j  org.testng.remote.RemoteTestNG.initAndRun(Lorg/testng/remote/IRemoteTestNG;[Ljava/lang/String;Lorg/testng/CommandLineArgs;Lorg/testng/remote/RemoteArgs;)V+184
j  org.testng.remote.RemoteTestNG.main([Ljava/lang/String;)V+201
v  ~StubRoutines::call_stub

---------------  P R O C E S S  ---------------

Threads class SMR info:
_java_thread_list=0x000002e2ef5dde50, length=13, elements={
0x000002e2d356c490, 0x000002e2ef413620, 0x000002e2ee8340a0, 0x000002e2ee87c020,
0x000002e2ee846570, 0x000002e2ee848e40, 0x000002e2ee849700, 0x000002e2ee84a3e0,
0x000002e2ef489e80, 0x000002e2ef48df70, 0x000002e2ef588150, 0x000002e2ef5ada00,
0x000002e2efcdead0
}

Java Threads: ( => current thread )
=>0x000002e2d356c490 JavaThread "main" [_thread_in_vm, id=12652, stack(0x000000ee1bd00000,0x000000ee1be00000)]
  0x000002e2ef413620 JavaThread "Reference Handler" daemon [_thread_blocked, id=32648, stack(0x000000ee1c500000,0x000000ee1c600000)]
  0x000002e2ee8340a0 JavaThread "Finalizer" daemon [_thread_blocked, id=34756, stack(0x000000ee1c600000,0x000000ee1c700000)]
  0x000002e2ee87c020 JavaThread "Signal Dispatcher" daemon [_thread_blocked, id=14244, stack(0x000000ee1c700000,0x000000ee1c800000)]
  0x000002e2ee846570 JavaThread "Attach Listener" daemon [_thread_blocked, id=32732, stack(0x000000ee1c800000,0x000000ee1c900000)]
  0x000002e2ee848e40 JavaThread "Service Thread" daemon [_thread_blocked, id=14400, stack(0x000000ee1c900000,0x000000ee1ca00000)]
  0x000002e2ee849700 JavaThread "Monitor Deflation Thread" daemon [_thread_blocked, id=34928, stack(0x000000ee1ca00000,0x000000ee1cb00000)]
  0x000002e2ee84a3e0 JavaThread "C2 CompilerThread0" daemon [_thread_blocked, id=35512, stack(0x000000ee1cb00000,0x000000ee1cc00000)]
  0x000002e2ef489e80 JavaThread "C1 CompilerThread0" daemon [_thread_blocked, id=33172, stack(0x000000ee1cc00000,0x000000ee1cd00000)]
  0x000002e2ef48df70 JavaThread "Sweeper thread" daemon [_thread_blocked, id=16912, stack(0x000000ee1cd00000,0x000000ee1ce00000)]
  0x000002e2ef588150 JavaThread "Notification Thread" daemon [_thread_blocked, id=32360, stack(0x000000ee1ce00000,0x000000ee1cf00000)]
  0x000002e2ef5ada00 JavaThread "Common-Cleaner" daemon [_thread_blocked, id=35640, stack(0x000000ee1d000000,0x000000ee1d100000)]
  0x000002e2efcdead0 JavaThread "ReaderThread" [_thread_in_native, id=33996, stack(0x000000ee1d300000,0x000000ee1d400000)]

Other Threads:
  0x000002e2ee860980 VMThread "VM Thread" [stack: 0x000000ee1c400000,0x000000ee1c500000] [id=34760]
  0x000002e2ef588620 WatcherThread [stack: 0x000000ee1cf00000,0x000000ee1d000000] [id=33876]
  0x000002e2d55d0a20 GCTaskThread "GC Thread#0" [stack: 0x000000ee1bf00000,0x000000ee1c000000] [id=31152]
  0x000002e2ef9d2fd0 GCTaskThread "GC Thread#1" [stack: 0x000000ee1d100000,0x000000ee1d200000] [id=19464]
  0x000002e2d55e1960 ConcurrentGCThread "G1 Main Marker" [stack: 0x000000ee1c000000,0x000000ee1c100000] [id=33084]
  0x000002e2d55e30e0 ConcurrentGCThread "G1 Conc#0" [stack: 0x000000ee1c100000,0x000000ee1c200000] [id=4328]
  0x000002e2d562ecf0 ConcurrentGCThread "G1 Refine#0" [stack: 0x000000ee1c200000,0x000000ee1c300000] [id=34604]
  0x000002e2ee6a5570 ConcurrentGCThread "G1 Service" [stack: 0x000000ee1c300000,0x000000ee1c400000] [id=28000]

Threads with active compile tasks:

VM state: not at safepoint (normal execution)

VM Mutex/Monitor currently owned by a thread:  ([mutex/lock_event])
[0x000002e2d55764a0] Metaspace_lock - owner thread: 0x000002e2d356c490

Heap address: 0x0000000080000000, size: 2048 MB, Compressed Oops mode: 32-bit

CDS archive(s) not mapped
Compressed class space mapped at: 0x0000000100000000-0x0000000140000000, reserved size: 1073741824
Narrow klass base: 0x0000000000000000, Narrow klass shift: 3, Narrow klass range: 0x140000000

GC Precious Log:
 CPUs: 2 total, 2 available
 Memory: 8189M
 Large Page Support: Disabled
 NUMA Support: Disabled
 Compressed Oops: Enabled (32-bit)
 Heap Region Size: 1M
 Heap Min Capacity: 8M
 Heap Initial Capacity: 128M
 Heap Max Capacity: 2G
 Pre-touch: Disabled
 Parallel Workers: 2
 Concurrent Workers: 1
 Concurrent Refinement Workers: 2
 Periodic GC: Disabled

Heap:
 garbage-first heap   total 131072K, used 6676K [0x0000000080000000, 0x0000000100000000)
  region size 1024K, 2 young (2048K), 1 survivors (1024K)
 Metaspace       used 9399K, committed 9600K, reserved 1064960K
  class space    used 838K, committed 960K, reserved 1048576K

Heap Regions: E=young(eden), S=young(survivor), O=old, HS=humongous(starts), HC=humongous(continues), CS=collection set, F=free, OA=open archive, CA=closed archive, TAMS=top-at-mark-start (previous, next)
|   0|0x0000000080000000, 0x0000000080100000, 0x0000000080100000|100%| O|  |TAMS 0x0000000080000000, 0x0000000080000000| Untracked 
|   1|0x0000000080100000, 0x0000000080200000, 0x0000000080200000|100%| O|  |TAMS 0x0000000080100000, 0x0000000080100000| Untracked 
|   2|0x0000000080200000, 0x0000000080300000, 0x0000000080300000|100%| O|  |TAMS 0x0000000080200000, 0x0000000080200000| Untracked 
|   3|0x0000000080300000, 0x0000000080400000, 0x0000000080400000|100%|HS|  |TAMS 0x0000000080300000, 0x0000000080300000| Complete 
|   4|0x0000000080400000, 0x0000000080500000, 0x0000000080500000|100%| O|  |TAMS 0x0000000080400000, 0x0000000080400000| Untracked 
|   5|0x0000000080500000, 0x0000000080585200, 0x0000000080600000| 52%| O|  |TAMS 0x0000000080500000, 0x0000000080500000| Untracked 
|   6|0x0000000080600000, 0x0000000080600000, 0x0000000080700000|  0%| F|  |TAMS 0x0000000080600000, 0x0000000080600000| Untracked 
|   7|0x0000000080700000, 0x0000000080700000, 0x0000000080800000|  0%| F|  |TAMS 0x0000000080700000, 0x0000000080700000| Untracked 
|   8|0x0000000080800000, 0x0000000080800000, 0x0000000080900000|  0%| F|  |TAMS 0x0000000080800000, 0x0000000080800000| Untracked 
|   9|0x0000000080900000, 0x0000000080900000, 0x0000000080a00000|  0%| F|  |TAMS 0x0000000080900000, 0x0000000080900000| Untracked 
|  10|0x0000000080a00000, 0x0000000080a00000, 0x0000000080b00000|  0%| F|  |TAMS 0x0000000080a00000, 0x0000000080a00000| Untracked 
|  11|0x0000000080b00000, 0x0000000080b00000, 0x0000000080c00000|  0%| F|  |TAMS 0x0000000080b00000, 0x0000000080b00000| Untracked 
|  12|0x0000000080c00000, 0x0000000080c00000, 0x0000000080d00000|  0%| F|  |TAMS 0x0000000080c00000, 0x0000000080c00000| Untracked 
|  13|0x0000000080d00000, 0x0000000080d00000, 0x0000000080e00000|  0%| F|  |TAMS 0x0000000080d00000, 0x0000000080d00000| Untracked 
|  14|0x0000000080e00000, 0x0000000080e00000, 0x0000000080f00000|  0%| F|  |TAMS 0x0000000080e00000, 0x0000000080e00000| Untracked 
|  15|0x0000000080f00000, 0x0000000080f00000, 0x0000000081000000|  0%| F|  |TAMS 0x0000000080f00000, 0x0000000080f00000| Untracked 
|  16|0x0000000081000000, 0x0000000081000000, 0x0000000081100000|  0%| F|  |TAMS 0x0000000081000000, 0x0000000081000000| Untracked 
|  17|0x0000000081100000, 0x0000000081100000, 0x0000000081200000|  0%| F|  |TAMS 0x0000000081100000, 0x0000000081100000| Untracked 
|  18|0x0000000081200000, 0x0000000081200000, 0x0000000081300000|  0%| F|  |TAMS 0x0000000081200000, 0x0000000081200000| Untracked 
|  19|0x0000000081300000, 0x0000000081300000, 0x0000000081400000|  0%| F|  |TAMS 0x0000000081300000, 0x0000000081300000| Untracked 
|  20|0x0000000081400000, 0x0000000081400000, 0x0000000081500000|  0%| F|  |TAMS 0x0000000081400000, 0x0000000081400000| Untracked 
|  21|0x0000000081500000, 0x0000000081500000, 0x0000000081600000|  0%| F|  |TAMS 0x0000000081500000, 0x0000000081500000| Untracked 
|  22|0x0000000081600000, 0x0000000081600000, 0x0000000081700000|  0%| F|  |TAMS 0x0000000081600000, 0x0000000081600000| Untracked 
|  23|0x0000000081700000, 0x0000000081700000, 0x0000000081800000|  0%| F|  |TAMS 0x0000000081700000, 0x0000000081700000| Untracked 
|  24|0x0000000081800000, 0x0000000081800000, 0x0000000081900000|  0%| F|  |TAMS 0x0000000081800000, 0x0000000081800000| Untracked 
|  25|0x0000000081900000, 0x0000000081900000, 0x0000000081a00000|  0%| F|  |TAMS 0x0000000081900000, 0x0000000081900000| Untracked 
|  26|0x0000000081a00000, 0x0000000081a00000, 0x0000000081b00000|  0%| F|  |TAMS 0x0000000081a00000, 0x0000000081a00000| Untracked 
|  27|0x0000000081b00000, 0x0000000081b00000, 0x0000000081c00000|  0%| F|  |TAMS 0x0000000081b00000, 0x0000000081b00000| Untracked 
|  28|0x0000000081c00000, 0x0000000081c00000, 0x0000000081d00000|  0%| F|  |TAMS 0x0000000081c00000, 0x0000000081c00000| Untracked 
|  29|0x0000000081d00000, 0x0000000081d00000, 0x0000000081e00000|  0%| F|  |TAMS 0x0000000081d00000, 0x0000000081d00000| Untracked 
|  30|0x0000000081e00000, 0x0000000081e00000, 0x0000000081f00000|  0%| F|  |TAMS 0x0000000081e00000, 0x0000000081e00000| Untracked 
|  31|0x0000000081f00000, 0x0000000081f00000, 0x0000000082000000|  0%| F|  |TAMS 0x0000000081f00000, 0x0000000081f00000| Untracked 
|  32|0x0000000082000000, 0x0000000082000000, 0x0000000082100000|  0%| F|  |TAMS 0x0000000082000000, 0x0000000082000000| Untracked 
|  33|0x0000000082100000, 0x0000000082100000, 0x0000000082200000|  0%| F|  |TAMS 0x0000000082100000, 0x0000000082100000| Untracked 
|  34|0x0000000082200000, 0x0000000082200000, 0x0000000082300000|  0%| F|  |TAMS 0x0000000082200000, 0x0000000082200000| Untracked 
|  35|0x0000000082300000, 0x0000000082300000, 0x0000000082400000|  0%| F|  |TAMS 0x0000000082300000, 0x0000000082300000| Untracked 
|  36|0x0000000082400000, 0x0000000082400000, 0x0000000082500000|  0%| F|  |TAMS 0x0000000082400000, 0x0000000082400000| Untracked 
|  37|0x0000000082500000, 0x0000000082500000, 0x0000000082600000|  0%| F|  |TAMS 0x0000000082500000, 0x0000000082500000| Untracked 
|  38|0x0000000082600000, 0x0000000082600000, 0x0000000082700000|  0%| F|  |TAMS 0x0000000082600000, 0x0000000082600000| Untracked 
|  39|0x0000000082700000, 0x0000000082700000, 0x0000000082800000|  0%| F|  |TAMS 0x0000000082700000, 0x0000000082700000| Untracked 
|  40|0x0000000082800000, 0x0000000082800000, 0x0000000082900000|  0%| F|  |TAMS 0x0000000082800000, 0x0000000082800000| Untracked 
|  41|0x0000000082900000, 0x0000000082900000, 0x0000000082a00000|  0%| F|  |TAMS 0x0000000082900000, 0x0000000082900000| Untracked 
|  42|0x0000000082a00000, 0x0000000082a00000, 0x0000000082b00000|  0%| F|  |TAMS 0x0000000082a00000, 0x0000000082a00000| Untracked 
|  43|0x0000000082b00000, 0x0000000082b00000, 0x0000000082c00000|  0%| F|  |TAMS 0x0000000082b00000, 0x0000000082b00000| Untracked 
|  44|0x0000000082c00000, 0x0000000082c00000, 0x0000000082d00000|  0%| F|  |TAMS 0x0000000082c00000, 0x0000000082c00000| Untracked 
|  45|0x0000000082d00000, 0x0000000082d00000, 0x0000000082e00000|  0%| F|  |TAMS 0x0000000082d00000, 0x0000000082d00000| Untracked 
|  46|0x0000000082e00000, 0x0000000082e00000, 0x0000000082f00000|  0%| F|  |TAMS 0x0000000082e00000, 0x0000000082e00000| Untracked 
|  47|0x0000000082f00000, 0x0000000082f00000, 0x0000000083000000|  0%| F|  |TAMS 0x0000000082f00000, 0x0000000082f00000| Untracked 
|  48|0x0000000083000000, 0x0000000083000000, 0x0000000083100000|  0%| F|  |TAMS 0x0000000083000000, 0x0000000083000000| Untracked 
|  49|0x0000000083100000, 0x0000000083100000, 0x0000000083200000|  0%| F|  |TAMS 0x0000000083100000, 0x0000000083100000| Untracked 
|  50|0x0000000083200000, 0x0000000083200000, 0x0000000083300000|  0%| F|  |TAMS 0x0000000083200000, 0x0000000083200000| Untracked 
|  51|0x0000000083300000, 0x0000000083300000, 0x0000000083400000|  0%| F|  |TAMS 0x0000000083300000, 0x0000000083300000| Untracked 
|  52|0x0000000083400000, 0x0000000083400000, 0x0000000083500000|  0%| F|  |TAMS 0x0000000083400000, 0x0000000083400000| Untracked 
|  53|0x0000000083500000, 0x0000000083500000, 0x0000000083600000|  0%| F|  |TAMS 0x0000000083500000, 0x0000000083500000| Untracked 
|  54|0x0000000083600000, 0x0000000083600000, 0x0000000083700000|  0%| F|  |TAMS 0x0000000083600000, 0x0000000083600000| Untracked 
|  55|0x0000000083700000, 0x0000000083700000, 0x0000000083800000|  0%| F|  |TAMS 0x0000000083700000, 0x0000000083700000| Untracked 
|  56|0x0000000083800000, 0x0000000083800000, 0x0000000083900000|  0%| F|  |TAMS 0x0000000083800000, 0x0000000083800000| Untracked 
|  57|0x0000000083900000, 0x0000000083900000, 0x0000000083a00000|  0%| F|  |TAMS 0x0000000083900000, 0x0000000083900000| Untracked 
|  58|0x0000000083a00000, 0x0000000083a00000, 0x0000000083b00000|  0%| F|  |TAMS 0x0000000083a00000, 0x0000000083a00000| Untracked 
|  59|0x0000000083b00000, 0x0000000083b00000, 0x0000000083c00000|  0%| F|  |TAMS 0x0000000083b00000, 0x0000000083b00000| Untracked 
|  60|0x0000000083c00000, 0x0000000083c00000, 0x0000000083d00000|  0%| F|  |TAMS 0x0000000083c00000, 0x0000000083c00000| Untracked 
|  61|0x0000000083d00000, 0x0000000083d00000, 0x0000000083e00000|  0%| F|  |TAMS 0x0000000083d00000, 0x0000000083d00000| Untracked 
|  62|0x0000000083e00000, 0x0000000083e00000, 0x0000000083f00000|  0%| F|  |TAMS 0x0000000083e00000, 0x0000000083e00000| Untracked 
|  63|0x0000000083f00000, 0x0000000083f00000, 0x0000000084000000|  0%| F|  |TAMS 0x0000000083f00000, 0x0000000083f00000| Untracked 
|  64|0x0000000084000000, 0x0000000084000000, 0x0000000084100000|  0%| F|  |TAMS 0x0000000084000000, 0x0000000084000000| Untracked 
|  65|0x0000000084100000, 0x0000000084100000, 0x0000000084200000|  0%| F|  |TAMS 0x0000000084100000, 0x0000000084100000| Untracked 
|  66|0x0000000084200000, 0x0000000084200000, 0x0000000084300000|  0%| F|  |TAMS 0x0000000084200000, 0x0000000084200000| Untracked 
|  67|0x0000000084300000, 0x0000000084300000, 0x0000000084400000|  0%| F|  |TAMS 0x0000000084300000, 0x0000000084300000| Untracked 
|  68|0x0000000084400000, 0x0000000084400000, 0x0000000084500000|  0%| F|  |TAMS 0x0000000084400000, 0x0000000084400000| Untracked 
|  69|0x0000000084500000, 0x0000000084500000, 0x0000000084600000|  0%| F|  |TAMS 0x0000000084500000, 0x0000000084500000| Untracked 
|  70|0x0000000084600000, 0x0000000084600000, 0x0000000084700000|  0%| F|  |TAMS 0x0000000084600000, 0x0000000084600000| Untracked 
|  71|0x0000000084700000, 0x0000000084700000, 0x0000000084800000|  0%| F|  |TAMS 0x0000000084700000, 0x0000000084700000| Untracked 
|  72|0x0000000084800000, 0x0000000084800000, 0x0000000084900000|  0%| F|  |TAMS 0x0000000084800000, 0x0000000084800000| Untracked 
|  73|0x0000000084900000, 0x0000000084900000, 0x0000000084a00000|  0%| F|  |TAMS 0x0000000084900000, 0x0000000084900000| Untracked 
|  74|0x0000000084a00000, 0x0000000084a00000, 0x0000000084b00000|  0%| F|  |TAMS 0x0000000084a00000, 0x0000000084a00000| Untracked 
|  75|0x0000000084b00000, 0x0000000084b00000, 0x0000000084c00000|  0%| F|  |TAMS 0x0000000084b00000, 0x0000000084b00000| Untracked 
|  76|0x0000000084c00000, 0x0000000084c00000, 0x0000000084d00000|  0%| F|  |TAMS 0x0000000084c00000, 0x0000000084c00000| Untracked 
|  77|0x0000000084d00000, 0x0000000084d00000, 0x0000000084e00000|  0%| F|  |TAMS 0x0000000084d00000, 0x0000000084d00000| Untracked 
|  78|0x0000000084e00000, 0x0000000084e00000, 0x0000000084f00000|  0%| F|  |TAMS 0x0000000084e00000, 0x0000000084e00000| Untracked 
|  79|0x0000000084f00000, 0x0000000084f00000, 0x0000000085000000|  0%| F|  |TAMS 0x0000000084f00000, 0x0000000084f00000| Untracked 
|  80|0x0000000085000000, 0x0000000085000000, 0x0000000085100000|  0%| F|  |TAMS 0x0000000085000000, 0x0000000085000000| Untracked 
|  81|0x0000000085100000, 0x0000000085100000, 0x0000000085200000|  0%| F|  |TAMS 0x0000000085100000, 0x0000000085100000| Untracked 
|  82|0x0000000085200000, 0x0000000085200000, 0x0000000085300000|  0%| F|  |TAMS 0x0000000085200000, 0x0000000085200000| Untracked 
|  83|0x0000000085300000, 0x0000000085300000, 0x0000000085400000|  0%| F|  |TAMS 0x0000000085300000, 0x0000000085300000| Untracked 
|  84|0x0000000085400000, 0x0000000085400000, 0x0000000085500000|  0%| F|  |TAMS 0x0000000085400000, 0x0000000085400000| Untracked 
|  85|0x0000000085500000, 0x0000000085500000, 0x0000000085600000|  0%| F|  |TAMS 0x0000000085500000, 0x0000000085500000| Untracked 
|  86|0x0000000085600000, 0x0000000085600000, 0x0000000085700000|  0%| F|  |TAMS 0x0000000085600000, 0x0000000085600000| Untracked 
|  87|0x0000000085700000, 0x0000000085700000, 0x0000000085800000|  0%| F|  |TAMS 0x0000000085700000, 0x0000000085700000| Untracked 
|  88|0x0000000085800000, 0x0000000085800000, 0x0000000085900000|  0%| F|  |TAMS 0x0000000085800000, 0x0000000085800000| Untracked 
|  89|0x0000000085900000, 0x0000000085900000, 0x0000000085a00000|  0%| F|  |TAMS 0x0000000085900000, 0x0000000085900000| Untracked 
|  90|0x0000000085a00000, 0x0000000085a00000, 0x0000000085b00000|  0%| F|  |TAMS 0x0000000085a00000, 0x0000000085a00000| Untracked 
|  91|0x0000000085b00000, 0x0000000085b00000, 0x0000000085c00000|  0%| F|  |TAMS 0x0000000085b00000, 0x0000000085b00000| Untracked 
|  92|0x0000000085c00000, 0x0000000085c00000, 0x0000000085d00000|  0%| F|  |TAMS 0x0000000085c00000, 0x0000000085c00000| Untracked 
|  93|0x0000000085d00000, 0x0000000085d00000, 0x0000000085e00000|  0%| F|  |TAMS 0x0000000085d00000, 0x0000000085d00000| Untracked 
|  94|0x0000000085e00000, 0x0000000085e00000, 0x0000000085f00000|  0%| F|  |TAMS 0x0000000085e00000, 0x0000000085e00000| Untracked 
|  95|0x0000000085f00000, 0x0000000085f00000, 0x0000000086000000|  0%| F|  |TAMS 0x0000000085f00000, 0x0000000085f00000| Untracked 
|  96|0x0000000086000000, 0x0000000086000000, 0x0000000086100000|  0%| F|  |TAMS 0x0000000086000000, 0x0000000086000000| Untracked 
|  97|0x0000000086100000, 0x0000000086100000, 0x0000000086200000|  0%| F|  |TAMS 0x0000000086100000, 0x0000000086100000| Untracked 
|  98|0x0000000086200000, 0x0000000086200000, 0x0000000086300000|  0%| F|  |TAMS 0x0000000086200000, 0x0000000086200000| Untracked 
|  99|0x0000000086300000, 0x0000000086300000, 0x0000000086400000|  0%| F|  |TAMS 0x0000000086300000, 0x0000000086300000| Untracked 
| 100|0x0000000086400000, 0x0000000086400000, 0x0000000086500000|  0%| F|  |TAMS 0x0000000086400000, 0x0000000086400000| Untracked 
| 101|0x0000000086500000, 0x0000000086500000, 0x0000000086600000|  0%| F|  |TAMS 0x0000000086500000, 0x0000000086500000| Untracked 
| 102|0x0000000086600000, 0x0000000086600000, 0x0000000086700000|  0%| F|  |TAMS 0x0000000086600000, 0x0000000086600000| Untracked 
| 103|0x0000000086700000, 0x0000000086700000, 0x0000000086800000|  0%| F|  |TAMS 0x0000000086700000, 0x0000000086700000| Untracked 
| 104|0x0000000086800000, 0x0000000086800000, 0x0000000086900000|  0%| F|  |TAMS 0x0000000086800000, 0x0000000086800000| Untracked 
| 105|0x0000000086900000, 0x0000000086900000, 0x0000000086a00000|  0%| F|  |TAMS 0x0000000086900000, 0x0000000086900000| Untracked 
| 106|0x0000000086a00000, 0x0000000086a00000, 0x0000000086b00000|  0%| F|  |TAMS 0x0000000086a00000, 0x0000000086a00000| Untracked 
| 107|0x0000000086b00000, 0x0000000086b00000, 0x0000000086c00000|  0%| F|  |TAMS 0x0000000086b00000, 0x0000000086b00000| Untracked 
| 108|0x0000000086c00000, 0x0000000086c00000, 0x0000000086d00000|  0%| F|  |TAMS 0x0000000086c00000, 0x0000000086c00000| Untracked 
| 109|0x0000000086d00000, 0x0000000086d00000, 0x0000000086e00000|  0%| F|  |TAMS 0x0000000086d00000, 0x0000000086d00000| Untracked 
| 110|0x0000000086e00000, 0x0000000086e00000, 0x0000000086f00000|  0%| F|  |TAMS 0x0000000086e00000, 0x0000000086e00000| Untracked 
| 111|0x0000000086f00000, 0x0000000086f00000, 0x0000000087000000|  0%| F|  |TAMS 0x0000000086f00000, 0x0000000086f00000| Untracked 
| 112|0x0000000087000000, 0x0000000087000000, 0x0000000087100000|  0%| F|  |TAMS 0x0000000087000000, 0x0000000087000000| Untracked 
| 113|0x0000000087100000, 0x0000000087100000, 0x0000000087200000|  0%| F|  |TAMS 0x0000000087100000, 0x0000000087100000| Untracked 
| 114|0x0000000087200000, 0x0000000087200000, 0x0000000087300000|  0%| F|  |TAMS 0x0000000087200000, 0x0000000087200000| Untracked 
| 115|0x0000000087300000, 0x0000000087300000, 0x0000000087400000|  0%| F|  |TAMS 0x0000000087300000, 0x0000000087300000| Untracked 
| 116|0x0000000087400000, 0x0000000087400000, 0x0000000087500000|  0%| F|  |TAMS 0x0000000087400000, 0x0000000087400000| Untracked 
| 117|0x0000000087500000, 0x0000000087500000, 0x0000000087600000|  0%| F|  |TAMS 0x0000000087500000, 0x0000000087500000| Untracked 
| 118|0x0000000087600000, 0x0000000087600000, 0x0000000087700000|  0%| F|  |TAMS 0x0000000087600000, 0x0000000087600000| Untracked 
| 119|0x0000000087700000, 0x0000000087700000, 0x0000000087800000|  0%| F|  |TAMS 0x0000000087700000, 0x0000000087700000| Untracked 
| 120|0x0000000087800000, 0x0000000087800000, 0x0000000087900000|  0%| F|  |TAMS 0x0000000087800000, 0x0000000087800000| Untracked 
| 121|0x0000000087900000, 0x0000000087900000, 0x0000000087a00000|  0%| F|  |TAMS 0x0000000087900000, 0x0000000087900000| Untracked 
| 122|0x0000000087a00000, 0x0000000087b00000, 0x0000000087b00000|100%| S|CS|TAMS 0x0000000087a00000, 0x0000000087a00000| Complete 
| 123|0x0000000087b00000, 0x0000000087b00000, 0x0000000087c00000|  0%| F|  |TAMS 0x0000000087b00000, 0x0000000087b00000| Untracked 
| 124|0x0000000087c00000, 0x0000000087c00000, 0x0000000087d00000|  0%| F|  |TAMS 0x0000000087c00000, 0x0000000087c00000| Untracked 
| 125|0x0000000087d00000, 0x0000000087d00000, 0x0000000087e00000|  0%| F|  |TAMS 0x0000000087d00000, 0x0000000087d00000| Untracked 
| 126|0x0000000087e00000, 0x0000000087e00000, 0x0000000087f00000|  0%| F|  |TAMS 0x0000000087e00000, 0x0000000087e00000| Untracked 
| 127|0x0000000087f00000, 0x0000000087fc8d00, 0x0000000088000000| 78%| E|  |TAMS 0x0000000087f00000, 0x0000000087f00000| Complete 

Card table byte_map: [0x000002e2e7c10000,0x000002e2e8010000] _byte_map_base: 0x000002e2e7810000

Marking Bits (Prev, Next): (CMBitMap*) 0x000002e2d55d1030, (CMBitMap*) 0x000002e2d55d1070
 Prev Bits: [0x000002e2e8410000, 0x000002e2ea410000)
 Next Bits: [0x000002e2ea410000, 0x000002e2ec410000)

Polling page: 0x000002e2d3430000

Metaspace:

Usage:
  Non-class:      8.36 MB used.
      Class:    838.86 KB used.
       Both:      9.18 MB used.

Virtual space:
  Non-class space:       16.00 MB reserved,       8.44 MB ( 53%) committed,  2 nodes.
      Class space:        1.00 GB reserved,     960.00 KB ( <1%) committed,  1 nodes.
             Both:        1.02 GB reserved,       9.38 MB ( <1%) committed. 

Chunk freelists:
   Non-Class:  3.00 MB
       Class:  3.05 MB
        Both:  6.04 MB

MaxMetaspaceSize: unlimited
CompressedClassSpaceSize: 1.00 GB
Initial GC threshold: 21.00 MB
Current GC threshold: 21.00 MB
CDS: off
MetaspaceReclaimPolicy: balanced
 - commit_granule_bytes: 65536.
 - commit_granule_words: 8192.
 - virtual_space_node_default_size: 1048576.
 - enlarge_chunks_in_place: 1.
 - new_chunks_are_fully_committed: 0.
 - uncommit_free_chunks: 1.
 - use_allocation_guard: 0.
 - handle_deallocations: 1.


Internal statistics:

num_allocs_failed_limit: 0.
num_arena_births: 36.
num_arena_deaths: 0.
num_vsnodes_births: 3.
num_vsnodes_deaths: 0.
num_space_committed: 150.
num_space_uncommitted: 0.
num_chunks_returned_to_freelist: 0.
num_chunks_taken_from_freelist: 90.
num_chunk_merges: 0.
num_chunk_splits: 48.
num_chunks_enlarged: 35.
num_purges: 0.
num_inconsistent_stats: 0.

CodeHeap 'non-profiled nmethods': size=120064Kb used=240Kb max_used=240Kb free=119823Kb
 bounds [0x000002e2e06d0000, 0x000002e2e0940000, 0x000002e2e7c10000]
CodeHeap 'profiled nmethods': size=120000Kb used=1224Kb max_used=1224Kb free=118775Kb
 bounds [0x000002e2d91a0000, 0x000002e2d9410000, 0x000002e2e06d0000]
CodeHeap 'non-nmethods': size=5696Kb used=1128Kb max_used=1139Kb free=4567Kb
 bounds [0x000002e2d8c10000, 0x000002e2d8e80000, 0x000002e2d91a0000]
 total_blobs=1092 nmethods=677 adapters=329
 compilation: enabled
              stopped_count=0, restarted_count=0
 full_count=0

Compilation events (20 events):
Event: 2.245 Thread 0x000002e2ef489e80  665       3       java.util.concurrent.ConcurrentHashMap$BaseIterator::hasNext (13 bytes)
Event: 2.245 Thread 0x000002e2ef489e80 nmethod 665 0x000002e2d92cb690 code [0x000002e2d92cb820, 0x000002e2d92cb998]
Event: 2.245 Thread 0x000002e2ef489e80  667       3       jdk.internal.loader.URLClassPath$JarLoader::findResource (18 bytes)
Event: 2.245 Thread 0x000002e2ef489e80 nmethod 667 0x000002e2d92cba10 code [0x000002e2d92cbbc0, 0x000002e2d92cbda8]
Event: 2.245 Thread 0x000002e2ef489e80  666       3       java.util.concurrent.ConcurrentHashMap$ValueIterator::next (34 bytes)
Event: 2.245 Thread 0x000002e2ef489e80 nmethod 666 0x000002e2d92cbe90 code [0x000002e2d92cc040, 0x000002e2d92cc2f8]
Event: 2.245 Thread 0x000002e2ef489e80  668       3       java.lang.invoke.MemberName::flagsMods (73 bytes)
Event: 2.245 Thread 0x000002e2ef489e80 nmethod 668 0x000002e2d92cc410 code [0x000002e2d92cc5a0, 0x000002e2d92cc6d8]
Event: 2.245 Thread 0x000002e2ef489e80  669       3       jdk.internal.org.objectweb.asm.ClassReader::readUnsignedShort (26 bytes)
Event: 2.246 Thread 0x000002e2ef489e80 nmethod 669 0x000002e2d92cc790 code [0x000002e2d92cc920, 0x000002e2d92cca98]
Event: 2.246 Thread 0x000002e2ef489e80  670       3       java.lang.reflect.Modifier::isProtected (12 bytes)
Event: 2.246 Thread 0x000002e2ef489e80 nmethod 670 0x000002e2d92ccb90 code [0x000002e2d92ccd20, 0x000002e2d92cce78]
Event: 2.246 Thread 0x000002e2ef489e80  671       3       sun.invoke.util.Wrapper::findPrimitiveType (25 bytes)
Event: 2.247 Thread 0x000002e2ef489e80 nmethod 671 0x000002e2d92ccf10 code [0x000002e2d92cd180, 0x000002e2d92cdca8]
Event: 2.247 Thread 0x000002e2ef489e80  674       3       java.lang.invoke.MethodType::insertParameterTypes (121 bytes)
Event: 2.248 Thread 0x000002e2ef489e80 nmethod 674 0x000002e2d92ce110 code [0x000002e2d92ce3e0, 0x000002e2d92cf1a8]
Event: 2.248 Thread 0x000002e2ef489e80  676   !   3       java.lang.invoke.MemberName$Factory::resolve (159 bytes)
Event: 2.248 Thread 0x000002e2ef489e80 nmethod 676 0x000002e2d92cf710 code [0x000002e2d92cf940, 0x000002e2d92d0028]
Event: 2.248 Thread 0x000002e2ef489e80  677   !   3       java.lang.invoke.MemberName::getMethodType (211 bytes)
Event: 2.249 Thread 0x000002e2ef489e80 nmethod 677 0x000002e2d92d0310 code [0x000002e2d92d0600, 0x000002e2d92d1b38]

GC Heap History (4 events):
Event: 1.752 GC heap before
{Heap before GC invocations=0 (full 0):
 garbage-first heap   total 131072K, used 5120K [0x0000000080000000, 0x0000000100000000)
  region size 1024K, 6 young (6144K), 0 survivors (0K)
 Metaspace       used 7218K, committed 7360K, reserved 1056768K
  class space    used 612K, committed 704K, reserved 1048576K
}
Event: 1.756 GC heap after
{Heap after GC invocations=1 (full 0):
 garbage-first heap   total 131072K, used 3315K [0x0000000080000000, 0x0000000100000000)
  region size 1024K, 1 young (1024K), 1 survivors (1024K)
 Metaspace       used 7218K, committed 7360K, reserved 1056768K
  class space    used 612K, committed 704K, reserved 1048576K
}
Event: 2.214 GC heap before
{Heap before GC invocations=1 (full 0):
 garbage-first heap   total 131072K, used 8435K [0x0000000080000000, 0x0000000100000000)
  region size 1024K, 6 young (6144K), 1 survivors (1024K)
 Metaspace       used 8750K, committed 8960K, reserved 1056768K
  class space    used 769K, committed 896K, reserved 1048576K
}
Event: 2.217 GC heap after
{Heap after GC invocations=2 (full 0):
 garbage-first heap   total 131072K, used 6676K [0x0000000080000000, 0x0000000100000000)
  region size 1024K, 1 young (1024K), 1 survivors (1024K)
 Metaspace       used 8750K, committed 8960K, reserved 1056768K
  class space    used 769K, committed 896K, reserved 1048576K
}

Deoptimization events (20 events):
Event: 1.369 Thread 0x000002e2d356c490 DEOPT PACKING pc=0x000002e2e06d15f4 sp=0x000000ee1bdff0f0
Event: 1.369 Thread 0x000002e2d356c490 DEOPT UNPACKING pc=0x000002e2d8c6239d sp=0x000000ee1bdff030 mode 2
Event: 1.390 Thread 0x000002e2d356c490 DEOPT PACKING pc=0x000002e2d91a9f67 sp=0x000000ee1bdfc230
Event: 1.390 Thread 0x000002e2d356c490 DEOPT UNPACKING pc=0x000002e2d8c62b24 sp=0x000000ee1bdfb668 mode 0
Event: 1.432 Thread 0x000002e2d356c490 DEOPT PACKING pc=0x000002e2d91a9f67 sp=0x000000ee1bdfa920
Event: 1.432 Thread 0x000002e2d356c490 DEOPT UNPACKING pc=0x000002e2d8c62b24 sp=0x000000ee1bdf9d40 mode 0
Event: 1.448 Thread 0x000002e2d356c490 DEOPT PACKING pc=0x000002e2d91a74d1 sp=0x000000ee1bdfa520
Event: 1.448 Thread 0x000002e2d356c490 DEOPT UNPACKING pc=0x000002e2d8c62b24 sp=0x000000ee1bdf9998 mode 0
Event: 1.560 Thread 0x000002e2d356c490 Uncommon trap: trap_request=0xffffff45 fr.pc=0x000002e2e06d9514 relative=0x0000000000000174
Event: 1.560 Thread 0x000002e2d356c490 Uncommon trap: reason=unstable_if action=reinterpret pc=0x000002e2e06d9514 method=java.util.zip.ZipFile$Source.isMetaName([BII)Z @ 43 c2
Event: 1.560 Thread 0x000002e2d356c490 DEOPT PACKING pc=0x000002e2e06d9514 sp=0x000000ee1bdfa710
Event: 1.560 Thread 0x000002e2d356c490 DEOPT UNPACKING pc=0x000002e2d8c6239d sp=0x000000ee1bdfa6b8 mode 2
Event: 1.763 Thread 0x000002e2d356c490 DEOPT PACKING pc=0x000002e2d91f6b7c sp=0x000000ee1bdfecf0
Event: 1.763 Thread 0x000002e2d356c490 DEOPT UNPACKING pc=0x000002e2d8c62b24 sp=0x000000ee1bdfe1b0 mode 1
Event: 1.792 Thread 0x000002e2d356c490 DEOPT PACKING pc=0x000002e2d91a8ece sp=0x000000ee1bdfe7a0
Event: 1.792 Thread 0x000002e2d356c490 DEOPT UNPACKING pc=0x000002e2d8c62b24 sp=0x000000ee1bdfdbe8 mode 0
Event: 1.966 Thread 0x000002e2d356c490 DEOPT PACKING pc=0x000002e2d91af3e5 sp=0x000000ee1bdfe030
Event: 1.966 Thread 0x000002e2d356c490 DEOPT UNPACKING pc=0x000002e2d8c62b24 sp=0x000000ee1bdfd480 mode 0
Event: 2.153 Thread 0x000002e2d356c490 DEOPT PACKING pc=0x000002e2d91ad03e sp=0x000000ee1bdfe380
Event: 2.153 Thread 0x000002e2d356c490 DEOPT UNPACKING pc=0x000002e2d8c62b24 sp=0x000000ee1bdfd820 mode 0

Classes unloaded (0 events):
No events

Classes redefined (0 events):
No events

Internal exceptions (2 events):
Event: 2.173 Thread 0x000002e2d356c490 Exception <a 'java/lang/NoSuchMethodError'{0x0000000087b79e38}: 'java.lang.Object java.lang.invoke.DirectMethodHandle$Holder.invokeStaticInit(java.lang.Object)'> (0x0000000087b79e38) 
thrown [e:\jenkins\tmp\workspace\build\src\src\hotspot\share\interpreter\linkResolver.cpp, line 766]
Event: 2.201 Thread 0x000002e2d356c490 Exception <a 'java/lang/NoSuchMethodError'{0x0000000087b95cc0}: 'void java.lang.invoke.DirectMethodHandle$Holder.invokeStatic(java.lang.Object, java.lang.Object)'> (0x0000000087b95cc0) 
thrown [e:\jenkins\tmp\workspace\build\src\src\hotspot\share\interpreter\linkResolver.cpp, line 766]

VM Operations (16 events):
Event: 1.410 Executing VM operation: HandshakeAllThreads
Event: 1.410 Executing VM operation: HandshakeAllThreads done
Event: 1.410 Executing VM operation: Cleanup
Event: 1.410 Executing VM operation: Cleanup done
Event: 1.752 Executing VM operation: G1CollectForAllocation
Event: 1.756 Executing VM operation: G1CollectForAllocation done
Event: 1.762 Executing VM operation: HandshakeAllThreads
Event: 1.763 Executing VM operation: HandshakeAllThreads done
Event: 1.795 Executing VM operation: HandshakeAllThreads
Event: 1.795 Executing VM operation: HandshakeAllThreads done
Event: 1.797 Executing VM operation: HandshakeAllThreads
Event: 1.797 Executing VM operation: HandshakeAllThreads done
Event: 2.181 Executing VM operation: HandshakeAllThreads
Event: 2.181 Executing VM operation: HandshakeAllThreads done
Event: 2.214 Executing VM operation: G1CollectForAllocation
Event: 2.217 Executing VM operation: G1CollectForAllocation done

Events (20 events):
Event: 2.254 loading class com/sun/org/apache/xerces/internal/xni/Augmentations done
Event: 2.254 loading class com/sun/org/apache/xerces/internal/util/AugmentationsImpl done
Event: 2.254 loading class com/sun/org/apache/xerces/internal/util/AugmentationsImpl$SmallContainer
Event: 2.254 loading class com/sun/org/apache/xerces/internal/util/AugmentationsImpl$AugmentationsItemsContainer
Event: 2.255 loading class com/sun/org/apache/xerces/internal/util/AugmentationsImpl$AugmentationsItemsContainer done
Event: 2.255 loading class com/sun/org/apache/xerces/internal/util/AugmentationsImpl$SmallContainer done
Event: 2.255 loading class com/sun/xml/internal/stream/XMLEntityStorage
Event: 2.255 loading class com/sun/xml/internal/stream/XMLEntityStorage done
Event: 2.255 loading class com/sun/org/apache/xerces/internal/impl/XMLEntityScanner
Event: 2.256 loading class com/sun/org/apache/xerces/internal/xni/XMLLocator
Event: 2.256 loading class com/sun/org/apache/xerces/internal/xni/XMLLocator done
Event: 2.257 loading class com/sun/org/apache/xerces/internal/impl/XMLEntityScanner done
Event: 2.257 loading class com/sun/org/apache/xerces/internal/impl/XMLEntityScanner$1
Event: 2.257 loading class java/io/EOFException
Event: 2.257 loading class java/io/EOFException done
Event: 2.257 loading class com/sun/org/apache/xerces/internal/impl/XMLEntityScanner$1 done
Event: 2.257 loading class com/sun/org/apache/xerces/internal/impl/XMLErrorReporter
Event: 2.258 loading class com/sun/org/apache/xerces/internal/impl/XMLErrorReporter done
Event: 2.258 loading class com/sun/org/apache/xerces/internal/impl/XMLNSDocumentScannerImpl
Event: 2.259 loading class com/sun/org/apache/xerces/internal/impl/XMLDocumentScannerImpl


Dynamic libraries:
0x00007ff7b86f0000 - 0x00007ff7b86fe000 	C:\Users\divyasree.telaprolu\.p2\pool\plugins\org.eclipse.justj.openjdk.hotspot.jre.full.win32.x86_64_17.0.3.v20220515-1416\jre\bin\javaw.exe
0x00007ffbace20000 - 0x00007ffbad00d000 	C:\windows\SYSTEM32\ntdll.dll
0x00007ffbac6a0000 - 0x00007ffbac753000 	C:\windows\System32\KERNEL32.DLL
0x00007ffba9cd0000 - 0x00007ffba9f65000 	C:\windows\System32\KERNELBASE.dll
0x00007ffba9930000 - 0x00007ffba9a2a000 	C:\windows\System32\ucrtbase.dll
0x00007ffb94bb0000 - 0x00007ffb94bc8000 	C:\Users\divyasree.telaprolu\.p2\pool\plugins\org.eclipse.justj.openjdk.hotspot.jre.full.win32.x86_64_17.0.3.v20220515-1416\jre\bin\jli.dll
0x00007ffbabda0000 - 0x00007ffbabf38000 	C:\windows\System32\USER32.dll
0x00007ffba9cb0000 - 0x00007ffba9cd0000 	C:\windows\System32\win32u.dll
0x00007ffbac770000 - 0x00007ffbac799000 	C:\windows\System32\GDI32.dll
0x00007ffba9b10000 - 0x00007ffba9cac000 	C:\windows\System32\gdi32full.dll
0x00007ffba9890000 - 0x00007ffba9930000 	C:\windows\System32\msvcp_win.dll
0x00007ffb8eb00000 - 0x00007ffb8eb19000 	C:\Users\divyasree.telaprolu\.p2\pool\plugins\org.eclipse.justj.openjdk.hotspot.jre.full.win32.x86_64_17.0.3.v20220515-1416\jre\bin\VCRUNTIME140.dll
0x00007ffb95380000 - 0x00007ffb955f9000 	C:\windows\WinSxS\amd64_microsoft.windows.common-controls_6595b64144ccf1df_6.0.17763.2061_none_de73cf545348ec45\COMCTL32.dll
0x00007ffbab690000 - 0x00007ffbab72e000 	C:\windows\System32\msvcrt.dll
0x00007ffbacac0000 - 0x00007ffbacded000 	C:\windows\System32\combase.dll
0x00007ffbac7a0000 - 0x00007ffbac8bf000 	C:\windows\System32\RPCRT4.dll
0x00007ffba9a80000 - 0x00007ffba9b02000 	C:\windows\System32\bcryptPrimitives.dll
0x00007ffbabc40000 - 0x00007ffbabc6e000 	C:\windows\System32\IMM32.DLL
0x00007ffb94d70000 - 0x00007ffb94d7c000 	C:\Users\divyasree.telaprolu\.p2\pool\plugins\org.eclipse.justj.openjdk.hotspot.jre.full.win32.x86_64_17.0.3.v20220515-1416\jre\bin\vcruntime140_1.dll
0x00007ffb76820000 - 0x00007ffb768b1000 	C:\Users\divyasree.telaprolu\.p2\pool\plugins\org.eclipse.justj.openjdk.hotspot.jre.full.win32.x86_64_17.0.3.v20220515-1416\jre\bin\msvcp140.dll
0x00007ffb6d5f0000 - 0x00007ffb6e238000 	C:\Users\divyasree.telaprolu\.p2\pool\plugins\org.eclipse.justj.openjdk.hotspot.jre.full.win32.x86_64_17.0.3.v20220515-1416\jre\bin\server\jvm.dll
0x00007ffbabf40000 - 0x00007ffbabfe4000 	C:\windows\System32\ADVAPI32.dll
0x00007ffbac8c0000 - 0x00007ffbac95e000 	C:\windows\System32\sechost.dll
0x00007ffbab680000 - 0x00007ffbab688000 	C:\windows\System32\PSAPI.DLL
0x00007ffb957e0000 - 0x00007ffb957e9000 	C:\windows\SYSTEM32\WSOCK32.dll
0x00007ffbab610000 - 0x00007ffbab67d000 	C:\windows\System32\WS2_32.dll
0x00007ffba7040000 - 0x00007ffba7064000 	C:\windows\SYSTEM32\WINMM.dll
0x00007ffb9fc20000 - 0x00007ffb9fc2a000 	C:\windows\SYSTEM32\VERSION.dll
0x00007ffba7010000 - 0x00007ffba703d000 	C:\windows\SYSTEM32\WINMMBASE.dll
0x00007ffba9a30000 - 0x00007ffba9a7a000 	C:\windows\System32\cfgmgr32.dll
0x00007ffba8e00000 - 0x00007ffba8e11000 	C:\windows\System32\kernel.appcore.dll
0x00007ffb9e0d0000 - 0x00007ffb9e0da000 	C:\Users\divyasree.telaprolu\.p2\pool\plugins\org.eclipse.justj.openjdk.hotspot.jre.full.win32.x86_64_17.0.3.v20220515-1416\jre\bin\jimage.dll
0x00007ffb9fa30000 - 0x00007ffb9fc1d000 	C:\windows\SYSTEM32\DBGHELP.DLL
0x00007ffb9bde0000 - 0x00007ffb9be0a000 	C:\windows\SYSTEM32\dbgcore.DLL
0x00007ffb96560000 - 0x00007ffb96585000 	C:\Users\divyasree.telaprolu\.p2\pool\plugins\org.eclipse.justj.openjdk.hotspot.jre.full.win32.x86_64_17.0.3.v20220515-1416\jre\bin\java.dll
0x00007ffb96540000 - 0x00007ffb96558000 	C:\Users\divyasree.telaprolu\.p2\pool\plugins\org.eclipse.justj.openjdk.hotspot.jre.full.win32.x86_64_17.0.3.v20220515-1416\jre\bin\zip.dll
0x00007ffbaa0b0000 - 0x00007ffbab5a9000 	C:\windows\System32\SHELL32.dll
0x00007ffbab730000 - 0x00007ffbab7d8000 	C:\windows\System32\shcore.dll
0x00007ffba90e0000 - 0x00007ffba982b000 	C:\windows\System32\windows.storage.dll
0x00007ffba8e40000 - 0x00007ffba8e64000 	C:\windows\System32\profapi.dll
0x00007ffba8e70000 - 0x00007ffba8ecd000 	C:\windows\System32\powrprof.dll
0x00007ffbac640000 - 0x00007ffbac692000 	C:\windows\System32\shlwapi.dll
0x00007ffba90c0000 - 0x00007ffba90d7000 	C:\windows\System32\cryptsp.dll
0x00007ffb952d0000 - 0x00007ffb952e9000 	C:\Users\divyasree.telaprolu\.p2\pool\plugins\org.eclipse.justj.openjdk.hotspot.jre.full.win32.x86_64_17.0.3.v20220515-1416\jre\bin\net.dll
0x00007ffba4bf0000 - 0x00007ffba4ce1000 	C:\windows\SYSTEM32\WINHTTP.dll
0x00007ffba85d0000 - 0x00007ffba8637000 	C:\windows\system32\mswsock.dll
0x00007ffb95270000 - 0x00007ffb95285000 	C:\Users\divyasree.telaprolu\.p2\pool\plugins\org.eclipse.justj.openjdk.hotspot.jre.full.win32.x86_64_17.0.3.v20220515-1416\jre\bin\nio.dll
0x00007ffb96530000 - 0x00007ffb96540000 	C:\Users\divyasree.telaprolu\.p2\pool\plugins\org.eclipse.justj.openjdk.hotspot.jre.full.win32.x86_64_17.0.3.v20220515-1416\jre\bin\verify.dll
0x00007ffba8330000 - 0x00007ffba83f6000 	C:\windows\SYSTEM32\DNSAPI.dll
0x00007ffbac760000 - 0x00007ffbac768000 	C:\windows\System32\NSI.dll
0x00007ffba82f0000 - 0x00007ffba832d000 	C:\windows\SYSTEM32\IPHLPAPI.DLL
0x00007ffba2ce0000 - 0x00007ffba2cea000 	C:\Windows\System32\rasadhlp.dll
0x00007ffba5220000 - 0x00007ffba5299000 	C:\windows\System32\fwpuclnt.dll
0x00007ffba9f70000 - 0x00007ffba9f96000 	C:\windows\System32\bcrypt.dll

dbghelp: loaded successfully - version: 4.0.5 - missing functions: none
symbol engine: initialized successfully - sym options: 0x614 - pdb path: .;C:\Users\divyasree.telaprolu\.p2\pool\plugins\org.eclipse.justj.openjdk.hotspot.jre.full.win32.x86_64_17.0.3.v20220515-1416\jre\bin;C:\windows\SYSTEM32;C:\windows\WinSxS\amd64_microsoft.windows.common-controls_6595b64144ccf1df_6.0.17763.2061_none_de73cf545348ec45;C:\Users\divyasree.telaprolu\.p2\pool\plugins\org.eclipse.justj.openjdk.hotspot.jre.full.win32.x86_64_17.0.3.v20220515-1416\jre\bin\server

VM Arguments:
jvm_args: -ea -Dfile.encoding=UTF-8 -XX:+ShowCodeDetailsInExceptionMessages 
java_command: org.testng.remote.RemoteTestNG -serport 60643 -protocol json -d C:\ADL Automation Git\adle2eautomation\test-output C:\Users\DIVYAS~1.TEL\AppData\Local\Temp\testng-eclipse-2076257856\testng-customsuite.xml
java_class_path (initial): C:\Users\divyasree.telaprolu\eclipse\java-2022-06\eclipse\configuration\org.eclipse.osgi\431\0\.cp\lib\testng-remote.jar;C:\ADL Automation Git\adle2eautomation\target\test-classes;C:\ADL Automation Git\adle2eautomation\target\classes;C:\Users\divyasree.telaprolu\.m2\repository\org\seleniumhq\selenium\selenium-java\4.0.0\selenium-java-4.0.0.jar;C:\Users\divyasree.telaprolu\.m2\repository\org\seleniumhq\selenium\selenium-api\4.0.0\selenium-api-4.0.0.jar;C:\Users\divyasree.telaprolu\.m2\repository\org\seleniumhq\selenium\selenium-chrome-driver\4.0.0\selenium-chrome-driver-4.0.0.jar;C:\Users\divyasree.telaprolu\.m2\repository\com\google\auto\service\auto-service-annotations\1.0\auto-service-annotations-1.0.jar;C:\Users\divyasree.telaprolu\.m2\repository\com\google\auto\service\auto-service\1.0\auto-service-1.0.jar;C:\Users\divyasree.telaprolu\.m2\repository\com\google\auto\auto-common\1.0\auto-common-1.0.jar;C:\Users\divyasree.telaprolu\.m2\repository\com\google\guava\guava\31.0.1-jre\guava-31.0.1-jre.jar;C:\Users\divyasree.telaprolu\.m2\repository\com\google\guava\failureaccess\1.0.1\failureaccess-1.0.1.jar;C:\Users\divyasree.telaprolu\.m2\repository\com\google\guava\listenablefuture\9999.0-empty-to-avoid-conflict-with-guava\listenablefuture-9999.0-empty-to-avoid-conflict-with-guava.jar;C:\Users\divyasree.telaprolu\.m2\repository\com\google\code\findbugs\jsr305\3.0.2\jsr305-3.0.2.jar;C:\Users\divyasree.telaprolu\.m2\repository\org\checkerframework\checker-qual\3.12.0\checker-qual-3.12.0.jar;C:\Users\divyasree.telaprolu\.m2\repository\com\google\errorprone\error_prone_annotations\2.7.1\error_prone_annotations-2.7.1.jar;C:\Users\divyasree.telaprolu\.m2\repository\com\google\j2objc\j2objc-annotations\1.3\j2objc-annotations-1.3.jar;C:\Users\divyasree.telaprolu\.m2\repository\org\seleniumhq\selenium\selenium-chromium-driver\4.0.0\selenium-chromium-driver-4.0.0.jar;C:\Users\divyasree.telaprolu\.m2\repository\org\seleniumhq\selenium\selenium-json\
Launcher Type: SUN_STANDARD

[Global flags]
     intx CICompilerCount                          = 2                                         {product} {ergonomic}
     uint ConcGCThreads                            = 1                                         {product} {ergonomic}
     uint G1ConcRefinementThreads                  = 2                                         {product} {ergonomic}
   size_t G1HeapRegionSize                         = 1048576                                   {product} {ergonomic}
    uintx GCDrainStackTargetSize                   = 64                                        {product} {ergonomic}
   size_t InitialHeapSize                          = 134217728                                 {product} {ergonomic}
   size_t MarkStackSize                            = 4194304                                   {product} {ergonomic}
   size_t MaxHeapSize                              = 2147483648                                {product} {ergonomic}
   size_t MaxNewSize                               = 1287651328                                {product} {ergonomic}
   size_t MinHeapDeltaBytes                        = 1048576                                   {product} {ergonomic}
   size_t MinHeapSize                              = 8388608                                   {product} {ergonomic}
    uintx NonNMethodCodeHeapSize                   = 5826188                                {pd product} {ergonomic}
    uintx NonProfiledCodeHeapSize                  = 122916026                              {pd product} {ergonomic}
    uintx ProfiledCodeHeapSize                     = 122916026                              {pd product} {ergonomic}
    uintx ReservedCodeCacheSize                    = 251658240                              {pd product} {ergonomic}
     bool SegmentedCodeCache                       = true                                      {product} {ergonomic}
     bool ShowCodeDetailsInExceptionMessages       = true                                   {manageable} {command line}
   size_t SoftMaxHeapSize                          = 2147483648                             {manageable} {ergonomic}
     bool UseCompressedClassPointers               = true                           {product lp64_product} {ergonomic}
     bool UseCompressedOops                        = true                           {product lp64_product} {ergonomic}
     bool UseG1GC                                  = true                                      {product} {ergonomic}
     bool UseLargePagesIndividualAllocation        = false                                  {pd product} {ergonomic}

Logging:
Log output configuration:
 #0: stdout all=warning uptime,level,tags
 #1: stderr all=off uptime,level,tags

Environment Variables:
PATH=C:/Users/divyasree.telaprolu/.p2/pool/plugins/org.eclipse.justj.openjdk.hotspot.jre.full.win32.x86_64_17.0.3.v20220515-1416/jre/bin/server;C:/Users/divyasree.telaprolu/.p2/pool/plugins/org.eclipse.justj.openjdk.hotspot.jre.full.win32.x86_64_17.0.3.v20220515-1416/jre/bin;C:\Program Files (x86)\Common Files\Oracle\Java\javapath;C:\windows\system32;C:\windows;C:\windows\System32\Wbem;C:\windows\System32\WindowsPowerShell\v1.0\;C:\windows\System32\OpenSSH\;C:\Program Files (x86)\Microsoft SQL Server\Client SDK\ODBC\130\Tools\Binn\;C:\Program Files (x86)\Microsoft SQL Server\130\Tools\Binn\;C:\Program Files (x86)\Microsoft SQL Server\130\DTS\Binn\;C:\Program Files (x86)\Microsoft SQL Server\130\Tools\Binn\ManagementStudio\;C:\AUL\apache-maven-3.6.3-bin\apache-maven-3.6.3\bin;C:\Program Files\Git\cmd;C:\Program Files\Microsoft SQL Server\130\Tools\Binn\;C:\Program Files\Microsoft SQL Server\Client SDK\ODBC\170\Tools\Binn\;C:\Program Files\dotnet\;C:\Program Files\Microsoft VS Code\bin;C:\Users\divyasree.telaprolu\AppData\Local\Microsoft\WindowsApps;;C:\Users\divyasree.telaprolu\Desktop;
USERNAME=divyasree.telaprolu
OS=Windows_NT
PROCESSOR_IDENTIFIER=Intel64 Family 6 Model 45 Stepping 7, GenuineIntel



---------------  S Y S T E M  ---------------

OS:
 Windows 10 , 64 bit Build 17763 (10.0.17763.2028)
OS uptime: 41 days 2:33 hours
Hyper-V virtualization detected

CPU: total 2 (initial active 2) (2 cores per cpu, 1 threads per core) family 6 model 45 stepping 7 microcode 0xffffffff, cx8, cmov, fxsr, mmx, sse, sse2, sse3, tsc, clflush, hv

Memory: 4k page, system-wide physical 8189M (403M free)
TotalPageFile size 12285M (AvailPageFile size 3M)
current process WorkingSet (physical memory assigned to process): 59M, peak: 59M
current process commit charge ("private bytes"): 206M, peak: 206M

vm_info: OpenJDK 64-Bit Server VM (17.0.3+7) for windows-amd64 JRE (17.0.3+7), built on Apr 19 2022 16:55:35 by "" with MS VC++ 16.7 (VS2019)

END.
