#
# There is insufficient memory for the Java Runtime Environment to continue.
# Native memory allocation (mmap) failed to map 134217728 bytes for G1 virtual space
# Possible reasons:
#   The system is out of physical RAM or swap space
#   The process is running with CompressedOops enabled, and the Java Heap may be blocking the growth of the native heap
# Possible solutions:
#   Reduce memory load on the system
#   Increase physical memory or swap space
#   Check if swap backing store is full
#   Decrease Java heap size (-Xmx/-Xms)
#   Decrease number of Java threads
#   Decrease Java thread stack sizes (-Xss)
#   Set larger code cache with -XX:ReservedCodeCacheSize=
#   JVM is running with Unscaled Compressed Oops mode in which the Java heap is
#     placed in the first 4GB address space. The Java Heap base address is the
#     maximum limit for the native heap growth. Please use -XX:HeapBaseMinAddress
#     to set the Java Heap base and to place the Java Heap above 4GB virtual address.
# This output file may be truncated or incomplete.
#
#  Out of Memory Error (os_windows.cpp:3535), pid=33084, tid=28760
#
# JRE version:  (17.0.3+7) (build )
# Java VM: OpenJDK 64-Bit Server VM (17.0.3+7, mixed mode, sharing, tiered, compressed oops, compressed class ptrs, g1 gc, windows-amd64)
# No core dump will be written. Minidumps are not enabled by default on client versions of Windows
#

---------------  S U M M A R Y ------------

Command Line: -ea -Dfile.encoding=UTF-8 -XX:+ShowCodeDetailsInExceptionMessages org.testng.remote.RemoteTestNG -serport 60813 -protocol json -d C:\ADL Automation Git\adle2eautomation\test-output C:\Users\DIVYAS~1.TEL\AppData\Local\Temp\testng-eclipse-266469141\testng-customsuite.xml

Host: Intel(R) Xeon(R) CPU E5-2643 0 @ 3.30GHz, 2 cores, 7G,  Windows 10 , 64 bit Build 17763 (10.0.17763.2028)
Time: Tue Aug  2 02:58:10 2022 Pacific Daylight Time elapsed time: 0.133964 seconds (0d 0h 0m 0s)

---------------  T H R E A D  ---------------

Current thread (0x000001eb99dd71b0):  JavaThread "Unknown thread" [_thread_in_vm, id=28760, stack(0x0000006708700000,0x0000006708800000)]

Stack: [0x0000006708700000,0x0000006708800000]
Native frames: (J=compiled Java code, j=interpreted, Vv=VM code, C=native code)
V  [jvm.dll+0x675efa]
V  [jvm.dll+0x830a24]
V  [jvm.dll+0x8321ce]
V  [jvm.dll+0x832833]
V  [jvm.dll+0x2454b5]
V  [jvm.dll+0x672de9]
V  [jvm.dll+0x667732]
V  [jvm.dll+0x3043ab]
V  [jvm.dll+0x30b8f6]
V  [jvm.dll+0x35b62e]
V  [jvm.dll+0x35b85f]
V  [jvm.dll+0x2db248]
V  [jvm.dll+0x2dc1b4]
V  [jvm.dll+0x802651]
V  [jvm.dll+0x3693b1]
V  [jvm.dll+0x7e1aac]
V  [jvm.dll+0x3ebd8f]
V  [jvm.dll+0x3ed911]
C  [jli.dll+0x5277]
C  [ucrtbase.dll+0x2268a]
C  [KERNEL32.DLL+0x17974]
C  [ntdll.dll+0x5a2f1]


---------------  P R O C E S S  ---------------

Threads class SMR info:
_java_thread_list=0x00007ffb603f6e98, length=0, elements={
}

Java Threads: ( => current thread )

Other Threads:
  0x000001eb99e30930 GCTaskThread "GC Thread#0" [stack: 0x0000006708900000,0x0000006708a00000] [id=13200]
  0x000001eb99e41870 ConcurrentGCThread "G1 Main Marker" [stack: 0x0000006708a00000,0x0000006708b00000] [id=32384]
  0x000001eb99e42f80 ConcurrentGCThread "G1 Conc#0" [stack: 0x0000006708b00000,0x0000006708c00000] [id=26268]

[error occurred during error reporting (printing all threads), id 0xc0000005, EXCEPTION_ACCESS_VIOLATION (0xc0000005) at pc=0x00007ffb5fbcbcd7]

VM state: not at safepoint (not fully initialized)

VM Mutex/Monitor currently owned by a thread:  ([mutex/lock_event])
[0x000001eb99dd24d0] Heap_lock - owner thread: 0x000001eb99dd71b0

Heap address: 0x0000000080000000, size: 2048 MB, Compressed Oops mode: 32-bit

CDS archive(s) mapped at: [0x0000000000000000-0x0000000000000000-0x0000000000000000), size 0, SharedBaseAddress: 0x0000000800000000, ArchiveRelocationMode: 0.
Narrow klass base: 0x0000000000000000, Narrow klass shift: 0, Narrow klass range: 0x0

GC Precious Log:
<Empty>

Heap:
 garbage-first heap   total 0K, used 0K [0x0000000080000000, 0x0000000100000000)
  region size 1024K, 0 young (0K), 0 survivors (0K)

[error occurred during error reporting (printing heap information), id 0xc0000005, EXCEPTION_ACCESS_VIOLATION (0xc0000005) at pc=0x00007ffb5ffaf249]

GC Heap History (0 events):
No events

Deoptimization events (0 events):
No events

Classes unloaded (0 events):
No events

Classes redefined (0 events):
No events

Internal exceptions (0 events):
No events

VM Operations (0 events):
No events

Events (1 events):
Event: 0.012 Loaded shared library C:\Users\divyasree.telaprolu\.p2\pool\plugins\org.eclipse.justj.openjdk.hotspot.jre.full.win32.x86_64_17.0.3.v20220515-1416\jre\bin\java.dll


Dynamic libraries:
0x00007ff76a720000 - 0x00007ff76a72e000 	C:\Users\divyasree.telaprolu\.p2\pool\plugins\org.eclipse.justj.openjdk.hotspot.jre.full.win32.x86_64_17.0.3.v20220515-1416\jre\bin\javaw.exe
0x00007ffbace20000 - 0x00007ffbad00d000 	C:\windows\SYSTEM32\ntdll.dll
0x00007ffbac6a0000 - 0x00007ffbac753000 	C:\windows\System32\KERNEL32.DLL
0x00007ffba9cd0000 - 0x00007ffba9f65000 	C:\windows\System32\KERNELBASE.dll
0x00007ffba9930000 - 0x00007ffba9a2a000 	C:\windows\System32\ucrtbase.dll
0x00007ffb96330000 - 0x00007ffb96348000 	C:\Users\divyasree.telaprolu\.p2\pool\plugins\org.eclipse.justj.openjdk.hotspot.jre.full.win32.x86_64_17.0.3.v20220515-1416\jre\bin\jli.dll
0x00007ffbabda0000 - 0x00007ffbabf38000 	C:\windows\System32\USER32.dll
0x00007ffba9cb0000 - 0x00007ffba9cd0000 	C:\windows\System32\win32u.dll
0x00007ffbac770000 - 0x00007ffbac799000 	C:\windows\System32\GDI32.dll
0x00007ffba9b10000 - 0x00007ffba9cac000 	C:\windows\System32\gdi32full.dll
0x00007ffba9890000 - 0x00007ffba9930000 	C:\windows\System32\msvcp_win.dll
0x00007ffb8b790000 - 0x00007ffb8b7a9000 	C:\Users\divyasree.telaprolu\.p2\pool\plugins\org.eclipse.justj.openjdk.hotspot.jre.full.win32.x86_64_17.0.3.v20220515-1416\jre\bin\VCRUNTIME140.dll
0x00007ffb95380000 - 0x00007ffb955f9000 	C:\windows\WinSxS\amd64_microsoft.windows.common-controls_6595b64144ccf1df_6.0.17763.2061_none_de73cf545348ec45\COMCTL32.dll
0x00007ffbab690000 - 0x00007ffbab72e000 	C:\windows\System32\msvcrt.dll
0x00007ffbacac0000 - 0x00007ffbacded000 	C:\windows\System32\combase.dll
0x00007ffbac7a0000 - 0x00007ffbac8bf000 	C:\windows\System32\RPCRT4.dll
0x00007ffba9a80000 - 0x00007ffba9b02000 	C:\windows\System32\bcryptPrimitives.dll
0x00007ffbabc40000 - 0x00007ffbabc6e000 	C:\windows\System32\IMM32.DLL
0x00007ffb9e0d0000 - 0x00007ffb9e0dc000 	C:\Users\divyasree.telaprolu\.p2\pool\plugins\org.eclipse.justj.openjdk.hotspot.jre.full.win32.x86_64_17.0.3.v20220515-1416\jre\bin\vcruntime140_1.dll
0x00007ffb76820000 - 0x00007ffb768b1000 	C:\Users\divyasree.telaprolu\.p2\pool\plugins\org.eclipse.justj.openjdk.hotspot.jre.full.win32.x86_64_17.0.3.v20220515-1416\jre\bin\msvcp140.dll
0x00007ffb5f8e0000 - 0x00007ffb60528000 	C:\Users\divyasree.telaprolu\.p2\pool\plugins\org.eclipse.justj.openjdk.hotspot.jre.full.win32.x86_64_17.0.3.v20220515-1416\jre\bin\server\jvm.dll
0x00007ffbabf40000 - 0x00007ffbabfe4000 	C:\windows\System32\ADVAPI32.dll
0x00007ffbac8c0000 - 0x00007ffbac95e000 	C:\windows\System32\sechost.dll
0x00007ffbab680000 - 0x00007ffbab688000 	C:\windows\System32\PSAPI.DLL
0x00007ffb957e0000 - 0x00007ffb957e9000 	C:\windows\SYSTEM32\WSOCK32.dll
0x00007ffbab610000 - 0x00007ffbab67d000 	C:\windows\System32\WS2_32.dll
0x00007ffba7040000 - 0x00007ffba7064000 	C:\windows\SYSTEM32\WINMM.dll
0x00007ffb9fc20000 - 0x00007ffb9fc2a000 	C:\windows\SYSTEM32\VERSION.dll
0x00007ffba7010000 - 0x00007ffba703d000 	C:\windows\SYSTEM32\WINMMBASE.dll
0x00007ffba9a30000 - 0x00007ffba9a7a000 	C:\windows\System32\cfgmgr32.dll
0x00007ffba8e00000 - 0x00007ffba8e11000 	C:\windows\System32\kernel.appcore.dll
0x00007ffb962d0000 - 0x00007ffb962da000 	C:\Users\divyasree.telaprolu\.p2\pool\plugins\org.eclipse.justj.openjdk.hotspot.jre.full.win32.x86_64_17.0.3.v20220515-1416\jre\bin\jimage.dll
0x00007ffb9fa30000 - 0x00007ffb9fc1d000 	C:\windows\SYSTEM32\DBGHELP.DLL
0x00007ffb9bde0000 - 0x00007ffb9be0a000 	C:\windows\SYSTEM32\dbgcore.DLL
0x00007ffb95260000 - 0x00007ffb95285000 	C:\Users\divyasree.telaprolu\.p2\pool\plugins\org.eclipse.justj.openjdk.hotspot.jre.full.win32.x86_64_17.0.3.v20220515-1416\jre\bin\java.dll

dbghelp: loaded successfully - version: 4.0.5 - missing functions: none
symbol engine: initialized successfully - sym options: 0x614 - pdb path: .;C:\Users\divyasree.telaprolu\.p2\pool\plugins\org.eclipse.justj.openjdk.hotspot.jre.full.win32.x86_64_17.0.3.v20220515-1416\jre\bin;C:\windows\SYSTEM32;C:\windows\WinSxS\amd64_microsoft.windows.common-controls_6595b64144ccf1df_6.0.17763.2061_none_de73cf545348ec45;C:\Users\divyasree.telaprolu\.p2\pool\plugins\org.eclipse.justj.openjdk.hotspot.jre.full.win32.x86_64_17.0.3.v20220515-1416\jre\bin\server

VM Arguments:
jvm_args: -ea -Dfile.encoding=UTF-8 -XX:+ShowCodeDetailsInExceptionMessages 
java_command: org.testng.remote.RemoteTestNG -serport 60813 -protocol json -d C:\ADL Automation Git\adle2eautomation\test-output C:\Users\DIVYAS~1.TEL\AppData\Local\Temp\testng-eclipse-266469141\testng-customsuite.xml
java_class_path (initial): C:\Users\divyasree.telaprolu\eclipse\java-2022-06\eclipse\configuration\org.eclipse.osgi\431\0\.cp\lib\testng-remote.jar;C:\ADL Automation Git\adle2eautomation\target\test-classes;C:\ADL Automation Git\adle2eautomation\target\classes;C:\Users\divyasree.telaprolu\.m2\repository\org\seleniumhq\selenium\selenium-java\4.0.0\selenium-java-4.0.0.jar;C:\Users\divyasree.telaprolu\.m2\repository\org\seleniumhq\selenium\selenium-api\4.0.0\selenium-api-4.0.0.jar;C:\Users\divyasree.telaprolu\.m2\repository\org\seleniumhq\selenium\selenium-chrome-driver\4.0.0\selenium-chrome-driver-4.0.0.jar;C:\Users\divyasree.telaprolu\.m2\repository\com\google\auto\service\auto-service-annotations\1.0\auto-service-annotations-1.0.jar;C:\Users\divyasree.telaprolu\.m2\repository\com\google\auto\service\auto-service\1.0\auto-service-1.0.jar;C:\Users\divyasree.telaprolu\.m2\repository\com\google\auto\auto-common\1.0\auto-common-1.0.jar;C:\Users\divyasree.telaprolu\.m2\repository\com\google\guava\guava\31.0.1-jre\guava-31.0.1-jre.jar;C:\Users\divyasree.telaprolu\.m2\repository\com\google\guava\failureaccess\1.0.1\failureaccess-1.0.1.jar;C:\Users\divyasree.telaprolu\.m2\repository\com\google\guava\listenablefuture\9999.0-empty-to-avoid-conflict-with-guava\listenablefuture-9999.0-empty-to-avoid-conflict-with-guava.jar;C:\Users\divyasree.telaprolu\.m2\repository\com\google\code\findbugs\jsr305\3.0.2\jsr305-3.0.2.jar;C:\Users\divyasree.telaprolu\.m2\repository\org\checkerframework\checker-qual\3.12.0\checker-qual-3.12.0.jar;C:\Users\divyasree.telaprolu\.m2\repository\com\google\errorprone\error_prone_annotations\2.7.1\error_prone_annotations-2.7.1.jar;C:\Users\divyasree.telaprolu\.m2\repository\com\google\j2objc\j2objc-annotations\1.3\j2objc-annotations-1.3.jar;C:\Users\divyasree.telaprolu\.m2\repository\org\seleniumhq\selenium\selenium-chromium-driver\4.0.0\selenium-chromium-driver-4.0.0.jar;C:\Users\divyasree.telaprolu\.m2\repository\org\seleniumhq\selenium\selenium-json\
Launcher Type: SUN_STANDARD

[Global flags]
     intx CICompilerCount                          = 2                                         {product} {ergonomic}
     uint ConcGCThreads                            = 1                                         {product} {ergonomic}
     uint G1ConcRefinementThreads                  = 2                                         {product} {ergonomic}
   size_t G1HeapRegionSize                         = 1048576                                   {product} {ergonomic}
    uintx GCDrainStackTargetSize                   = 64                                        {product} {ergonomic}
   size_t InitialHeapSize                          = 134217728                                 {product} {ergonomic}
   size_t MarkStackSize                            = 4194304                                   {product} {ergonomic}
   size_t MaxHeapSize                              = 2147483648                                {product} {ergonomic}
   size_t MinHeapDeltaBytes                        = 1048576                                   {product} {ergonomic}
   size_t MinHeapSize                              = 8388608                                   {product} {ergonomic}
    uintx NonNMethodCodeHeapSize                   = 5826188                                {pd product} {ergonomic}
    uintx NonProfiledCodeHeapSize                  = 122916026                              {pd product} {ergonomic}
    uintx ProfiledCodeHeapSize                     = 122916026                              {pd product} {ergonomic}
    uintx ReservedCodeCacheSize                    = 251658240                              {pd product} {ergonomic}
     bool SegmentedCodeCache                       = true                                      {product} {ergonomic}
     bool ShowCodeDetailsInExceptionMessages       = true                                   {manageable} {command line}
   size_t SoftMaxHeapSize                          = 2147483648                             {manageable} {ergonomic}
     bool UseCompressedClassPointers               = true                           {product lp64_product} {ergonomic}
     bool UseCompressedOops                        = true                           {product lp64_product} {ergonomic}
     bool UseG1GC                                  = true                                      {product} {ergonomic}
     bool UseLargePagesIndividualAllocation        = false                                  {pd product} {ergonomic}

Logging:
Log output configuration:
 #0: stdout all=warning uptime,level,tags
 #1: stderr all=off uptime,level,tags

Environment Variables:
PATH=C:/Users/divyasree.telaprolu/.p2/pool/plugins/org.eclipse.justj.openjdk.hotspot.jre.full.win32.x86_64_17.0.3.v20220515-1416/jre/bin/server;C:/Users/divyasree.telaprolu/.p2/pool/plugins/org.eclipse.justj.openjdk.hotspot.jre.full.win32.x86_64_17.0.3.v20220515-1416/jre/bin;C:\Program Files (x86)\Common Files\Oracle\Java\javapath;C:\windows\system32;C:\windows;C:\windows\System32\Wbem;C:\windows\System32\WindowsPowerShell\v1.0\;C:\windows\System32\OpenSSH\;C:\Program Files (x86)\Microsoft SQL Server\Client SDK\ODBC\130\Tools\Binn\;C:\Program Files (x86)\Microsoft SQL Server\130\Tools\Binn\;C:\Program Files (x86)\Microsoft SQL Server\130\DTS\Binn\;C:\Program Files (x86)\Microsoft SQL Server\130\Tools\Binn\ManagementStudio\;C:\AUL\apache-maven-3.6.3-bin\apache-maven-3.6.3\bin;C:\Program Files\Git\cmd;C:\Program Files\Microsoft SQL Server\130\Tools\Binn\;C:\Program Files\Microsoft SQL Server\Client SDK\ODBC\170\Tools\Binn\;C:\Program Files\dotnet\;C:\Program Files\Microsoft VS Code\bin;C:\Users\divyasree.telaprolu\AppData\Local\Microsoft\WindowsApps;;C:\Users\divyasree.telaprolu\Desktop;
USERNAME=divyasree.telaprolu
OS=Windows_NT
PROCESSOR_IDENTIFIER=Intel64 Family 6 Model 45 Stepping 7, GenuineIntel



---------------  S Y S T E M  ---------------

OS:
 Windows 10 , 64 bit Build 17763 (10.0.17763.2028)
OS uptime: 40 days 2:05 hours
Hyper-V virtualization detected

CPU: total 2 (initial active 2) (2 cores per cpu, 1 threads per core) family 6 model 45 stepping 7 microcode 0xffffffff, cx8, cmov, fxsr, mmx, sse, sse2, sse3, tsc, clflush, hv

Memory: 4k page, system-wide physical 8189M (421M free)
TotalPageFile size 12285M (AvailPageFile size 102M)
current process WorkingSet (physical memory assigned to process): 10M, peak: 10M
current process commit charge ("private bytes"): 47M, peak: 175M

vm_info: OpenJDK 64-Bit Server VM (17.0.3+7) for windows-amd64 JRE (17.0.3+7), built on Apr 19 2022 16:55:35 by "" with MS VC++ 16.7 (VS2019)

END.
