#
# There is insufficient memory for the Java Runtime Environment to continue.
# Native memory allocation (malloc) failed to allocate 2029472 bytes for Chunk::new
# Possible reasons:
#   The system is out of physical RAM or swap space
#   The process is running with CompressedOops enabled, and the Java Heap may be blocking the growth of the native heap
# Possible solutions:
#   Reduce memory load on the system
#   Increase physical memory or swap space
#   Check if swap backing store is full
#   Decrease Java heap size (-Xmx/-Xms)
#   Decrease number of Java threads
#   Decrease Java thread stack sizes (-Xss)
#   Set larger code cache with -XX:ReservedCodeCacheSize=
#   JVM is running with Unscaled Compressed Oops mode in which the Java heap is
#     placed in the first 4GB address space. The Java Heap base address is the
#     maximum limit for the native heap growth. Please use -XX:HeapBaseMinAddress
#     to set the Java Heap base and to place the Java Heap above 4GB virtual address.
# This output file may be truncated or incomplete.
#
#  Out of Memory Error (arena.cpp:189), pid=32780, tid=10976
#
# JRE version: OpenJDK Runtime Environment Temurin-17.0.3+7 (17.0.3+7) (build 17.0.3+7)
# Java VM: OpenJDK 64-Bit Server VM Temurin-17.0.3+7 (17.0.3+7, mixed mode, tiered, compressed oops, compressed class ptrs, g1 gc, windows-amd64)
# No core dump will be written. Minidumps are not enabled by default on client versions of Windows
#

---------------  S U M M A R Y ------------

Command Line: -ea -Dfile.encoding=UTF-8 -XX:+ShowCodeDetailsInExceptionMessages org.testng.remote.RemoteTestNG -serport 60395 -protocol json -d C:\ADL Automation Git\adle2eautomation\test-output C:\Users\DIVYAS~1.TEL\AppData\Local\Temp\testng-eclipse-538729264\testng-customsuite.xml

Host: Intel(R) Xeon(R) CPU E5-2643 0 @ 3.30GHz, 2 cores, 7G,  Windows 10 , 64 bit Build 17763 (10.0.17763.2028)
Time: Tue Aug  2 03:58:45 2022 Pacific Daylight Time elapsed time: 8.066766 seconds (0d 0h 0m 8s)

---------------  T H R E A D  ---------------

Current thread (0x000001f8db121cb0):  JavaThread "C2 CompilerThread0" daemon [_thread_in_native, id=10976, stack(0x00000042b1b00000,0x00000042b1c00000)]


Current CompileTask:
C2:   8067 2379   !   4       jdk.internal.loader.URLClassPath$JarLoader::getResource (354 bytes)

Stack: [0x00000042b1b00000,0x00000042b1c00000]
Native frames: (J=compiled Java code, j=interpreted, Vv=VM code, C=native code)
V  [jvm.dll+0x675efa]
V  [jvm.dll+0x830a24]
V  [jvm.dll+0x8321ce]
V  [jvm.dll+0x832833]
V  [jvm.dll+0x2454b5]
V  [jvm.dll+0xabd7b]
V  [jvm.dll+0xac30c]
V  [jvm.dll+0x363627]
V  [jvm.dll+0x32dca1]
V  [jvm.dll+0x32d14a]
V  [jvm.dll+0x218361]
V  [jvm.dll+0x217781]
V  [jvm.dll+0x1a3ccd]
V  [jvm.dll+0x227178]
V  [jvm.dll+0x2252bc]
V  [jvm.dll+0x7e673b]
V  [jvm.dll+0x7e0cfa]
V  [jvm.dll+0x674d85]
C  [ucrtbase.dll+0x2268a]
C  [KERNEL32.DLL+0x17974]
C  [ntdll.dll+0x5a2f1]


---------------  P R O C E S S  ---------------

Threads class SMR info:
_java_thread_list=0x000001f8dd4da000, length=24, elements={
0x000001f8c1e46e90, 0x000001f8dbc133c0, 0x000001f8db137f50, 0x000001f8db143f40,
0x000001f8db144700, 0x000001f8db144cc0, 0x000001f8db145280, 0x000001f8db121cb0,
0x000001f8dbc73760, 0x000001f8dbca1450, 0x000001f8dbd9e790, 0x000001f8dbda6e20,
0x000001f8dc4e3ee0, 0x000001f8dcfed2f0, 0x000001f8dd1951a0, 0x000001f8dd18d060,
0x000001f8dceced80, 0x000001f8dcecf250, 0x000001f8dd06fa10, 0x000001f8dd06fee0,
0x000001f8dd0716f0, 0x000001f8dd06f540, 0x000001f8dd0703b0, 0x000001f8dd071220
}

Java Threads: ( => current thread )
  0x000001f8c1e46e90 JavaThread "main" [_thread_in_vm, id=33380, stack(0x00000042b0e00000,0x00000042b0f00000)]
  0x000001f8dbc133c0 JavaThread "Reference Handler" daemon [_thread_blocked, id=31528, stack(0x00000042b1500000,0x00000042b1600000)]
  0x000001f8db137f50 JavaThread "Finalizer" daemon [_thread_blocked, id=31976, stack(0x00000042b1600000,0x00000042b1700000)]
  0x000001f8db143f40 JavaThread "Signal Dispatcher" daemon [_thread_blocked, id=10184, stack(0x00000042b1700000,0x00000042b1800000)]
  0x000001f8db144700 JavaThread "Attach Listener" daemon [_thread_blocked, id=33112, stack(0x00000042b1800000,0x00000042b1900000)]
  0x000001f8db144cc0 JavaThread "Service Thread" daemon [_thread_blocked, id=2276, stack(0x00000042b1900000,0x00000042b1a00000)]
  0x000001f8db145280 JavaThread "Monitor Deflation Thread" daemon [_thread_blocked, id=14056, stack(0x00000042b1a00000,0x00000042b1b00000)]
=>0x000001f8db121cb0 JavaThread "C2 CompilerThread0" daemon [_thread_in_native, id=10976, stack(0x00000042b1b00000,0x00000042b1c00000)]
  0x000001f8dbc73760 JavaThread "C1 CompilerThread0" daemon [_thread_blocked, id=32952, stack(0x00000042b1c00000,0x00000042b1d00000)]
  0x000001f8dbca1450 JavaThread "Sweeper thread" daemon [_thread_blocked, id=24340, stack(0x00000042b1d00000,0x00000042b1e00000)]
  0x000001f8dbd9e790 JavaThread "Notification Thread" daemon [_thread_blocked, id=33164, stack(0x00000042b1e00000,0x00000042b1f00000)]
  0x000001f8dbda6e20 JavaThread "Common-Cleaner" daemon [_thread_blocked, id=31832, stack(0x00000042b2000000,0x00000042b2100000)]
  0x000001f8dc4e3ee0 JavaThread "ReaderThread" [_thread_in_native, id=28352, stack(0x00000042b2300000,0x00000042b2400000)]
  0x000001f8dcfed2f0 JavaThread "ForkJoinPool.commonPool-worker-1" daemon [_thread_blocked, id=31752, stack(0x00000042b2500000,0x00000042b2600000)]
  0x000001f8dd1951a0 JavaThread "AsyncHttpClient-1-1" daemon [_thread_blocked, id=33516, stack(0x00000042b2600000,0x00000042b2700000)]
  0x000001f8dd18d060 JavaThread "Exec Default Executor" daemon [_thread_in_native, id=16440, stack(0x00000042b2700000,0x00000042b2800000)]
  0x000001f8dceced80 JavaThread "Driver Service Executor" daemon [_thread_blocked, id=32280, stack(0x00000042b2800000,0x00000042b2900000)]
  0x000001f8dcecf250 JavaThread "Driver Service Executor" daemon [_thread_blocked, id=12416, stack(0x00000042b2900000,0x00000042b2a00000)]
  0x000001f8dd06fa10 JavaThread "Exec Stream Pumper" daemon [_thread_in_native, id=28384, stack(0x00000042b2a00000,0x00000042b2b00000)]
  0x000001f8dd06fee0 JavaThread "Exec Stream Pumper" daemon [_thread_in_native, id=30532, stack(0x00000042b2b00000,0x00000042b2c00000)]
  0x000001f8dd0716f0 JavaThread "UrlChecker-2" daemon [_thread_blocked, id=29064, stack(0x00000042b2c00000,0x00000042b2d00000)]
  0x000001f8dd06f540 JavaThread "AsyncHttpClient-1-2" daemon [_thread_in_native, id=30580, stack(0x00000042b2d00000,0x00000042b2e00000)]
  0x000001f8dd0703b0 JavaThread "AsyncHttpClient-1-3" daemon [_thread_in_native, id=33900, stack(0x00000042b2e00000,0x00000042b2f00000)]
  0x000001f8dd071220 JavaThread "AsyncHttpClient-1-4" daemon [_thread_in_native, id=33904, stack(0x00000042b2f00000,0x00000042b3000000)]

Other Threads:
  0x000001f8db1375a0 VMThread "VM Thread" [stack: 0x00000042b1400000,0x00000042b1500000] [id=33084]
  0x000001f8dbcd25d0 WatcherThread [stack: 0x00000042b1f00000,0x00000042b2000000] [id=31248]
  0x000001f8c1ea0960 GCTaskThread "GC Thread#0" [stack: 0x00000042b0f00000,0x00000042b1000000] [id=32248]
  0x000001f8dc299430 GCTaskThread "GC Thread#1" [stack: 0x00000042b2100000,0x00000042b2200000] [id=19288]
  0x000001f8c1eb18a0 ConcurrentGCThread "G1 Main Marker" [stack: 0x00000042b1000000,0x00000042b1100000] [id=31600]
  0x000001f8c1eb22b0 ConcurrentGCThread "G1 Conc#0" [stack: 0x00000042b1100000,0x00000042b1200000] [id=33572]
  0x000001f8c1efdf00 ConcurrentGCThread "G1 Refine#0" [stack: 0x00000042b1200000,0x00000042b1300000] [id=28500]
  0x000001f8c1efe530 ConcurrentGCThread "G1 Service" [stack: 0x00000042b1300000,0x00000042b1400000] [id=11204]

Threads with active compile tasks:
C2 CompilerThread0     8262 2379   !   4       jdk.internal.loader.URLClassPath$JarLoader::getResource (354 bytes)

VM state: not at safepoint (normal execution)

VM Mutex/Monitor currently owned by a thread: None

Heap address: 0x0000000080000000, size: 2048 MB, Compressed Oops mode: 32-bit

CDS archive(s) not mapped
Compressed class space mapped at: 0x0000000100000000-0x0000000140000000, reserved size: 1073741824
Narrow klass base: 0x0000000000000000, Narrow klass shift: 3, Narrow klass range: 0x140000000

GC Precious Log:
 CPUs: 2 total, 2 available
 Memory: 8189M
 Large Page Support: Disabled
 NUMA Support: Disabled
 Compressed Oops: Enabled (32-bit)
 Heap Region Size: 1M
 Heap Min Capacity: 8M
 Heap Initial Capacity: 128M
 Heap Max Capacity: 2G
 Pre-touch: Disabled
 Parallel Workers: 2
 Concurrent Workers: 1
 Concurrent Refinement Workers: 2
 Periodic GC: Disabled

Heap:
 garbage-first heap   total 53248K, used 36923K [0x0000000080000000, 0x0000000100000000)
  region size 1024K, 9 young (9216K), 1 survivors (1024K)
 Metaspace       used 31969K, committed 32192K, reserved 1081344K
  class space    used 3603K, committed 3712K, reserved 1048576K

Heap Regions: E=young(eden), S=young(survivor), O=old, HS=humongous(starts), HC=humongous(continues), CS=collection set, F=free, OA=open archive, CA=closed archive, TAMS=top-at-mark-start (previous, next)
|   0|0x0000000080000000, 0x0000000080100000, 0x0000000080100000|100%| O|  |TAMS 0x0000000080100000, 0x0000000080100000| Untracked 
|   1|0x0000000080100000, 0x0000000080200000, 0x0000000080200000|100%| O|  |TAMS 0x0000000080200000, 0x0000000080200000| Untracked 
|   2|0x0000000080200000, 0x0000000080300000, 0x0000000080300000|100%| O|  |TAMS 0x0000000080300000, 0x0000000080300000| Untracked 
|   3|0x0000000080300000, 0x0000000080400000, 0x0000000080400000|100%|HS|  |TAMS 0x0000000080400000, 0x0000000080400000| Complete 
|   4|0x0000000080400000, 0x0000000080500000, 0x0000000080500000|100%| O|  |TAMS 0x0000000080500000, 0x0000000080500000| Untracked 
|   5|0x0000000080500000, 0x0000000080600000, 0x0000000080600000|100%| O|  |TAMS 0x0000000080600000, 0x0000000080600000| Untracked 
|   6|0x0000000080600000, 0x0000000080700000, 0x0000000080700000|100%| O|  |TAMS 0x0000000080700000, 0x0000000080700000| Untracked 
|   7|0x0000000080700000, 0x0000000080700000, 0x0000000080800000|  0%| F|  |TAMS 0x0000000080700000, 0x0000000080700000| Untracked 
|   8|0x0000000080800000, 0x0000000080900000, 0x0000000080900000|100%| O|  |TAMS 0x0000000080800000, 0x0000000080900000| Untracked 
|   9|0x0000000080900000, 0x0000000080a00000, 0x0000000080a00000|100%| O|  |TAMS 0x0000000080900000, 0x0000000080a00000| Untracked 
|  10|0x0000000080a00000, 0x0000000080b00000, 0x0000000080b00000|100%| O|  |TAMS 0x0000000080a00000, 0x0000000080b00000| Untracked 
|  11|0x0000000080b00000, 0x0000000080c00000, 0x0000000080c00000|100%| O|  |TAMS 0x0000000080b00000, 0x0000000080c00000| Untracked 
|  12|0x0000000080c00000, 0x0000000080c97c00, 0x0000000080d00000| 59%| O|  |TAMS 0x0000000080c00000, 0x0000000080c97c00| Untracked 
|  13|0x0000000080d00000, 0x0000000080e00000, 0x0000000080e00000|100%|HS|  |TAMS 0x0000000080d00000, 0x0000000080d00000| Complete 
|  14|0x0000000080e00000, 0x0000000080f00000, 0x0000000080f00000|100%|HC|  |TAMS 0x0000000080e00000, 0x0000000080e00000| Complete 
|  15|0x0000000080f00000, 0x0000000081000000, 0x0000000081000000|100%|HC|  |TAMS 0x0000000080f00000, 0x0000000080f00000| Complete 
|  16|0x0000000081000000, 0x0000000081100000, 0x0000000081100000|100%|HC|  |TAMS 0x0000000081000000, 0x0000000081000000| Complete 
|  17|0x0000000081100000, 0x0000000081200000, 0x0000000081200000|100%|HC|  |TAMS 0x0000000081100000, 0x0000000081100000| Complete 
|  18|0x0000000081200000, 0x0000000081300000, 0x0000000081300000|100%|HC|  |TAMS 0x0000000081200000, 0x0000000081200000| Complete 
|  19|0x0000000081300000, 0x0000000081400000, 0x0000000081400000|100%|HC|  |TAMS 0x0000000081300000, 0x0000000081300000| Complete 
|  20|0x0000000081400000, 0x0000000081500000, 0x0000000081500000|100%|HC|  |TAMS 0x0000000081400000, 0x0000000081400000| Complete 
|  21|0x0000000081500000, 0x0000000081600000, 0x0000000081600000|100%|HC|  |TAMS 0x0000000081500000, 0x0000000081500000| Complete 
|  22|0x0000000081600000, 0x0000000081700000, 0x0000000081700000|100%|HC|  |TAMS 0x0000000081600000, 0x0000000081600000| Complete 
|  23|0x0000000081700000, 0x0000000081800000, 0x0000000081800000|100%|HC|  |TAMS 0x0000000081700000, 0x0000000081700000| Complete 
|  24|0x0000000081800000, 0x0000000081900000, 0x0000000081900000|100%|HC|  |TAMS 0x0000000081800000, 0x0000000081800000| Complete 
|  25|0x0000000081900000, 0x0000000081a00000, 0x0000000081a00000|100%|HC|  |TAMS 0x0000000081900000, 0x0000000081900000| Complete 
|  26|0x0000000081a00000, 0x0000000081b00000, 0x0000000081b00000|100%|HC|  |TAMS 0x0000000081a00000, 0x0000000081a00000| Complete 
|  27|0x0000000081b00000, 0x0000000081c00000, 0x0000000081c00000|100%|HC|  |TAMS 0x0000000081b00000, 0x0000000081b00000| Complete 
|  28|0x0000000081c00000, 0x0000000081d00000, 0x0000000081d00000|100%|HC|  |TAMS 0x0000000081c00000, 0x0000000081c00000| Complete 
|  29|0x0000000081d00000, 0x0000000081e00000, 0x0000000081e00000|100%|HC|  |TAMS 0x0000000081d00000, 0x0000000081d00000| Complete 
|  30|0x0000000081e00000, 0x0000000081e00000, 0x0000000081f00000|  0%| F|  |TAMS 0x0000000081e00000, 0x0000000081e00000| Untracked 
|  31|0x0000000081f00000, 0x0000000081f773d0, 0x0000000082000000| 46%| S|CS|TAMS 0x0000000081f00000, 0x0000000081f00000| Complete 
|  32|0x0000000082000000, 0x0000000082000000, 0x0000000082100000|  0%| F|  |TAMS 0x0000000082000000, 0x0000000082000000| Untracked 
|  33|0x0000000082100000, 0x0000000082100000, 0x0000000082200000|  0%| F|  |TAMS 0x0000000082100000, 0x0000000082100000| Untracked 
|  34|0x0000000082200000, 0x0000000082200000, 0x0000000082300000|  0%| F|  |TAMS 0x0000000082200000, 0x0000000082200000| Untracked 
|  35|0x0000000082300000, 0x0000000082300000, 0x0000000082400000|  0%| F|  |TAMS 0x0000000082300000, 0x0000000082300000| Untracked 
|  36|0x0000000082400000, 0x0000000082400000, 0x0000000082500000|  0%| F|  |TAMS 0x0000000082400000, 0x0000000082400000| Untracked 
|  37|0x0000000082500000, 0x0000000082500000, 0x0000000082600000|  0%| F|  |TAMS 0x0000000082500000, 0x0000000082500000| Untracked 
|  38|0x0000000082600000, 0x0000000082600000, 0x0000000082700000|  0%| F|  |TAMS 0x0000000082600000, 0x0000000082600000| Untracked 
|  39|0x0000000082700000, 0x0000000082700000, 0x0000000082800000|  0%| F|  |TAMS 0x0000000082700000, 0x0000000082700000| Untracked 
|  40|0x0000000082800000, 0x0000000082800000, 0x0000000082900000|  0%| F|  |TAMS 0x0000000082800000, 0x0000000082800000| Untracked 
|  41|0x0000000082900000, 0x0000000082900000, 0x0000000082a00000|  0%| F|  |TAMS 0x0000000082900000, 0x0000000082900000| Untracked 
|  42|0x0000000082a00000, 0x0000000082a00000, 0x0000000082b00000|  0%| F|  |TAMS 0x0000000082a00000, 0x0000000082a00000| Untracked 
|  43|0x0000000082b00000, 0x0000000082b00000, 0x0000000082c00000|  0%| F|  |TAMS 0x0000000082b00000, 0x0000000082b00000| Untracked 
|  44|0x0000000082c00000, 0x0000000082d00000, 0x0000000082d00000|100%| E|  |TAMS 0x0000000082c00000, 0x0000000082c00000| Complete 
|  45|0x0000000082d00000, 0x0000000082e00000, 0x0000000082e00000|100%| E|CS|TAMS 0x0000000082d00000, 0x0000000082d00000| Complete 
|  46|0x0000000082e00000, 0x0000000082f00000, 0x0000000082f00000|100%| E|CS|TAMS 0x0000000082e00000, 0x0000000082e00000| Complete 
|  47|0x0000000082f00000, 0x0000000083000000, 0x0000000083000000|100%| E|CS|TAMS 0x0000000082f00000, 0x0000000082f00000| Complete 
| 102|0x0000000086600000, 0x0000000086700000, 0x0000000086700000|100%| E|CS|TAMS 0x0000000086600000, 0x0000000086600000| Complete 
| 103|0x0000000086700000, 0x0000000086800000, 0x0000000086800000|100%| E|CS|TAMS 0x0000000086700000, 0x0000000086700000| Complete 
| 104|0x0000000086800000, 0x0000000086900000, 0x0000000086900000|100%| E|CS|TAMS 0x0000000086800000, 0x0000000086800000| Complete 
| 127|0x0000000087f00000, 0x0000000088000000, 0x0000000088000000|100%| E|CS|TAMS 0x0000000087f00000, 0x0000000087f00000| Complete 

Card table byte_map: [0x000001f8d44e0000,0x000001f8d48e0000] _byte_map_base: 0x000001f8d40e0000

Marking Bits (Prev, Next): (CMBitMap*) 0x000001f8c1ea0fb0, (CMBitMap*) 0x000001f8c1ea0f70
 Prev Bits: [0x000001f8d6ce0000, 0x000001f8d8ce0000)
 Next Bits: [0x000001f8d4ce0000, 0x000001f8d6ce0000)

Polling page: 0x000001f8bfe00000

Metaspace:

Usage:
  Non-class:     27.70 MB used.
      Class:      3.52 MB used.
       Both:     31.22 MB used.

Virtual space:
  Non-class space:       32.00 MB reserved,      27.81 MB ( 87%) committed,  4 nodes.
      Class space:        1.00 GB reserved,       3.63 MB ( <1%) committed,  1 nodes.
             Both:        1.03 GB reserved,      31.44 MB (  3%) committed. 

Chunk freelists:
   Non-Class:  80.00 KB
       Class:  199.00 KB
        Both:  279.00 KB

MaxMetaspaceSize: unlimited
CompressedClassSpaceSize: 1.00 GB
Initial GC threshold: 21.00 MB
Current GC threshold: 35.25 MB
CDS: off
MetaspaceReclaimPolicy: balanced
 - commit_granule_bytes: 65536.
 - commit_granule_words: 8192.
 - virtual_space_node_default_size: 1048576.
 - enlarge_chunks_in_place: 1.
 - new_chunks_are_fully_committed: 0.
 - uncommit_free_chunks: 1.
 - use_allocation_guard: 0.
 - handle_deallocations: 1.


Internal statistics:

num_allocs_failed_limit: 3.
num_arena_births: 178.
num_arena_deaths: 0.
num_vsnodes_births: 5.
num_vsnodes_deaths: 0.
num_space_committed: 503.
num_space_uncommitted: 0.
num_chunks_returned_to_freelist: 3.
num_chunks_taken_from_freelist: 724.
num_chunk_merges: 0.
num_chunk_splits: 482.
num_chunks_enlarged: 378.
num_purges: 0.
num_inconsistent_stats: 0.

CodeHeap 'non-profiled nmethods': size=120064Kb used=1030Kb max_used=1030Kb free=119033Kb
 bounds [0x000001f8ccfa0000, 0x000001f8cd210000, 0x000001f8d44e0000]
CodeHeap 'profiled nmethods': size=120000Kb used=4827Kb max_used=4827Kb free=115172Kb
 bounds [0x000001f8c5a70000, 0x000001f8c5f30000, 0x000001f8ccfa0000]
CodeHeap 'non-nmethods': size=5696Kb used=1288Kb max_used=1311Kb free=4407Kb
 bounds [0x000001f8c54e0000, 0x000001f8c5750000, 0x000001f8c5a70000]
 total_blobs=2996 nmethods=2397 adapters=512
 compilation: enabled
              stopped_count=0, restarted_count=0
 full_count=0

Compilation events (20 events):
Event: 7.791 Thread 0x000001f8dbc73760 2370       3       java.lang.Class::isLocalOrAnonymousClass (5 bytes)
Event: 7.791 Thread 0x000001f8dbc73760 nmethod 2370 0x000001f8c5f17690 code [0x000001f8c5f17840, 0x000001f8c5f17a38]
Event: 7.792 Thread 0x000001f8dbc73760 2371       1       java.util.Collections$EmptyList::isEmpty (2 bytes)
Event: 7.792 Thread 0x000001f8dbc73760 nmethod 2371 0x000001f8cd09fb90 code [0x000001f8cd09fd20, 0x000001f8cd09fdf8]
Event: 7.792 Thread 0x000001f8dbc73760 2372       3       java.lang.reflect.Modifier::isSynthetic (14 bytes)
Event: 7.792 Thread 0x000001f8dbc73760 nmethod 2372 0x000001f8c5f17b10 code [0x000001f8c5f17ca0, 0x000001f8c5f17df8]
Event: 7.793 Thread 0x000001f8dbc73760 2374       3       sun.reflect.annotation.AnnotationParser::parseMemberValue (230 bytes)
Event: 7.793 Thread 0x000001f8db121cb0 nmethod 2366 0x000001f8cd0a0290 code [0x000001f8cd0a0420, 0x000001f8cd0a0728]
Event: 7.794 Thread 0x000001f8db121cb0 2368       4       java.util.HashMap::hash (20 bytes)
Event: 7.794 Thread 0x000001f8db121cb0 nmethod 2368 0x000001f8cd0a0990 code [0x000001f8cd0a0b00, 0x000001f8cd0a0bd8]
Event: 7.795 Thread 0x000001f8dbc73760 nmethod 2374 0x000001f8c5f17e90 code [0x000001f8c5f183a0, 0x000001f8c5f1a9a8]
Event: 7.795 Thread 0x000001f8dbc73760 2377   !   3       java.io.BufferedWriter::write (117 bytes)
Event: 7.796 Thread 0x000001f8dbc73760 nmethod 2377 0x000001f8c5f1b610 code [0x000001f8c5f1b800, 0x000001f8c5f1bde8]
Event: 7.796 Thread 0x000001f8dbc73760 2375       1       org.testng.shaded.com.google.gson.reflect.TypeToken::hashCode (5 bytes)
Event: 7.796 Thread 0x000001f8dbc73760 nmethod 2375 0x000001f8cd0a0c90 code [0x000001f8cd0a0e20, 0x000001f8cd0a0ef8]
Event: 7.796 Thread 0x000001f8dbc73760 2378       3       java.io.BufferedWriter::min (9 bytes)
Event: 7.796 Thread 0x000001f8dbc73760 nmethod 2378 0x000001f8c5f1c190 code [0x000001f8c5f1c320, 0x000001f8c5f1c498]
Event: 7.796 Thread 0x000001f8dbc73760 2376       3       sun.reflect.generics.parser.SignatureParser::mark (9 bytes)
Event: 7.796 Thread 0x000001f8dbc73760 nmethod 2376 0x000001f8c5f1c510 code [0x000001f8c5f1c6a0, 0x000001f8c5f1c7b8]
Event: 7.798 Thread 0x000001f8db121cb0 2379   !   4       jdk.internal.loader.URLClassPath$JarLoader::getResource (354 bytes)

GC Heap History (14 events):
Event: 0.690 GC heap before
{Heap before GC invocations=0 (full 0):
 garbage-first heap   total 131072K, used 5120K [0x0000000080000000, 0x0000000100000000)
  region size 1024K, 6 young (6144K), 0 survivors (0K)
 Metaspace       used 5070K, committed 5184K, reserved 1056768K
  class space    used 416K, committed 512K, reserved 1048576K
}
Event: 0.695 GC heap after
{Heap after GC invocations=1 (full 0):
 garbage-first heap   total 131072K, used 3507K [0x0000000080000000, 0x0000000100000000)
  region size 1024K, 1 young (1024K), 1 survivors (1024K)
 Metaspace       used 5070K, committed 5184K, reserved 1056768K
  class space    used 416K, committed 512K, reserved 1048576K
}
Event: 1.131 GC heap before
{Heap before GC invocations=1 (full 0):
 garbage-first heap   total 131072K, used 8627K [0x0000000080000000, 0x0000000100000000)
  region size 1024K, 6 young (6144K), 1 survivors (1024K)
 Metaspace       used 8646K, committed 8832K, reserved 1056768K
  class space    used 757K, committed 896K, reserved 1048576K
}
Event: 1.135 GC heap after
{Heap after GC invocations=2 (full 0):
 garbage-first heap   total 131072K, used 6600K [0x0000000080000000, 0x0000000100000000)
  region size 1024K, 1 young (1024K), 1 survivors (1024K)
 Metaspace       used 8646K, committed 8832K, reserved 1056768K
  class space    used 757K, committed 896K, reserved 1048576K
}
Event: 1.862 GC heap before
{Heap before GC invocations=2 (full 0):
 garbage-first heap   total 131072K, used 13768K [0x0000000080000000, 0x0000000100000000)
  region size 1024K, 8 young (8192K), 1 survivors (1024K)
 Metaspace       used 13303K, committed 13440K, reserved 1064960K
  class space    used 1261K, committed 1344K, reserved 1048576K
}
Event: 1.872 GC heap after
{Heap after GC invocations=3 (full 0):
 garbage-first heap   total 131072K, used 8355K [0x0000000080000000, 0x0000000100000000)
  region size 1024K, 1 young (1024K), 1 survivors (1024K)
 Metaspace       used 13303K, committed 13440K, reserved 1064960K
  class space    used 1261K, committed 1344K, reserved 1048576K
}
Event: 3.755 GC heap before
{Heap before GC invocations=3 (full 0):
 garbage-first heap   total 131072K, used 28835K [0x0000000080000000, 0x0000000100000000)
  region size 1024K, 23 young (23552K), 1 survivors (1024K)
 Metaspace       used 21406K, committed 21504K, reserved 1073152K
  class space    used 2186K, committed 2240K, reserved 1048576K
}
Event: 3.764 GC heap after
{Heap after GC invocations=4 (full 0):
 garbage-first heap   total 131072K, used 10403K [0x0000000080000000, 0x0000000100000000)
  region size 1024K, 3 young (3072K), 3 survivors (3072K)
 Metaspace       used 21406K, committed 21504K, reserved 1073152K
  class space    used 2186K, committed 2240K, reserved 1048576K
}
Event: 5.157 GC heap before
{Heap before GC invocations=5 (full 0):
 garbage-first heap   total 40960K, used 30883K [0x0000000080000000, 0x0000000100000000)
  region size 1024K, 24 young (24576K), 3 survivors (3072K)
 Metaspace       used 27627K, committed 27840K, reserved 1081344K
  class space    used 3044K, committed 3136K, reserved 1048576K
}
Event: 5.172 GC heap after
{Heap after GC invocations=6 (full 0):
 garbage-first heap   total 40960K, used 12069K [0x0000000080000000, 0x0000000100000000)
  region size 1024K, 2 young (2048K), 2 survivors (2048K)
 Metaspace       used 27627K, committed 27840K, reserved 1081344K
  class space    used 3044K, committed 3136K, reserved 1048576K
}
Event: 5.227 GC heap before
{Heap before GC invocations=6 (full 0):
 garbage-first heap   total 40960K, used 13093K [0x0000000080000000, 0x0000000100000000)
  region size 1024K, 3 young (3072K), 2 survivors (2048K)
 Metaspace       used 27913K, committed 28160K, reserved 1081344K
  class space    used 3078K, committed 3200K, reserved 1048576K
}
Event: 5.233 GC heap after
{Heap after GC invocations=7 (full 0):
 garbage-first heap   total 40960K, used 12199K [0x0000000080000000, 0x0000000100000000)
  region size 1024K, 1 young (1024K), 1 survivors (1024K)
 Metaspace       used 27913K, committed 28160K, reserved 1081344K
  class space    used 3078K, committed 3200K, reserved 1048576K
}
Event: 5.574 GC heap before
{Heap before GC invocations=7 (full 0):
 garbage-first heap   total 40960K, used 18343K [0x0000000080000000, 0x0000000100000000)
  region size 1024K, 8 young (8192K), 1 survivors (1024K)
 Metaspace       used 29530K, committed 29696K, reserved 1081344K
  class space    used 3306K, committed 3392K, reserved 1048576K
}
Event: 5.579 GC heap after
{Heap after GC invocations=8 (full 0):
 garbage-first heap   total 53248K, used 12347K [0x0000000080000000, 0x0000000100000000)
  region size 1024K, 1 young (1024K), 1 survivors (1024K)
 Metaspace       used 29530K, committed 29696K, reserved 1081344K
  class space    used 3306K, committed 3392K, reserved 1048576K
}

Deoptimization events (20 events):
Event: 4.256 Thread 0x000001f8c1e46e90 DEOPT PACKING pc=0x000001f8cd00f490 sp=0x00000042b0efc2a0
Event: 4.256 Thread 0x000001f8c1e46e90 DEOPT UNPACKING pc=0x000001f8c553239d sp=0x00000042b0efc2b0 mode 2
Event: 4.303 Thread 0x000001f8c1e46e90 Uncommon trap: trap_request=0xffffff45 fr.pc=0x000001f8cd0445a4 relative=0x0000000000000584
Event: 4.303 Thread 0x000001f8c1e46e90 Uncommon trap: reason=unstable_if action=reinterpret pc=0x000001f8cd0445a4 method=java.lang.String.replace(CC)Ljava/lang/String; @ 2 c2
Event: 4.303 Thread 0x000001f8c1e46e90 DEOPT PACKING pc=0x000001f8cd0445a4 sp=0x00000042b0efd960
Event: 4.303 Thread 0x000001f8c1e46e90 DEOPT UNPACKING pc=0x000001f8c553239d sp=0x00000042b0efd910 mode 2
Event: 4.775 Thread 0x000001f8c1e46e90 Uncommon trap: trap_request=0xffffff45 fr.pc=0x000001f8cd062394 relative=0x00000000000016b4
Event: 4.775 Thread 0x000001f8c1e46e90 Uncommon trap: reason=unstable_if action=reinterpret pc=0x000001f8cd062394 method=jdk.internal.org.objectweb.asm.Type.getArgumentsAndReturnSizes(Ljava/lang/String;)I @ 123 c2
Event: 4.775 Thread 0x000001f8c1e46e90 DEOPT PACKING pc=0x000001f8cd062394 sp=0x00000042b0efbff0
Event: 4.775 Thread 0x000001f8c1e46e90 DEOPT UNPACKING pc=0x000001f8c553239d sp=0x00000042b0efbea8 mode 2
Event: 4.814 Thread 0x000001f8c1e46e90 DEOPT PACKING pc=0x000001f8c5e0ea8a sp=0x00000042b0efcbf0
Event: 4.814 Thread 0x000001f8c1e46e90 DEOPT UNPACKING pc=0x000001f8c5532b24 sp=0x00000042b0efc100 mode 0
Event: 7.547 Thread 0x000001f8c1e46e90 Uncommon trap: trap_request=0xffffff45 fr.pc=0x000001f8cd025914 relative=0x0000000000000cf4
Event: 7.547 Thread 0x000001f8c1e46e90 Uncommon trap: reason=unstable_if action=reinterpret pc=0x000001f8cd025914 method=java.util.concurrent.ConcurrentHashMap.putVal(Ljava/lang/Object;Ljava/lang/Object;Z)Ljava/lang/Object; @ 256 c2
Event: 7.547 Thread 0x000001f8c1e46e90 DEOPT PACKING pc=0x000001f8cd025914 sp=0x00000042b0efd1c0
Event: 7.547 Thread 0x000001f8c1e46e90 DEOPT UNPACKING pc=0x000001f8c553239d sp=0x00000042b0efd128 mode 2
Event: 7.605 Thread 0x000001f8c1e46e90 Uncommon trap: trap_request=0xffffff45 fr.pc=0x000001f8cd041c20 relative=0x0000000000000100
Event: 7.605 Thread 0x000001f8c1e46e90 Uncommon trap: reason=unstable_if action=reinterpret pc=0x000001f8cd041c20 method=java.lang.StringLatin1.lastIndexOf([BI[BII)I @ 86 c2
Event: 7.605 Thread 0x000001f8c1e46e90 DEOPT PACKING pc=0x000001f8cd041c20 sp=0x00000042b0efcb50
Event: 7.605 Thread 0x000001f8c1e46e90 DEOPT UNPACKING pc=0x000001f8c553239d sp=0x00000042b0efcaa8 mode 2

Classes unloaded (0 events):
No events

Classes redefined (0 events):
No events

Internal exceptions (20 events):
Event: 4.371 Thread 0x000001f8dd0716f0 Exception <a 'java/net/ConnectException'{0x00000000815b7fb0}: Connection refused: no further information> (0x00000000815b7fb0) 
thrown [e:\jenkins\tmp\workspace\build\src\src\hotspot\share\prims\jni.cpp, line 535]
Event: 4.371 Thread 0x000001f8dd0716f0 Exception <a 'java/net/SocketException'{0x00000000815b82e8}: Socket is not connected: shutdown> (0x00000000815b82e8) 
thrown [e:\jenkins\tmp\workspace\build\src\src\hotspot\share\prims\jni.cpp, line 535]
Event: 4.442 Thread 0x000001f8dd0716f0 Exception <a 'java/net/ConnectException'{0x00000000815b9330}: Connection refused: no further information> (0x00000000815b9330) 
thrown [e:\jenkins\tmp\workspace\build\src\src\hotspot\share\prims\jni.cpp, line 535]
Event: 4.442 Thread 0x000001f8dd0716f0 Exception <a 'java/net/SocketException'{0x00000000815b9668}: Socket is not connected: shutdown> (0x00000000815b9668) 
thrown [e:\jenkins\tmp\workspace\build\src\src\hotspot\share\prims\jni.cpp, line 535]
Event: 4.545 Thread 0x000001f8dd0716f0 Exception <a 'java/net/ConnectException'{0x00000000815ba6b0}: Connection refused: no further information> (0x00000000815ba6b0) 
thrown [e:\jenkins\tmp\workspace\build\src\src\hotspot\share\prims\jni.cpp, line 535]
Event: 4.545 Thread 0x000001f8dd0716f0 Exception <a 'java/net/SocketException'{0x00000000815ba9e8}: Socket is not connected: shutdown> (0x00000000815ba9e8) 
thrown [e:\jenkins\tmp\workspace\build\src\src\hotspot\share\prims\jni.cpp, line 535]
Event: 4.771 Thread 0x000001f8c1e46e90 Exception <a 'java/lang/NoSuchMethodError'{0x00000000814319f8}: 'int java.lang.invoke.DirectMethodHandle$Holder.invokeVirtual(java.lang.Object, java.lang.Object)'> (0x00000000814319f8) 
thrown [e:\jenkins\tmp\workspace\build\src\src\hotspot\share\interpreter\linkResolver.cpp, line 766]
Event: 4.774 Thread 0x000001f8c1e46e90 Exception <a 'java/lang/NoSuchMethodError'{0x00000000814381f0}: 'double java.lang.invoke.DirectMethodHandle$Holder.invokeVirtual(java.lang.Object, java.lang.Object)'> (0x00000000814381f0) 
thrown [e:\jenkins\tmp\workspace\build\src\src\hotspot\share\interpreter\linkResolver.cpp, line 766]
Event: 4.779 Thread 0x000001f8c1e46e90 Exception <a 'java/lang/NoSuchMethodError'{0x000000008143e998}: 'float java.lang.invoke.DirectMethodHandle$Holder.invokeVirtual(java.lang.Object, java.lang.Object)'> (0x000000008143e998) 
thrown [e:\jenkins\tmp\workspace\build\src\src\hotspot\share\interpreter\linkResolver.cpp, line 766]
Event: 4.783 Thread 0x000001f8c1e46e90 Exception <a 'java/lang/NoSuchMethodError'{0x00000000814479b0}: 'long java.lang.invoke.DirectMethodHandle$Holder.invokeVirtual(java.lang.Object, java.lang.Object)'> (0x00000000814479b0) 
thrown [e:\jenkins\tmp\workspace\build\src\src\hotspot\share\interpreter\linkResolver.cpp, line 766]
Event: 4.932 Thread 0x000001f8c1e46e90 Exception <a 'java/lang/NoSuchMethodError'{0x00000000813af590}: 'void java.lang.invoke.DirectMethodHandle$Holder.invokeSpecial(java.lang.Object, java.lang.Object, java.lang.Object, java.lang.Object, java.lang.Object)'> (0x00000000813af590) 
thrown [e:\jenkins\tmp\workspace\build\src\src\hotspot\share\interpreter\linkResolver.cpp, line 766]
Event: 4.936 Thread 0x000001f8c1e46e90 Exception <a 'java/lang/NoSuchMethodError'{0x00000000813b6570}: 'void java.lang.invoke.DirectMethodHandle$Holder.invokeStatic(java.lang.Object, java.lang.Object, int)'> (0x00000000813b6570) 
thrown [e:\jenkins\tmp\workspace\build\src\src\hotspot\share\interpreter\linkResolver.cpp, line 766]
Event: 4.997 Thread 0x000001f8c1e46e90 Exception <a 'java/lang/NoSuchMethodError'{0x0000000081276600}: 'java.lang.Object java.lang.invoke.DirectMethodHandle$Holder.newInvokeSpecial(java.lang.Object, java.lang.Object, java.lang.Object, java.lang.Object, java.lang.Object)'> (0x0000000081276600) 
thrown [e:\jenkins\tmp\workspace\build\src\src\hotspot\share\interpreter\linkResolver.cpp, line 766]
Event: 5.057 Thread 0x000001f8c1e46e90 Exception <a 'java/lang/NoSuchMethodError'{0x0000000081150d00}: 'int java.lang.invoke.DirectMethodHandle$Holder.invokeSpecialIFC(java.lang.Object, java.lang.Object, java.lang.Object)'> (0x0000000081150d00) 
thrown [e:\jenkins\tmp\workspace\build\src\src\hotspot\share\interpreter\linkResolver.cpp, line 766]
Event: 5.134 Thread 0x000001f8c1e46e90 Exception <a 'java/lang/NoSuchMethodError'{0x0000000081082750}: 'void java.lang.invoke.DirectMethodHandle$Holder.invokeStatic(java.lang.Object, java.lang.Object, java.lang.Object, java.lang.Object)'> (0x0000000081082750) 
thrown [e:\jenkins\tmp\workspace\build\src\src\hotspot\share\interpreter\linkResolver.cpp, line 766]
Event: 5.266 Thread 0x000001f8c1e46e90 Exception <a 'java/lang/NoSuchMethodError'{0x0000000087f842d8}: 'void java.lang.invoke.DirectMethodHandle$Holder.invokeSpecial(java.lang.Object, java.lang.Object, java.lang.Object, java.lang.Object, java.lang.Object, java.lang.Object)'> (0x0000000087f842d8) 
thrown [e:\jenkins\tmp\workspace\build\src\src\hotspot\share\interpreter\linkResolver.cpp, line 766]
Event: 7.495 Thread 0x000001f8c1e46e90 Exception <a 'java/lang/NoSuchMethodError'{0x0000000086793970}: 'java.lang.Object java.lang.invoke.DirectMethodHandle$Holder.invokeSpecialIFC(java.lang.Object, java.lang.Object, java.lang.Object)'> (0x0000000086793970) 
thrown [e:\jenkins\tmp\workspace\build\src\src\hotspot\share\interpreter\linkResolver.cpp, line 766]
Event: 7.549 Thread 0x000001f8c1e46e90 Exception <a 'java/lang/NoSuchMethodError'{0x0000000086662418}: 'java.lang.Object java.lang.invoke.DirectMethodHandle$Holder.invokeStatic(java.lang.Object, int, java.lang.Object)'> (0x0000000086662418) 
thrown [e:\jenkins\tmp\workspace\build\src\src\hotspot\share\interpreter\linkResolver.cpp, line 766]
Event: 7.572 Thread 0x000001f8c1e46e90 Exception <a 'java/lang/ClassNotFoundException'{0x0000000086693ee8}: sun/util/logging/resources/spi/loggingProvider> (0x0000000086693ee8) 
thrown [e:\jenkins\tmp\workspace\build\src\src\hotspot\share\classfile\systemDictionary.cpp, line 256]
Event: 7.783 Thread 0x000001f8c1e46e90 Exception <a 'java/lang/reflect/InvocationTargetException'{0x0000000082ef6438}> (0x0000000082ef6438) 
thrown [e:\jenkins\tmp\workspace\build\src\src\hotspot\share\runtime\reflection.cpp, line 1121]

VM Operations (20 events):
Event: 3.755 Executing VM operation: CollectForMetadataAllocation
Event: 3.765 Executing VM operation: CollectForMetadataAllocation done
Event: 3.772 Executing VM operation: G1Concurrent
Event: 3.774 Executing VM operation: G1Concurrent done
Event: 3.777 Executing VM operation: G1Concurrent
Event: 3.778 Executing VM operation: G1Concurrent done
Event: 4.073 Executing VM operation: HandshakeAllThreads
Event: 4.073 Executing VM operation: HandshakeAllThreads done
Event: 5.073 Executing VM operation: Cleanup
Event: 5.073 Executing VM operation: Cleanup done
Event: 5.157 Executing VM operation: G1CollectForAllocation
Event: 5.172 Executing VM operation: G1CollectForAllocation done
Event: 5.227 Executing VM operation: G1CollectForAllocation
Event: 5.233 Executing VM operation: G1CollectForAllocation done
Event: 5.574 Executing VM operation: G1TryInitiateConcMark
Event: 5.579 Executing VM operation: G1TryInitiateConcMark done
Event: 6.579 Executing VM operation: Cleanup
Event: 6.579 Executing VM operation: Cleanup done
Event: 7.528 Executing VM operation: HandshakeAllThreads
Event: 7.528 Executing VM operation: HandshakeAllThreads done

Events (20 events):
Event: 7.706 loading class java/util/concurrent/locks/ReentrantReadWriteLock$ReadLock done
Event: 7.706 loading class java/util/concurrent/locks/ReentrantReadWriteLock$WriteLock
Event: 7.706 loading class java/util/concurrent/locks/ReentrantReadWriteLock$WriteLock done
Event: 7.717 loading class java/util/Base64
Event: 7.717 loading class java/util/Base64 done
Event: 7.717 loading class java/util/Base64$Encoder
Event: 7.717 loading class java/util/Base64$Encoder done
Event: 7.718 Thread 0x000001f8dd071220 Thread added: 0x000001f8dd071220
Event: 7.720 loading class java/util/concurrent/CompletableFuture$UniExceptionally
Event: 7.720 loading class java/util/concurrent/CompletableFuture$UniCompletion
Event: 7.720 loading class java/util/concurrent/CompletableFuture$UniCompletion done
Event: 7.720 loading class java/util/concurrent/CompletableFuture$UniExceptionally done
Event: 7.725 loading class java/lang/Throwable$WrappedPrintWriter
Event: 7.725 loading class java/lang/Throwable$PrintStreamOrWriter
Event: 7.725 loading class java/lang/Throwable$PrintStreamOrWriter done
Event: 7.725 loading class java/lang/Throwable$WrappedPrintWriter done
Event: 7.725 loading class java/lang/StackTraceElement$HashedModules
Event: 7.725 loading class java/lang/StackTraceElement$HashedModules done
Event: 7.795 loading class jdk/internal/reflect/UnsafeLongFieldAccessorImpl
Event: 7.795 loading class jdk/internal/reflect/UnsafeLongFieldAccessorImpl done


Dynamic libraries:
0x00007ff6853a0000 - 0x00007ff6853ae000 	C:\Users\divyasree.telaprolu\.p2\pool\plugins\org.eclipse.justj.openjdk.hotspot.jre.full.win32.x86_64_17.0.3.v20220515-1416\jre\bin\javaw.exe
0x00007ffbace20000 - 0x00007ffbad00d000 	C:\windows\SYSTEM32\ntdll.dll
0x00007ffbac6a0000 - 0x00007ffbac753000 	C:\windows\System32\KERNEL32.DLL
0x00007ffba9cd0000 - 0x00007ffba9f65000 	C:\windows\System32\KERNELBASE.dll
0x00007ffba9930000 - 0x00007ffba9a2a000 	C:\windows\System32\ucrtbase.dll
0x00007ffb94bb0000 - 0x00007ffb94bc8000 	C:\Users\divyasree.telaprolu\.p2\pool\plugins\org.eclipse.justj.openjdk.hotspot.jre.full.win32.x86_64_17.0.3.v20220515-1416\jre\bin\jli.dll
0x00007ffbabda0000 - 0x00007ffbabf38000 	C:\windows\System32\USER32.dll
0x00007ffba9cb0000 - 0x00007ffba9cd0000 	C:\windows\System32\win32u.dll
0x00007ffbac770000 - 0x00007ffbac799000 	C:\windows\System32\GDI32.dll
0x00007ffba9b10000 - 0x00007ffba9cac000 	C:\windows\System32\gdi32full.dll
0x00007ffba9890000 - 0x00007ffba9930000 	C:\windows\System32\msvcp_win.dll
0x00007ffb8b790000 - 0x00007ffb8b7a9000 	C:\Users\divyasree.telaprolu\.p2\pool\plugins\org.eclipse.justj.openjdk.hotspot.jre.full.win32.x86_64_17.0.3.v20220515-1416\jre\bin\VCRUNTIME140.dll
0x00007ffb95380000 - 0x00007ffb955f9000 	C:\windows\WinSxS\amd64_microsoft.windows.common-controls_6595b64144ccf1df_6.0.17763.2061_none_de73cf545348ec45\COMCTL32.dll
0x00007ffbab690000 - 0x00007ffbab72e000 	C:\windows\System32\msvcrt.dll
0x00007ffbacac0000 - 0x00007ffbacded000 	C:\windows\System32\combase.dll
0x00007ffbac7a0000 - 0x00007ffbac8bf000 	C:\windows\System32\RPCRT4.dll
0x00007ffba9a80000 - 0x00007ffba9b02000 	C:\windows\System32\bcryptPrimitives.dll
0x00007ffbabc40000 - 0x00007ffbabc6e000 	C:\windows\System32\IMM32.DLL
0x00007ffb91320000 - 0x00007ffb9132c000 	C:\Users\divyasree.telaprolu\.p2\pool\plugins\org.eclipse.justj.openjdk.hotspot.jre.full.win32.x86_64_17.0.3.v20220515-1416\jre\bin\vcruntime140_1.dll
0x00007ffb71920000 - 0x00007ffb719b1000 	C:\Users\divyasree.telaprolu\.p2\pool\plugins\org.eclipse.justj.openjdk.hotspot.jre.full.win32.x86_64_17.0.3.v20220515-1416\jre\bin\msvcp140.dll
0x00007ffb5f8e0000 - 0x00007ffb60528000 	C:\Users\divyasree.telaprolu\.p2\pool\plugins\org.eclipse.justj.openjdk.hotspot.jre.full.win32.x86_64_17.0.3.v20220515-1416\jre\bin\server\jvm.dll
0x00007ffbabf40000 - 0x00007ffbabfe4000 	C:\windows\System32\ADVAPI32.dll
0x00007ffbac8c0000 - 0x00007ffbac95e000 	C:\windows\System32\sechost.dll
0x00007ffbab680000 - 0x00007ffbab688000 	C:\windows\System32\PSAPI.DLL
0x00007ffb957e0000 - 0x00007ffb957e9000 	C:\windows\SYSTEM32\WSOCK32.dll
0x00007ffbab610000 - 0x00007ffbab67d000 	C:\windows\System32\WS2_32.dll
0x00007ffba7040000 - 0x00007ffba7064000 	C:\windows\SYSTEM32\WINMM.dll
0x00007ffb9fc20000 - 0x00007ffb9fc2a000 	C:\windows\SYSTEM32\VERSION.dll
0x00007ffba7010000 - 0x00007ffba703d000 	C:\windows\SYSTEM32\WINMMBASE.dll
0x00007ffba9a30000 - 0x00007ffba9a7a000 	C:\windows\System32\cfgmgr32.dll
0x00007ffba8e00000 - 0x00007ffba8e11000 	C:\windows\System32\kernel.appcore.dll
0x00007ffb962d0000 - 0x00007ffb962da000 	C:\Users\divyasree.telaprolu\.p2\pool\plugins\org.eclipse.justj.openjdk.hotspot.jre.full.win32.x86_64_17.0.3.v20220515-1416\jre\bin\jimage.dll
0x00007ffb9fa30000 - 0x00007ffb9fc1d000 	C:\windows\SYSTEM32\DBGHELP.DLL
0x00007ffb9bde0000 - 0x00007ffb9be0a000 	C:\windows\SYSTEM32\dbgcore.DLL
0x00007ffb95260000 - 0x00007ffb95285000 	C:\Users\divyasree.telaprolu\.p2\pool\plugins\org.eclipse.justj.openjdk.hotspot.jre.full.win32.x86_64_17.0.3.v20220515-1416\jre\bin\java.dll
0x00007ffb952d0000 - 0x00007ffb952e8000 	C:\Users\divyasree.telaprolu\.p2\pool\plugins\org.eclipse.justj.openjdk.hotspot.jre.full.win32.x86_64_17.0.3.v20220515-1416\jre\bin\zip.dll
0x00007ffbaa0b0000 - 0x00007ffbab5a9000 	C:\windows\System32\SHELL32.dll
0x00007ffbab730000 - 0x00007ffbab7d8000 	C:\windows\System32\shcore.dll
0x00007ffba90e0000 - 0x00007ffba982b000 	C:\windows\System32\windows.storage.dll
0x00007ffba8e40000 - 0x00007ffba8e64000 	C:\windows\System32\profapi.dll
0x00007ffba8e70000 - 0x00007ffba8ecd000 	C:\windows\System32\powrprof.dll
0x00007ffbac640000 - 0x00007ffbac692000 	C:\windows\System32\shlwapi.dll
0x00007ffba90c0000 - 0x00007ffba90d7000 	C:\windows\System32\cryptsp.dll
0x00007ffb95150000 - 0x00007ffb95169000 	C:\Users\divyasree.telaprolu\.p2\pool\plugins\org.eclipse.justj.openjdk.hotspot.jre.full.win32.x86_64_17.0.3.v20220515-1416\jre\bin\net.dll
0x00007ffba4bf0000 - 0x00007ffba4ce1000 	C:\windows\SYSTEM32\WINHTTP.dll
0x00007ffba85d0000 - 0x00007ffba8637000 	C:\windows\system32\mswsock.dll
0x00007ffb95050000 - 0x00007ffb95065000 	C:\Users\divyasree.telaprolu\.p2\pool\plugins\org.eclipse.justj.openjdk.hotspot.jre.full.win32.x86_64_17.0.3.v20220515-1416\jre\bin\nio.dll
0x00007ffb952b0000 - 0x00007ffb952c0000 	C:\Users\divyasree.telaprolu\.p2\pool\plugins\org.eclipse.justj.openjdk.hotspot.jre.full.win32.x86_64_17.0.3.v20220515-1416\jre\bin\verify.dll
0x00007ffba8330000 - 0x00007ffba83f6000 	C:\windows\SYSTEM32\DNSAPI.dll
0x00007ffbac760000 - 0x00007ffbac768000 	C:\windows\System32\NSI.dll
0x00007ffba82f0000 - 0x00007ffba832d000 	C:\windows\SYSTEM32\IPHLPAPI.DLL
0x00007ffba2ce0000 - 0x00007ffba2cea000 	C:\Windows\System32\rasadhlp.dll
0x00007ffba5220000 - 0x00007ffba5299000 	C:\windows\System32\fwpuclnt.dll
0x00007ffba9f70000 - 0x00007ffba9f96000 	C:\windows\System32\bcrypt.dll
0x00007ffba8160000 - 0x00007ffba8193000 	C:\windows\system32\rsaenh.dll
0x00007ffba8d00000 - 0x00007ffba8d29000 	C:\windows\SYSTEM32\USERENV.dll
0x00007ffba87a0000 - 0x00007ffba87ac000 	C:\windows\SYSTEM32\CRYPTBASE.dll
0x00007ffba50b0000 - 0x00007ffba50c6000 	C:\windows\SYSTEM32\dhcpcsvc6.DLL
0x00007ffba5090000 - 0x00007ffba50ac000 	C:\windows\SYSTEM32\dhcpcsvc.DLL
0x00007ffb94d70000 - 0x00007ffb94d7e000 	C:\Users\divyasree.telaprolu\.p2\pool\plugins\org.eclipse.justj.openjdk.hotspot.jre.full.win32.x86_64_17.0.3.v20220515-1416\jre\bin\sunmscapi.dll
0x00007ffba8ed0000 - 0x00007ffba90b3000 	C:\windows\System32\CRYPT32.dll
0x00007ffba8e20000 - 0x00007ffba8e32000 	C:\windows\System32\MSASN1.dll
0x00007ffba88c0000 - 0x00007ffba88e6000 	C:\windows\SYSTEM32\ncrypt.dll
0x00007ffba8880000 - 0x00007ffba88bc000 	C:\windows\SYSTEM32\NTASN1.dll
0x00007ffb94b40000 - 0x00007ffb94b49000 	C:\Users\divyasree.telaprolu\.p2\pool\plugins\org.eclipse.justj.openjdk.hotspot.jre.full.win32.x86_64_17.0.3.v20220515-1416\jre\bin\management.dll
0x00007ffb93d00000 - 0x00007ffb93d0b000 	C:\Users\divyasree.telaprolu\.p2\pool\plugins\org.eclipse.justj.openjdk.hotspot.jre.full.win32.x86_64_17.0.3.v20220515-1416\jre\bin\management_ext.dll
0x00007ffb96350000 - 0x00007ffb96357000 	C:\windows\system32\wshunix.dll
0x00007ffba0260000 - 0x00007ffba0276000 	C:\windows\system32\napinsp.dll
0x00007ffba0280000 - 0x00007ffba029a000 	C:\windows\system32\pnrpnsp.dll
0x00007ffba03a0000 - 0x00007ffba03ae000 	C:\windows\System32\winrnr.dll
0x00007ffba5720000 - 0x00007ffba573b000 	C:\windows\system32\NLAapi.dll
0x00007ffba03d0000 - 0x00007ffba03e5000 	C:\windows\system32\wshbth.dll

dbghelp: loaded successfully - version: 4.0.5 - missing functions: none
symbol engine: initialized successfully - sym options: 0x614 - pdb path: .;C:\Users\divyasree.telaprolu\.p2\pool\plugins\org.eclipse.justj.openjdk.hotspot.jre.full.win32.x86_64_17.0.3.v20220515-1416\jre\bin;C:\windows\SYSTEM32;C:\windows\WinSxS\amd64_microsoft.windows.common-controls_6595b64144ccf1df_6.0.17763.2061_none_de73cf545348ec45;C:\Users\divyasree.telaprolu\.p2\pool\plugins\org.eclipse.justj.openjdk.hotspot.jre.full.win32.x86_64_17.0.3.v20220515-1416\jre\bin\server

VM Arguments:
jvm_args: -ea -Dfile.encoding=UTF-8 -XX:+ShowCodeDetailsInExceptionMessages 
java_command: org.testng.remote.RemoteTestNG -serport 60395 -protocol json -d C:\ADL Automation Git\adle2eautomation\test-output C:\Users\DIVYAS~1.TEL\AppData\Local\Temp\testng-eclipse-538729264\testng-customsuite.xml
java_class_path (initial): C:\Users\divyasree.telaprolu\eclipse\java-2022-06\eclipse\configuration\org.eclipse.osgi\431\0\.cp\lib\testng-remote.jar;C:\ADL Automation Git\adle2eautomation\target\test-classes;C:\ADL Automation Git\adle2eautomation\target\classes;C:\Users\divyasree.telaprolu\.m2\repository\org\seleniumhq\selenium\selenium-java\4.0.0\selenium-java-4.0.0.jar;C:\Users\divyasree.telaprolu\.m2\repository\org\seleniumhq\selenium\selenium-api\4.0.0\selenium-api-4.0.0.jar;C:\Users\divyasree.telaprolu\.m2\repository\org\seleniumhq\selenium\selenium-chrome-driver\4.0.0\selenium-chrome-driver-4.0.0.jar;C:\Users\divyasree.telaprolu\.m2\repository\com\google\auto\service\auto-service-annotations\1.0\auto-service-annotations-1.0.jar;C:\Users\divyasree.telaprolu\.m2\repository\com\google\auto\service\auto-service\1.0\auto-service-1.0.jar;C:\Users\divyasree.telaprolu\.m2\repository\com\google\auto\auto-common\1.0\auto-common-1.0.jar;C:\Users\divyasree.telaprolu\.m2\repository\com\google\guava\guava\31.0.1-jre\guava-31.0.1-jre.jar;C:\Users\divyasree.telaprolu\.m2\repository\com\google\guava\failureaccess\1.0.1\failureaccess-1.0.1.jar;C:\Users\divyasree.telaprolu\.m2\repository\com\google\guava\listenablefuture\9999.0-empty-to-avoid-conflict-with-guava\listenablefuture-9999.0-empty-to-avoid-conflict-with-guava.jar;C:\Users\divyasree.telaprolu\.m2\repository\com\google\code\findbugs\jsr305\3.0.2\jsr305-3.0.2.jar;C:\Users\divyasree.telaprolu\.m2\repository\org\checkerframework\checker-qual\3.12.0\checker-qual-3.12.0.jar;C:\Users\divyasree.telaprolu\.m2\repository\com\google\errorprone\error_prone_annotations\2.7.1\error_prone_annotations-2.7.1.jar;C:\Users\divyasree.telaprolu\.m2\repository\com\google\j2objc\j2objc-annotations\1.3\j2objc-annotations-1.3.jar;C:\Users\divyasree.telaprolu\.m2\repository\org\seleniumhq\selenium\selenium-chromium-driver\4.0.0\selenium-chromium-driver-4.0.0.jar;C:\Users\divyasree.telaprolu\.m2\repository\org\seleniumhq\selenium\selenium-json\
Launcher Type: SUN_STANDARD

[Global flags]
     intx CICompilerCount                          = 2                                         {product} {ergonomic}
     uint ConcGCThreads                            = 1                                         {product} {ergonomic}
     uint G1ConcRefinementThreads                  = 2                                         {product} {ergonomic}
   size_t G1HeapRegionSize                         = 1048576                                   {product} {ergonomic}
    uintx GCDrainStackTargetSize                   = 64                                        {product} {ergonomic}
   size_t InitialHeapSize                          = 134217728                                 {product} {ergonomic}
   size_t MarkStackSize                            = 4194304                                   {product} {ergonomic}
   size_t MaxHeapSize                              = 2147483648                                {product} {ergonomic}
   size_t MaxNewSize                               = 1287651328                                {product} {ergonomic}
   size_t MinHeapDeltaBytes                        = 1048576                                   {product} {ergonomic}
   size_t MinHeapSize                              = 8388608                                   {product} {ergonomic}
    uintx NonNMethodCodeHeapSize                   = 5826188                                {pd product} {ergonomic}
    uintx NonProfiledCodeHeapSize                  = 122916026                              {pd product} {ergonomic}
    uintx ProfiledCodeHeapSize                     = 122916026                              {pd product} {ergonomic}
    uintx ReservedCodeCacheSize                    = 251658240                              {pd product} {ergonomic}
     bool SegmentedCodeCache                       = true                                      {product} {ergonomic}
     bool ShowCodeDetailsInExceptionMessages       = true                                   {manageable} {command line}
   size_t SoftMaxHeapSize                          = 2147483648                             {manageable} {ergonomic}
     bool UseCompressedClassPointers               = true                           {product lp64_product} {ergonomic}
     bool UseCompressedOops                        = true                           {product lp64_product} {ergonomic}
     bool UseG1GC                                  = true                                      {product} {ergonomic}
     bool UseLargePagesIndividualAllocation        = false                                  {pd product} {ergonomic}

Logging:
Log output configuration:
 #0: stdout all=warning uptime,level,tags
 #1: stderr all=off uptime,level,tags

Environment Variables:
PATH=C:/Users/divyasree.telaprolu/.p2/pool/plugins/org.eclipse.justj.openjdk.hotspot.jre.full.win32.x86_64_17.0.3.v20220515-1416/jre/bin/server;C:/Users/divyasree.telaprolu/.p2/pool/plugins/org.eclipse.justj.openjdk.hotspot.jre.full.win32.x86_64_17.0.3.v20220515-1416/jre/bin;C:\Program Files (x86)\Common Files\Oracle\Java\javapath;C:\windows\system32;C:\windows;C:\windows\System32\Wbem;C:\windows\System32\WindowsPowerShell\v1.0\;C:\windows\System32\OpenSSH\;C:\Program Files (x86)\Microsoft SQL Server\Client SDK\ODBC\130\Tools\Binn\;C:\Program Files (x86)\Microsoft SQL Server\130\Tools\Binn\;C:\Program Files (x86)\Microsoft SQL Server\130\DTS\Binn\;C:\Program Files (x86)\Microsoft SQL Server\130\Tools\Binn\ManagementStudio\;C:\AUL\apache-maven-3.6.3-bin\apache-maven-3.6.3\bin;C:\Program Files\Git\cmd;C:\Program Files\Microsoft SQL Server\130\Tools\Binn\;C:\Program Files\Microsoft SQL Server\Client SDK\ODBC\170\Tools\Binn\;C:\Program Files\dotnet\;C:\Program Files\Microsoft VS Code\bin;C:\Users\divyasree.telaprolu\AppData\Local\Microsoft\WindowsApps;;C:\Users\divyasree.telaprolu\Desktop;
USERNAME=divyasree.telaprolu
OS=Windows_NT
PROCESSOR_IDENTIFIER=Intel64 Family 6 Model 45 Stepping 7, GenuineIntel



---------------  S Y S T E M  ---------------

OS:
 Windows 10 , 64 bit Build 17763 (10.0.17763.2028)
OS uptime: 40 days 3:05 hours
Hyper-V virtualization detected

CPU: total 2 (initial active 2) (2 cores per cpu, 1 threads per core) family 6 model 45 stepping 7 microcode 0xffffffff, cx8, cmov, fxsr, mmx, sse, sse2, sse3, tsc, clflush, hv

Memory: 4k page, system-wide physical 8189M (425M free)
TotalPageFile size 12285M (AvailPageFile size 4M)
current process WorkingSet (physical memory assigned to process): 174M, peak: 174M
current process commit charge ("private bytes"): 205M, peak: 228M

vm_info: OpenJDK 64-Bit Server VM (17.0.3+7) for windows-amd64 JRE (17.0.3+7), built on Apr 19 2022 16:55:35 by "" with MS VC++ 16.7 (VS2019)

END.
